DEBUG - 2025-03-20 00:51:21 --> Session: Class initialized using 'CodeIgniter\Session\Handlers\FileHandler' driver.
ERROR - 2025-03-20 00:51:37 --> Error connecting to the database: mysqli_sql_exception: Access denied for user 'root'@'localhost' (using password: YES) in C:\Users\Warvin\OneDrive\Desktop\My Files\DigitalSportsHub\system\Database\MySQLi\Connection.php:201
Stack trace:
#0 C:\Users\Warvin\OneDrive\Desktop\My Files\DigitalSportsHub\system\Database\MySQLi\Connection.php(201): mysqli->real_connect()
#1 C:\Users\Warvin\OneDrive\Desktop\My Files\DigitalSportsHub\system\Database\BaseConnection.php(421): CodeIgniter\Database\MySQLi\Connection->connect()
#2 C:\Users\Warvin\OneDrive\Desktop\My Files\DigitalSportsHub\system\Database\BaseConnection.php(620): CodeIgniter\Database\BaseConnection->initialize()
#3 C:\Users\Warvin\OneDrive\Desktop\My Files\DigitalSportsHub\system\Database\BaseBuilder.php(1649): CodeIgniter\Database\BaseConnection->query()
#4 C:\Users\Warvin\OneDrive\Desktop\My Files\DigitalSportsHub\system\Validation\Rules.php(132): CodeIgniter\Database\BaseBuilder->get()
#5 C:\Users\Warvin\OneDrive\Desktop\My Files\DigitalSportsHub\system\Validation\StrictRules\Rules.php(148): CodeIgniter\Validation\Rules->is_not_unique()
#6 C:\Users\Warvin\OneDrive\Desktop\My Files\DigitalSportsHub\system\Validation\Validation.php(337): CodeIgniter\Validation\StrictRules\Rules->is_not_unique()
#7 C:\Users\Warvin\OneDrive\Desktop\My Files\DigitalSportsHub\system\Validation\Validation.php(202): CodeIgniter\Validation\Validation->processRules()
#8 C:\Users\Warvin\OneDrive\Desktop\My Files\DigitalSportsHub\system\Controller.php(138): CodeIgniter\Validation\Validation->run()
#9 C:\Users\Warvin\OneDrive\Desktop\My Files\DigitalSportsHub\app\Controllers\Home.php(35): CodeIgniter\Controller->validate()
#10 C:\Users\Warvin\OneDrive\Desktop\My Files\DigitalSportsHub\system\CodeIgniter.php(933): App\Controllers\Home->checkAccount()
#11 C:\Users\Warvin\OneDrive\Desktop\My Files\DigitalSportsHub\system\CodeIgniter.php(507): CodeIgniter\CodeIgniter->runController()
#12 C:\Users\Warvin\OneDrive\Desktop\My Files\DigitalSportsHub\system\CodeIgniter.php(354): CodeIgniter\CodeIgniter->handleRequest()
#13 C:\Users\Warvin\OneDrive\Desktop\My Files\DigitalSportsHub\system\Boot.php(334): CodeIgniter\CodeIgniter->run()
#14 C:\Users\Warvin\OneDrive\Desktop\My Files\DigitalSportsHub\system\Boot.php(67): CodeIgniter\Boot::runCodeIgniter()
#15 C:\Users\Warvin\OneDrive\Desktop\My Files\DigitalSportsHub\public\index.php(56): CodeIgniter\Boot::bootWeb()
#16 C:\Users\Warvin\OneDrive\Desktop\My Files\DigitalSportsHub\system\rewrite.php(44): require_once('...')
#17 {main}

Next CodeIgniter\Database\Exceptions\DatabaseException: Access denied for user '****'@'localhost' (using password: YES) in C:\Users\Warvin\OneDrive\Desktop\My Files\DigitalSportsHub\system\Database\MySQLi\Connection.php:246
Stack trace:
#0 C:\Users\Warvin\OneDrive\Desktop\My Files\DigitalSportsHub\system\Database\BaseConnection.php(421): CodeIgniter\Database\MySQLi\Connection->connect()
#1 C:\Users\Warvin\OneDrive\Desktop\My Files\DigitalSportsHub\system\Database\BaseConnection.php(620): CodeIgniter\Database\BaseConnection->initialize()
#2 C:\Users\Warvin\OneDrive\Desktop\My Files\DigitalSportsHub\system\Database\BaseBuilder.php(1649): CodeIgniter\Database\BaseConnection->query()
#3 C:\Users\Warvin\OneDrive\Desktop\My Files\DigitalSportsHub\system\Validation\Rules.php(132): CodeIgniter\Database\BaseBuilder->get()
#4 C:\Users\Warvin\OneDrive\Desktop\My Files\DigitalSportsHub\system\Validation\StrictRules\Rules.php(148): CodeIgniter\Validation\Rules->is_not_unique()
#5 C:\Users\Warvin\OneDrive\Desktop\My Files\DigitalSportsHub\system\Validation\Validation.php(337): CodeIgniter\Validation\StrictRules\Rules->is_not_unique()
#6 C:\Users\Warvin\OneDrive\Desktop\My Files\DigitalSportsHub\system\Validation\Validation.php(202): CodeIgniter\Validation\Validation->processRules()
#7 C:\Users\Warvin\OneDrive\Desktop\My Files\DigitalSportsHub\system\Controller.php(138): CodeIgniter\Validation\Validation->run()
#8 C:\Users\Warvin\OneDrive\Desktop\My Files\DigitalSportsHub\app\Controllers\Home.php(35): CodeIgniter\Controller->validate()
#9 C:\Users\Warvin\OneDrive\Desktop\My Files\DigitalSportsHub\system\CodeIgniter.php(933): App\Controllers\Home->checkAccount()
#10 C:\Users\Warvin\OneDrive\Desktop\My Files\DigitalSportsHub\system\CodeIgniter.php(507): CodeIgniter\CodeIgniter->runController()
#11 C:\Users\Warvin\OneDrive\Desktop\My Files\DigitalSportsHub\system\CodeIgniter.php(354): CodeIgniter\CodeIgniter->handleRequest()
#12 C:\Users\Warvin\OneDrive\Desktop\My Files\DigitalSportsHub\system\Boot.php(334): CodeIgniter\CodeIgniter->run()
#13 C:\Users\Warvin\OneDrive\Desktop\My Files\DigitalSportsHub\system\Boot.php(67): CodeIgniter\Boot::runCodeIgniter()
#14 C:\Users\Warvin\OneDrive\Desktop\My Files\DigitalSportsHub\public\index.php(56): CodeIgniter\Boot::bootWeb()
#15 C:\Users\Warvin\OneDrive\Desktop\My Files\DigitalSportsHub\system\rewrite.php(44): require_once('...')
#16 {main}
CRITICAL - 2025-03-20 00:51:37 --> CodeIgniter\Database\Exceptions\DatabaseException: Unable to connect to the database.
Main connection [MySQLi]: Access denied for user '****'@'localhost' (using password: YES)
[Method: POST, Route: check]
in SYSTEMPATH\Database\BaseConnection.php on line 467.
 1 SYSTEMPATH\Database\BaseConnection.php(620): CodeIgniter\Database\BaseConnection->initialize()
 2 SYSTEMPATH\Database\BaseBuilder.php(1649): CodeIgniter\Database\BaseConnection->query()
 3 SYSTEMPATH\Validation\Rules.php(132): CodeIgniter\Database\BaseBuilder->get()
 4 SYSTEMPATH\Validation\StrictRules\Rules.php(148): CodeIgniter\Validation\Rules->is_not_unique()
 5 SYSTEMPATH\Validation\Validation.php(337): CodeIgniter\Validation\StrictRules\Rules->is_not_unique()
 6 SYSTEMPATH\Validation\Validation.php(202): CodeIgniter\Validation\Validation->processRules()
 7 SYSTEMPATH\Controller.php(138): CodeIgniter\Validation\Validation->run()
 8 APPPATH\Controllers\Home.php(35): CodeIgniter\Controller->validate()
 9 SYSTEMPATH\CodeIgniter.php(933): App\Controllers\Home->checkAccount()
10 SYSTEMPATH\CodeIgniter.php(507): CodeIgniter\CodeIgniter->runController()
11 SYSTEMPATH\CodeIgniter.php(354): CodeIgniter\CodeIgniter->handleRequest()
12 SYSTEMPATH\Boot.php(334): CodeIgniter\CodeIgniter->run()
13 SYSTEMPATH\Boot.php(67): CodeIgniter\Boot::runCodeIgniter()
14 FCPATH\index.php(56): CodeIgniter\Boot::bootWeb()
15 SYSTEMPATH\rewrite.php(44): require_once('C:\\Users\\Warvin\\OneDrive\\Desktop\\My Files\\DigitalSportsHub\\public\\index.php')
CRITICAL - 2025-03-20 00:52:01 --> CodeIgniter\Session\Exceptions\SessionException: Session: Configured save path "C:\Users\Warvin\OneDrive\Desktop\My Files\DigitalSportsHub\writable\session" is not writable by the PHP process.
[Method: POST, Route: check]
in SYSTEMPATH\Session\Handlers\FileHandler.php on line 103.
 1 SYSTEMPATH\Session\Handlers\FileHandler.php(103): CodeIgniter\Session\Exceptions\SessionException::forWriteProtectedSavePath()
 2 [internal function]: CodeIgniter\Session\Handlers\FileHandler->open()
 3 SYSTEMPATH\Session\Session.php(896): session_start()
 4 SYSTEMPATH\Session\Session.php(242): CodeIgniter\Session\Session->startSession()
 5 SYSTEMPATH\Config\Services.php(710): CodeIgniter\Session\Session->start()
 6 SYSTEMPATH\Config\BaseService.php(312): CodeIgniter\Config\Services::session()
 7 SYSTEMPATH\Config\BaseService.php(251): CodeIgniter\Config\BaseService::__callStatic()
 8 SYSTEMPATH\Config\Services.php(668): CodeIgniter\Config\BaseService::getSharedInstance()
 9 SYSTEMPATH\Config\BaseService.php(321): CodeIgniter\Config\Services::session()
10 SYSTEMPATH\Config\BaseService.php(202): CodeIgniter\Config\BaseService::__callStatic()
11 SYSTEMPATH\Common.php(1000): CodeIgniter\Config\BaseService::get()
12 SYSTEMPATH\Common.php(973): service()
13 APPPATH\Controllers\Home.php(59): session()
14 SYSTEMPATH\CodeIgniter.php(933): App\Controllers\Home->checkAccount()
15 SYSTEMPATH\CodeIgniter.php(507): CodeIgniter\CodeIgniter->runController()
16 SYSTEMPATH\CodeIgniter.php(354): CodeIgniter\CodeIgniter->handleRequest()
17 SYSTEMPATH\Boot.php(334): CodeIgniter\CodeIgniter->run()
18 SYSTEMPATH\Boot.php(67): CodeIgniter\Boot::runCodeIgniter()
19 FCPATH\index.php(56): CodeIgniter\Boot::bootWeb()
20 SYSTEMPATH\rewrite.php(44): require_once('C:\\Users\\Warvin\\OneDrive\\Desktop\\My Files\\DigitalSportsHub\\public\\index.php')
CRITICAL - 2025-03-20 00:53:01 --> CodeIgniter\Session\Exceptions\SessionException: Session: Configured save path "C:\Users\Warvin\OneDrive\Desktop\My Files\DigitalSportsHub\writable\session" is not writable by the PHP process.
[Method: GET, Route: auth]
in SYSTEMPATH\Session\Handlers\FileHandler.php on line 103.
 1 SYSTEMPATH\Session\Handlers\FileHandler.php(103): CodeIgniter\Session\Exceptions\SessionException::forWriteProtectedSavePath()
 2 [internal function]: CodeIgniter\Session\Handlers\FileHandler->open()
 3 SYSTEMPATH\Session\Session.php(896): session_start()
 4 SYSTEMPATH\Session\Session.php(242): CodeIgniter\Session\Session->startSession()
 5 SYSTEMPATH\Config\Services.php(710): CodeIgniter\Session\Session->start()
 6 SYSTEMPATH\Config\BaseService.php(312): CodeIgniter\Config\Services::session()
 7 SYSTEMPATH\Config\BaseService.php(251): CodeIgniter\Config\BaseService::__callStatic()
 8 SYSTEMPATH\Config\Services.php(668): CodeIgniter\Config\BaseService::getSharedInstance()
 9 SYSTEMPATH\Config\BaseService.php(321): CodeIgniter\Config\Services::session()
10 SYSTEMPATH\Config\BaseService.php(202): CodeIgniter\Config\BaseService::__callStatic()
11 SYSTEMPATH\Common.php(1000): CodeIgniter\Config\BaseService::get()
12 SYSTEMPATH\Common.php(973): service()
13 APPPATH\Filters\AlreadyLoggedInFilter.php(13): session()
14 SYSTEMPATH\Filters\Filters.php(241): App\Filters\AlreadyLoggedInFilter->before()
15 SYSTEMPATH\Filters\Filters.php(221): CodeIgniter\Filters\Filters->runBefore()
16 SYSTEMPATH\CodeIgniter.php(479): CodeIgniter\Filters\Filters->run()
17 SYSTEMPATH\CodeIgniter.php(354): CodeIgniter\CodeIgniter->handleRequest()
18 SYSTEMPATH\Boot.php(334): CodeIgniter\CodeIgniter->run()
19 SYSTEMPATH\Boot.php(67): CodeIgniter\Boot::runCodeIgniter()
20 FCPATH\index.php(56): CodeIgniter\Boot::bootWeb()
21 SYSTEMPATH\rewrite.php(44): require_once('C:\\Users\\Warvin\\OneDrive\\Desktop\\My Files\\DigitalSportsHub\\public\\index.php')
CRITICAL - 2025-03-20 00:53:03 --> CodeIgniter\Session\Exceptions\SessionException: Session: Configured save path "C:\Users\Warvin\OneDrive\Desktop\My Files\DigitalSportsHub\writable\session" is not writable by the PHP process.
[Method: GET, Route: auth]
in SYSTEMPATH\Session\Handlers\FileHandler.php on line 103.
 1 SYSTEMPATH\Session\Handlers\FileHandler.php(103): CodeIgniter\Session\Exceptions\SessionException::forWriteProtectedSavePath()
 2 [internal function]: CodeIgniter\Session\Handlers\FileHandler->open()
 3 SYSTEMPATH\Session\Session.php(896): session_start()
 4 SYSTEMPATH\Session\Session.php(242): CodeIgniter\Session\Session->startSession()
 5 SYSTEMPATH\Config\Services.php(710): CodeIgniter\Session\Session->start()
 6 SYSTEMPATH\Config\BaseService.php(312): CodeIgniter\Config\Services::session()
 7 SYSTEMPATH\Config\BaseService.php(251): CodeIgniter\Config\BaseService::__callStatic()
 8 SYSTEMPATH\Config\Services.php(668): CodeIgniter\Config\BaseService::getSharedInstance()
 9 SYSTEMPATH\Config\BaseService.php(321): CodeIgniter\Config\Services::session()
10 SYSTEMPATH\Config\BaseService.php(202): CodeIgniter\Config\BaseService::__callStatic()
11 SYSTEMPATH\Common.php(1000): CodeIgniter\Config\BaseService::get()
12 SYSTEMPATH\Common.php(973): service()
13 APPPATH\Filters\AlreadyLoggedInFilter.php(13): session()
14 SYSTEMPATH\Filters\Filters.php(241): App\Filters\AlreadyLoggedInFilter->before()
15 SYSTEMPATH\Filters\Filters.php(221): CodeIgniter\Filters\Filters->runBefore()
16 SYSTEMPATH\CodeIgniter.php(479): CodeIgniter\Filters\Filters->run()
17 SYSTEMPATH\CodeIgniter.php(354): CodeIgniter\CodeIgniter->handleRequest()
18 SYSTEMPATH\Boot.php(334): CodeIgniter\CodeIgniter->run()
19 SYSTEMPATH\Boot.php(67): CodeIgniter\Boot::runCodeIgniter()
20 FCPATH\index.php(56): CodeIgniter\Boot::bootWeb()
21 SYSTEMPATH\rewrite.php(44): require_once('C:\\Users\\Warvin\\OneDrive\\Desktop\\My Files\\DigitalSportsHub\\public\\index.php')
CRITICAL - 2025-03-20 00:59:59 --> CodeIgniter\Session\Exceptions\SessionException: Session: Configured save path "C:\Users\Warvin\OneDrive\Desktop\My Files\DigitalSportsHub\writable\session" is not writable by the PHP process.
[Method: GET, Route: auth]
in SYSTEMPATH\Session\Handlers\FileHandler.php on line 103.
 1 SYSTEMPATH\Session\Handlers\FileHandler.php(103): CodeIgniter\Session\Exceptions\SessionException::forWriteProtectedSavePath()
 2 [internal function]: CodeIgniter\Session\Handlers\FileHandler->open()
 3 SYSTEMPATH\Session\Session.php(896): session_start()
 4 SYSTEMPATH\Session\Session.php(242): CodeIgniter\Session\Session->startSession()
 5 SYSTEMPATH\Config\Services.php(710): CodeIgniter\Session\Session->start()
 6 SYSTEMPATH\Config\BaseService.php(312): CodeIgniter\Config\Services::session()
 7 SYSTEMPATH\Config\BaseService.php(251): CodeIgniter\Config\BaseService::__callStatic()
 8 SYSTEMPATH\Config\Services.php(668): CodeIgniter\Config\BaseService::getSharedInstance()
 9 SYSTEMPATH\Config\BaseService.php(321): CodeIgniter\Config\Services::session()
10 SYSTEMPATH\Config\BaseService.php(202): CodeIgniter\Config\BaseService::__callStatic()
11 SYSTEMPATH\Common.php(1000): CodeIgniter\Config\BaseService::get()
12 SYSTEMPATH\Common.php(973): service()
13 APPPATH\Filters\AlreadyLoggedInFilter.php(13): session()
14 SYSTEMPATH\Filters\Filters.php(241): App\Filters\AlreadyLoggedInFilter->before()
15 SYSTEMPATH\Filters\Filters.php(221): CodeIgniter\Filters\Filters->runBefore()
16 SYSTEMPATH\CodeIgniter.php(479): CodeIgniter\Filters\Filters->run()
17 SYSTEMPATH\CodeIgniter.php(354): CodeIgniter\CodeIgniter->handleRequest()
18 SYSTEMPATH\Boot.php(334): CodeIgniter\CodeIgniter->run()
19 SYSTEMPATH\Boot.php(67): CodeIgniter\Boot::runCodeIgniter()
20 FCPATH\index.php(56): CodeIgniter\Boot::bootWeb()
21 SYSTEMPATH\rewrite.php(44): require_once('C:\\Users\\Warvin\\OneDrive\\Desktop\\My Files\\DigitalSportsHub\\public\\index.php')
CRITICAL - 2025-03-20 01:00:11 --> CodeIgniter\Session\Exceptions\SessionException: Session: Configured save path "C:\Users\Warvin\OneDrive\Desktop\My Files\DigitalSportsHub\writable\session" is not writable by the PHP process.
[Method: GET, Route: auth]
in SYSTEMPATH\Session\Handlers\FileHandler.php on line 103.
 1 SYSTEMPATH\Session\Handlers\FileHandler.php(103): CodeIgniter\Session\Exceptions\SessionException::forWriteProtectedSavePath()
 2 [internal function]: CodeIgniter\Session\Handlers\FileHandler->open()
 3 SYSTEMPATH\Session\Session.php(896): session_start()
 4 SYSTEMPATH\Session\Session.php(242): CodeIgniter\Session\Session->startSession()
 5 SYSTEMPATH\Config\Services.php(710): CodeIgniter\Session\Session->start()
 6 SYSTEMPATH\Config\BaseService.php(312): CodeIgniter\Config\Services::session()
 7 SYSTEMPATH\Config\BaseService.php(251): CodeIgniter\Config\BaseService::__callStatic()
 8 SYSTEMPATH\Config\Services.php(668): CodeIgniter\Config\BaseService::getSharedInstance()
 9 SYSTEMPATH\Config\BaseService.php(321): CodeIgniter\Config\Services::session()
10 SYSTEMPATH\Config\BaseService.php(202): CodeIgniter\Config\BaseService::__callStatic()
11 SYSTEMPATH\Common.php(1000): CodeIgniter\Config\BaseService::get()
12 SYSTEMPATH\Common.php(973): service()
13 APPPATH\Filters\AlreadyLoggedInFilter.php(13): session()
14 SYSTEMPATH\Filters\Filters.php(241): App\Filters\AlreadyLoggedInFilter->before()
15 SYSTEMPATH\Filters\Filters.php(221): CodeIgniter\Filters\Filters->runBefore()
16 SYSTEMPATH\CodeIgniter.php(479): CodeIgniter\Filters\Filters->run()
17 SYSTEMPATH\CodeIgniter.php(354): CodeIgniter\CodeIgniter->handleRequest()
18 SYSTEMPATH\Boot.php(334): CodeIgniter\CodeIgniter->run()
19 SYSTEMPATH\Boot.php(67): CodeIgniter\Boot::runCodeIgniter()
20 FCPATH\index.php(56): CodeIgniter\Boot::bootWeb()
21 SYSTEMPATH\rewrite.php(44): require_once('C:\\Users\\Warvin\\OneDrive\\Desktop\\My Files\\DigitalSportsHub\\public\\index.php')
CRITICAL - 2025-03-20 01:00:12 --> CodeIgniter\Session\Exceptions\SessionException: Session: Configured save path "C:\Users\Warvin\OneDrive\Desktop\My Files\DigitalSportsHub\writable\session" is not writable by the PHP process.
[Method: GET, Route: auth]
in SYSTEMPATH\Session\Handlers\FileHandler.php on line 103.
 1 SYSTEMPATH\Session\Handlers\FileHandler.php(103): CodeIgniter\Session\Exceptions\SessionException::forWriteProtectedSavePath()
 2 [internal function]: CodeIgniter\Session\Handlers\FileHandler->open()
 3 SYSTEMPATH\Session\Session.php(896): session_start()
 4 SYSTEMPATH\Session\Session.php(242): CodeIgniter\Session\Session->startSession()
 5 SYSTEMPATH\Config\Services.php(710): CodeIgniter\Session\Session->start()
 6 SYSTEMPATH\Config\BaseService.php(312): CodeIgniter\Config\Services::session()
 7 SYSTEMPATH\Config\BaseService.php(251): CodeIgniter\Config\BaseService::__callStatic()
 8 SYSTEMPATH\Config\Services.php(668): CodeIgniter\Config\BaseService::getSharedInstance()
 9 SYSTEMPATH\Config\BaseService.php(321): CodeIgniter\Config\Services::session()
10 SYSTEMPATH\Config\BaseService.php(202): CodeIgniter\Config\BaseService::__callStatic()
11 SYSTEMPATH\Common.php(1000): CodeIgniter\Config\BaseService::get()
12 SYSTEMPATH\Common.php(973): service()
13 APPPATH\Filters\AlreadyLoggedInFilter.php(13): session()
14 SYSTEMPATH\Filters\Filters.php(241): App\Filters\AlreadyLoggedInFilter->before()
15 SYSTEMPATH\Filters\Filters.php(221): CodeIgniter\Filters\Filters->runBefore()
16 SYSTEMPATH\CodeIgniter.php(479): CodeIgniter\Filters\Filters->run()
17 SYSTEMPATH\CodeIgniter.php(354): CodeIgniter\CodeIgniter->handleRequest()
18 SYSTEMPATH\Boot.php(334): CodeIgniter\CodeIgniter->run()
19 SYSTEMPATH\Boot.php(67): CodeIgniter\Boot::runCodeIgniter()
20 FCPATH\index.php(56): CodeIgniter\Boot::bootWeb()
21 SYSTEMPATH\rewrite.php(44): require_once('C:\\Users\\Warvin\\OneDrive\\Desktop\\My Files\\DigitalSportsHub\\public\\index.php')
CRITICAL - 2025-03-20 01:03:09 --> CodeIgniter\Session\Exceptions\SessionException: Session: Configured save path "C:\Users\Warvin\OneDrive\Desktop\My Files\DigitalSportsHub\writable\session" is not writable by the PHP process.
[Method: GET, Route: auth]
in SYSTEMPATH\Session\Handlers\FileHandler.php on line 103.
 1 SYSTEMPATH\Session\Handlers\FileHandler.php(103): CodeIgniter\Session\Exceptions\SessionException::forWriteProtectedSavePath()
 2 [internal function]: CodeIgniter\Session\Handlers\FileHandler->open()
 3 SYSTEMPATH\Session\Session.php(896): session_start()
 4 SYSTEMPATH\Session\Session.php(242): CodeIgniter\Session\Session->startSession()
 5 SYSTEMPATH\Config\Services.php(710): CodeIgniter\Session\Session->start()
 6 SYSTEMPATH\Config\BaseService.php(312): CodeIgniter\Config\Services::session()
 7 SYSTEMPATH\Config\BaseService.php(251): CodeIgniter\Config\BaseService::__callStatic()
 8 SYSTEMPATH\Config\Services.php(668): CodeIgniter\Config\BaseService::getSharedInstance()
 9 SYSTEMPATH\Config\BaseService.php(321): CodeIgniter\Config\Services::session()
10 SYSTEMPATH\Config\BaseService.php(202): CodeIgniter\Config\BaseService::__callStatic()
11 SYSTEMPATH\Common.php(1000): CodeIgniter\Config\BaseService::get()
12 SYSTEMPATH\Common.php(973): service()
13 APPPATH\Filters\AlreadyLoggedInFilter.php(13): session()
14 SYSTEMPATH\Filters\Filters.php(241): App\Filters\AlreadyLoggedInFilter->before()
15 SYSTEMPATH\Filters\Filters.php(221): CodeIgniter\Filters\Filters->runBefore()
16 SYSTEMPATH\CodeIgniter.php(479): CodeIgniter\Filters\Filters->run()
17 SYSTEMPATH\CodeIgniter.php(354): CodeIgniter\CodeIgniter->handleRequest()
18 SYSTEMPATH\Boot.php(334): CodeIgniter\CodeIgniter->run()
19 SYSTEMPATH\Boot.php(67): CodeIgniter\Boot::runCodeIgniter()
20 FCPATH\index.php(56): CodeIgniter\Boot::bootWeb()
21 SYSTEMPATH\rewrite.php(44): require_once('C:\\Users\\Warvin\\OneDrive\\Desktop\\My Files\\DigitalSportsHub\\public\\index.php')
CRITICAL - 2025-03-20 01:06:27 --> CodeIgniter\Session\Exceptions\SessionException: Session: Configured save path "C:\Users\Warvin\OneDrive\Desktop\My Files\DigitalSportsHub\writable\session" is not writable by the PHP process.
[Method: GET, Route: auth]
in SYSTEMPATH\Session\Handlers\FileHandler.php on line 103.
 1 SYSTEMPATH\Session\Handlers\FileHandler.php(103): CodeIgniter\Session\Exceptions\SessionException::forWriteProtectedSavePath()
 2 [internal function]: CodeIgniter\Session\Handlers\FileHandler->open()
 3 SYSTEMPATH\Session\Session.php(896): session_start()
 4 SYSTEMPATH\Session\Session.php(242): CodeIgniter\Session\Session->startSession()
 5 SYSTEMPATH\Config\Services.php(710): CodeIgniter\Session\Session->start()
 6 SYSTEMPATH\Config\BaseService.php(312): CodeIgniter\Config\Services::session()
 7 SYSTEMPATH\Config\BaseService.php(251): CodeIgniter\Config\BaseService::__callStatic()
 8 SYSTEMPATH\Config\Services.php(668): CodeIgniter\Config\BaseService::getSharedInstance()
 9 SYSTEMPATH\Config\BaseService.php(321): CodeIgniter\Config\Services::session()
10 SYSTEMPATH\Config\BaseService.php(202): CodeIgniter\Config\BaseService::__callStatic()
11 SYSTEMPATH\Common.php(1000): CodeIgniter\Config\BaseService::get()
12 SYSTEMPATH\Common.php(973): service()
13 APPPATH\Filters\AlreadyLoggedInFilter.php(13): session()
14 SYSTEMPATH\Filters\Filters.php(241): App\Filters\AlreadyLoggedInFilter->before()
15 SYSTEMPATH\Filters\Filters.php(221): CodeIgniter\Filters\Filters->runBefore()
16 SYSTEMPATH\CodeIgniter.php(479): CodeIgniter\Filters\Filters->run()
17 SYSTEMPATH\CodeIgniter.php(354): CodeIgniter\CodeIgniter->handleRequest()
18 SYSTEMPATH\Boot.php(334): CodeIgniter\CodeIgniter->run()
19 SYSTEMPATH\Boot.php(67): CodeIgniter\Boot::runCodeIgniter()
20 FCPATH\index.php(56): CodeIgniter\Boot::bootWeb()
21 SYSTEMPATH\rewrite.php(44): require_once('C:\\Users\\Warvin\\OneDrive\\Desktop\\My Files\\DigitalSportsHub\\public\\index.php')
CRITICAL - 2025-03-20 01:06:28 --> CodeIgniter\Session\Exceptions\SessionException: Session: Configured save path "C:\Users\Warvin\OneDrive\Desktop\My Files\DigitalSportsHub\writable\session" is not writable by the PHP process.
[Method: GET, Route: auth]
in SYSTEMPATH\Session\Handlers\FileHandler.php on line 103.
 1 SYSTEMPATH\Session\Handlers\FileHandler.php(103): CodeIgniter\Session\Exceptions\SessionException::forWriteProtectedSavePath()
 2 [internal function]: CodeIgniter\Session\Handlers\FileHandler->open()
 3 SYSTEMPATH\Session\Session.php(896): session_start()
 4 SYSTEMPATH\Session\Session.php(242): CodeIgniter\Session\Session->startSession()
 5 SYSTEMPATH\Config\Services.php(710): CodeIgniter\Session\Session->start()
 6 SYSTEMPATH\Config\BaseService.php(312): CodeIgniter\Config\Services::session()
 7 SYSTEMPATH\Config\BaseService.php(251): CodeIgniter\Config\BaseService::__callStatic()
 8 SYSTEMPATH\Config\Services.php(668): CodeIgniter\Config\BaseService::getSharedInstance()
 9 SYSTEMPATH\Config\BaseService.php(321): CodeIgniter\Config\Services::session()
10 SYSTEMPATH\Config\BaseService.php(202): CodeIgniter\Config\BaseService::__callStatic()
11 SYSTEMPATH\Common.php(1000): CodeIgniter\Config\BaseService::get()
12 SYSTEMPATH\Common.php(973): service()
13 APPPATH\Filters\AlreadyLoggedInFilter.php(13): session()
14 SYSTEMPATH\Filters\Filters.php(241): App\Filters\AlreadyLoggedInFilter->before()
15 SYSTEMPATH\Filters\Filters.php(221): CodeIgniter\Filters\Filters->runBefore()
16 SYSTEMPATH\CodeIgniter.php(479): CodeIgniter\Filters\Filters->run()
17 SYSTEMPATH\CodeIgniter.php(354): CodeIgniter\CodeIgniter->handleRequest()
18 SYSTEMPATH\Boot.php(334): CodeIgniter\CodeIgniter->run()
19 SYSTEMPATH\Boot.php(67): CodeIgniter\Boot::runCodeIgniter()
20 FCPATH\index.php(56): CodeIgniter\Boot::bootWeb()
21 SYSTEMPATH\rewrite.php(44): require_once('C:\\Users\\Warvin\\OneDrive\\Desktop\\My Files\\DigitalSportsHub\\public\\index.php')
CRITICAL - 2025-03-20 01:06:29 --> CodeIgniter\Session\Exceptions\SessionException: Session: Configured save path "C:\Users\Warvin\OneDrive\Desktop\My Files\DigitalSportsHub\writable\session" is not writable by the PHP process.
[Method: GET, Route: auth]
in SYSTEMPATH\Session\Handlers\FileHandler.php on line 103.
 1 SYSTEMPATH\Session\Handlers\FileHandler.php(103): CodeIgniter\Session\Exceptions\SessionException::forWriteProtectedSavePath()
 2 [internal function]: CodeIgniter\Session\Handlers\FileHandler->open()
 3 SYSTEMPATH\Session\Session.php(896): session_start()
 4 SYSTEMPATH\Session\Session.php(242): CodeIgniter\Session\Session->startSession()
 5 SYSTEMPATH\Config\Services.php(710): CodeIgniter\Session\Session->start()
 6 SYSTEMPATH\Config\BaseService.php(312): CodeIgniter\Config\Services::session()
 7 SYSTEMPATH\Config\BaseService.php(251): CodeIgniter\Config\BaseService::__callStatic()
 8 SYSTEMPATH\Config\Services.php(668): CodeIgniter\Config\BaseService::getSharedInstance()
 9 SYSTEMPATH\Config\BaseService.php(321): CodeIgniter\Config\Services::session()
10 SYSTEMPATH\Config\BaseService.php(202): CodeIgniter\Config\BaseService::__callStatic()
11 SYSTEMPATH\Common.php(1000): CodeIgniter\Config\BaseService::get()
12 SYSTEMPATH\Common.php(973): service()
13 APPPATH\Filters\AlreadyLoggedInFilter.php(13): session()
14 SYSTEMPATH\Filters\Filters.php(241): App\Filters\AlreadyLoggedInFilter->before()
15 SYSTEMPATH\Filters\Filters.php(221): CodeIgniter\Filters\Filters->runBefore()
16 SYSTEMPATH\CodeIgniter.php(479): CodeIgniter\Filters\Filters->run()
17 SYSTEMPATH\CodeIgniter.php(354): CodeIgniter\CodeIgniter->handleRequest()
18 SYSTEMPATH\Boot.php(334): CodeIgniter\CodeIgniter->run()
19 SYSTEMPATH\Boot.php(67): CodeIgniter\Boot::runCodeIgniter()
20 FCPATH\index.php(56): CodeIgniter\Boot::bootWeb()
21 SYSTEMPATH\rewrite.php(44): require_once('C:\\Users\\Warvin\\OneDrive\\Desktop\\My Files\\DigitalSportsHub\\public\\index.php')
DEBUG - 2025-03-20 01:15:33 --> Session: Class initialized using 'CodeIgniter\Session\Handlers\DatabaseHandler' driver.
DEBUG - 2025-03-20 01:15:45 --> Session: Class initialized using 'CodeIgniter\Session\Handlers\DatabaseHandler' driver.
DEBUG - 2025-03-20 01:15:46 --> Session: Class initialized using 'CodeIgniter\Session\Handlers\DatabaseHandler' driver.
DEBUG - 2025-03-20 01:15:46 --> Session: Class initialized using 'CodeIgniter\Session\Handlers\DatabaseHandler' driver.
