DEBUG - 2025-05-19 09:35:52 --> Session: Class initialized using 'CodeIgniter\Session\Handlers\FileHandler' driver.
ERROR - 2025-05-19 09:36:02 --> mysqli_sql_exception: Table 'db_hub.codes' doesn't exist in C:\Users\Warvin B Mogate\DigitalSportsHub\system\Database\MySQLi\Connection.php:327
Stack trace:
#0 C:\Users\Warvin B Mogate\DigitalSportsHub\system\Database\MySQLi\Connection.php(327): mysqli->query('SELECT *\nFROM `...', 0)
#1 C:\Users\Warvin B Mogate\DigitalSportsHub\system\Database\BaseConnection.php(738): CodeIgniter\Database\MySQLi\Connection->execute('SELECT *\nFROM `...')
#2 C:\Users\Warvin B Mogate\DigitalSportsHub\system\Database\BaseConnection.php(652): CodeIgniter\Database\BaseConnection->simpleQuery('SELECT *\nFROM `...')
#3 C:\Users\Warvin B Mogate\DigitalSportsHub\system\Database\BaseBuilder.php(1649): CodeIgniter\Database\BaseConnection->query('SELECT *\nFROM `...', Array, false)
#4 C:\Users\Warvin B Mogate\DigitalSportsHub\system\Model.php(330): CodeIgniter\Database\BaseBuilder->get()
#5 C:\Users\Warvin B Mogate\DigitalSportsHub\system\BaseModel.php(713): CodeIgniter\Model->doFirst()
#6 C:\Users\Warvin B Mogate\DigitalSportsHub\app\Controllers\Home.php(67): CodeIgniter\BaseModel->first()
#7 C:\Users\Warvin B Mogate\DigitalSportsHub\system\CodeIgniter.php(933): App\Controllers\Home->watchNow()
#8 C:\Users\Warvin B Mogate\DigitalSportsHub\system\CodeIgniter.php(507): CodeIgniter\CodeIgniter->runController(Object(App\Controllers\Home))
#9 C:\Users\Warvin B Mogate\DigitalSportsHub\system\CodeIgniter.php(354): CodeIgniter\CodeIgniter->handleRequest(NULL, Object(Config\Cache), false)
#10 C:\Users\Warvin B Mogate\DigitalSportsHub\system\Boot.php(334): CodeIgniter\CodeIgniter->run()
#11 C:\Users\Warvin B Mogate\DigitalSportsHub\system\Boot.php(67): CodeIgniter\Boot::runCodeIgniter(Object(CodeIgniter\CodeIgniter))
#12 C:\Users\Warvin B Mogate\DigitalSportsHub\public\index.php(56): CodeIgniter\Boot::bootWeb(Object(Config\Paths))
#13 C:\Users\Warvin B Mogate\DigitalSportsHub\system\rewrite.php(44): require_once('C:\\Users\\Warvin...')
#14 {main}
CRITICAL - 2025-05-19 09:36:02 --> CodeIgniter\Database\Exceptions\DatabaseException: Table 'db_hub.codes' doesn't exist
[Method: GET, Route: watch-now]
in SYSTEMPATH\Database\BaseConnection.php on line 692.
 1 SYSTEMPATH\Database\BaseBuilder.php(1649): CodeIgniter\Database\BaseConnection->query('SELECT *
FROM `codes`
 LIMIT 1', [], false)
 2 SYSTEMPATH\Model.php(330): CodeIgniter\Database\BaseBuilder->get()
 3 SYSTEMPATH\BaseModel.php(713): CodeIgniter\Model->doFirst()
 4 APPPATH\Controllers\Home.php(67): CodeIgniter\BaseModel->first()
 5 SYSTEMPATH\CodeIgniter.php(933): App\Controllers\Home->watchNow()
 6 SYSTEMPATH\CodeIgniter.php(507): CodeIgniter\CodeIgniter->runController(Object(App\Controllers\Home))
 7 SYSTEMPATH\CodeIgniter.php(354): CodeIgniter\CodeIgniter->handleRequest(null, Object(Config\Cache), false)
 8 SYSTEMPATH\Boot.php(334): CodeIgniter\CodeIgniter->run()
 9 SYSTEMPATH\Boot.php(67): CodeIgniter\Boot::runCodeIgniter(Object(CodeIgniter\CodeIgniter))
10 FCPATH\index.php(56): CodeIgniter\Boot::bootWeb(Object(Config\Paths))
11 SYSTEMPATH\rewrite.php(44): require_once('C:\\Users\\Warvin B Mogate\\DigitalSportsHub\\public\\index.php')
CRITICAL - 2025-05-19 09:36:02 --> [Caused by] CodeIgniter\Database\Exceptions\DatabaseException: Table 'db_hub.codes' doesn't exist
in SYSTEMPATH\Database\MySQLi\Connection.php on line 332.
 1 SYSTEMPATH\Database\BaseConnection.php(738): CodeIgniter\Database\MySQLi\Connection->execute('SELECT *
FROM `codes`
 LIMIT 1')
 2 SYSTEMPATH\Database\BaseConnection.php(652): CodeIgniter\Database\BaseConnection->simpleQuery('SELECT *
FROM `codes`
 LIMIT 1')
 3 SYSTEMPATH\Database\BaseBuilder.php(1649): CodeIgniter\Database\BaseConnection->query('SELECT *
FROM `codes`
 LIMIT 1', [], false)
 4 SYSTEMPATH\Model.php(330): CodeIgniter\Database\BaseBuilder->get()
 5 SYSTEMPATH\BaseModel.php(713): CodeIgniter\Model->doFirst()
 6 APPPATH\Controllers\Home.php(67): CodeIgniter\BaseModel->first()
 7 SYSTEMPATH\CodeIgniter.php(933): App\Controllers\Home->watchNow()
 8 SYSTEMPATH\CodeIgniter.php(507): CodeIgniter\CodeIgniter->runController(Object(App\Controllers\Home))
 9 SYSTEMPATH\CodeIgniter.php(354): CodeIgniter\CodeIgniter->handleRequest(null, Object(Config\Cache), false)
10 SYSTEMPATH\Boot.php(334): CodeIgniter\CodeIgniter->run()
11 SYSTEMPATH\Boot.php(67): CodeIgniter\Boot::runCodeIgniter(Object(CodeIgniter\CodeIgniter))
12 FCPATH\index.php(56): CodeIgniter\Boot::bootWeb(Object(Config\Paths))
13 SYSTEMPATH\rewrite.php(44): require_once('C:\\Users\\Warvin B Mogate\\DigitalSportsHub\\public\\index.php')
CRITICAL - 2025-05-19 09:36:02 --> [Caused by] mysqli_sql_exception: Table 'db_hub.codes' doesn't exist
in SYSTEMPATH\Database\MySQLi\Connection.php on line 327.
 1 SYSTEMPATH\Database\MySQLi\Connection.php(327): mysqli->query('SELECT *
FROM `codes`
 LIMIT 1', 0)
 2 SYSTEMPATH\Database\BaseConnection.php(738): CodeIgniter\Database\MySQLi\Connection->execute('SELECT *
FROM `codes`
 LIMIT 1')
 3 SYSTEMPATH\Database\BaseConnection.php(652): CodeIgniter\Database\BaseConnection->simpleQuery('SELECT *
FROM `codes`
 LIMIT 1')
 4 SYSTEMPATH\Database\BaseBuilder.php(1649): CodeIgniter\Database\BaseConnection->query('SELECT *
FROM `codes`
 LIMIT 1', [], false)
 5 SYSTEMPATH\Model.php(330): CodeIgniter\Database\BaseBuilder->get()
 6 SYSTEMPATH\BaseModel.php(713): CodeIgniter\Model->doFirst()
 7 APPPATH\Controllers\Home.php(67): CodeIgniter\BaseModel->first()
 8 SYSTEMPATH\CodeIgniter.php(933): App\Controllers\Home->watchNow()
 9 SYSTEMPATH\CodeIgniter.php(507): CodeIgniter\CodeIgniter->runController(Object(App\Controllers\Home))
10 SYSTEMPATH\CodeIgniter.php(354): CodeIgniter\CodeIgniter->handleRequest(null, Object(Config\Cache), false)
11 SYSTEMPATH\Boot.php(334): CodeIgniter\CodeIgniter->run()
12 SYSTEMPATH\Boot.php(67): CodeIgniter\Boot::runCodeIgniter(Object(CodeIgniter\CodeIgniter))
13 FCPATH\index.php(56): CodeIgniter\Boot::bootWeb(Object(Config\Paths))
14 SYSTEMPATH\rewrite.php(44): require_once('C:\\Users\\Warvin B Mogate\\DigitalSportsHub\\public\\index.php')
DEBUG - 2025-05-19 09:37:20 --> Session: Class initialized using 'CodeIgniter\Session\Handlers\FileHandler' driver.
ERROR - 2025-05-19 01:37:21 --> mysqli_sql_exception: Table 'db_hub.chat_messages' doesn't exist in C:\Users\Warvin B Mogate\DigitalSportsHub\system\Database\MySQLi\Connection.php:327
Stack trace:
#0 C:\Users\Warvin B Mogate\DigitalSportsHub\system\Database\MySQLi\Connection.php(327): mysqli->query('SELECT CONCAT(b...', 0)
#1 C:\Users\Warvin B Mogate\DigitalSportsHub\system\Database\BaseConnection.php(738): CodeIgniter\Database\MySQLi\Connection->execute('SELECT CONCAT(b...')
#2 C:\Users\Warvin B Mogate\DigitalSportsHub\system\Database\BaseConnection.php(652): CodeIgniter\Database\BaseConnection->simpleQuery('SELECT CONCAT(b...')
#3 C:\Users\Warvin B Mogate\DigitalSportsHub\system\Database\BaseBuilder.php(1649): CodeIgniter\Database\BaseConnection->query('SELECT CONCAT(b...', Array, false)
#4 C:\Users\Warvin B Mogate\DigitalSportsHub\app\Controllers\ChatController.php(21): CodeIgniter\Database\BaseBuilder->get()
#5 C:\Users\Warvin B Mogate\DigitalSportsHub\system\CodeIgniter.php(933): App\Controllers\ChatController->getMessages()
#6 C:\Users\Warvin B Mogate\DigitalSportsHub\system\CodeIgniter.php(507): CodeIgniter\CodeIgniter->runController(Object(App\Controllers\ChatController))
#7 C:\Users\Warvin B Mogate\DigitalSportsHub\system\CodeIgniter.php(354): CodeIgniter\CodeIgniter->handleRequest(NULL, Object(Config\Cache), false)
#8 C:\Users\Warvin B Mogate\DigitalSportsHub\system\Boot.php(334): CodeIgniter\CodeIgniter->run()
#9 C:\Users\Warvin B Mogate\DigitalSportsHub\system\Boot.php(67): CodeIgniter\Boot::runCodeIgniter(Object(CodeIgniter\CodeIgniter))
#10 C:\Users\Warvin B Mogate\DigitalSportsHub\public\index.php(56): CodeIgniter\Boot::bootWeb(Object(Config\Paths))
#11 C:\Users\Warvin B Mogate\DigitalSportsHub\system\rewrite.php(44): require_once('C:\\Users\\Warvin...')
#12 {main}
CRITICAL - 2025-05-19 01:37:21 --> CodeIgniter\Database\Exceptions\DatabaseException: Table 'db_hub.chat_messages' doesn't exist
[Method: GET, Route: chat/getMessages]
in SYSTEMPATH\Database\BaseConnection.php on line 692.
 1 SYSTEMPATH\Database\BaseBuilder.php(1649): CodeIgniter\Database\BaseConnection->query('SELECT CONCAT(b.fullname, \' : \', a.message)message, `a`.`id`, `a`.`sender_id`, `b`.`user_id`
FROM `chat_messages` `a`
LEFT JOIN `users` `b` ON `b`.`user_id`=`a`.`sender_id`
ORDER BY `a`.`id` ASC', [], false)
 2 APPPATH\Controllers\ChatController.php(21): CodeIgniter\Database\BaseBuilder->get()
 3 SYSTEMPATH\CodeIgniter.php(933): App\Controllers\ChatController->getMessages()
 4 SYSTEMPATH\CodeIgniter.php(507): CodeIgniter\CodeIgniter->runController(Object(App\Controllers\ChatController))
 5 SYSTEMPATH\CodeIgniter.php(354): CodeIgniter\CodeIgniter->handleRequest(null, Object(Config\Cache), false)
 6 SYSTEMPATH\Boot.php(334): CodeIgniter\CodeIgniter->run()
 7 SYSTEMPATH\Boot.php(67): CodeIgniter\Boot::runCodeIgniter(Object(CodeIgniter\CodeIgniter))
 8 FCPATH\index.php(56): CodeIgniter\Boot::bootWeb(Object(Config\Paths))
 9 SYSTEMPATH\rewrite.php(44): require_once('C:\\Users\\Warvin B Mogate\\DigitalSportsHub\\public\\index.php')
CRITICAL - 2025-05-19 01:37:21 --> [Caused by] CodeIgniter\Database\Exceptions\DatabaseException: Table 'db_hub.chat_messages' doesn't exist
in SYSTEMPATH\Database\MySQLi\Connection.php on line 332.
 1 SYSTEMPATH\Database\BaseConnection.php(738): CodeIgniter\Database\MySQLi\Connection->execute('SELECT CONCAT(b.fullname, \' : \', a.message)message, `a`.`id`, `a`.`sender_id`, `b`.`user_id`
FROM `chat_messages` `a`
LEFT JOIN `users` `b` ON `b`.`user_id`=`a`.`sender_id`
ORDER BY `a`.`id` ASC')
 2 SYSTEMPATH\Database\BaseConnection.php(652): CodeIgniter\Database\BaseConnection->simpleQuery('SELECT CONCAT(b.fullname, \' : \', a.message)message, `a`.`id`, `a`.`sender_id`, `b`.`user_id`
FROM `chat_messages` `a`
LEFT JOIN `users` `b` ON `b`.`user_id`=`a`.`sender_id`
ORDER BY `a`.`id` ASC')
 3 SYSTEMPATH\Database\BaseBuilder.php(1649): CodeIgniter\Database\BaseConnection->query('SELECT CONCAT(b.fullname, \' : \', a.message)message, `a`.`id`, `a`.`sender_id`, `b`.`user_id`
FROM `chat_messages` `a`
LEFT JOIN `users` `b` ON `b`.`user_id`=`a`.`sender_id`
ORDER BY `a`.`id` ASC', [], false)
 4 APPPATH\Controllers\ChatController.php(21): CodeIgniter\Database\BaseBuilder->get()
 5 SYSTEMPATH\CodeIgniter.php(933): App\Controllers\ChatController->getMessages()
 6 SYSTEMPATH\CodeIgniter.php(507): CodeIgniter\CodeIgniter->runController(Object(App\Controllers\ChatController))
 7 SYSTEMPATH\CodeIgniter.php(354): CodeIgniter\CodeIgniter->handleRequest(null, Object(Config\Cache), false)
 8 SYSTEMPATH\Boot.php(334): CodeIgniter\CodeIgniter->run()
 9 SYSTEMPATH\Boot.php(67): CodeIgniter\Boot::runCodeIgniter(Object(CodeIgniter\CodeIgniter))
10 FCPATH\index.php(56): CodeIgniter\Boot::bootWeb(Object(Config\Paths))
11 SYSTEMPATH\rewrite.php(44): require_once('C:\\Users\\Warvin B Mogate\\DigitalSportsHub\\public\\index.php')
CRITICAL - 2025-05-19 01:37:21 --> [Caused by] mysqli_sql_exception: Table 'db_hub.chat_messages' doesn't exist
in SYSTEMPATH\Database\MySQLi\Connection.php on line 327.
 1 SYSTEMPATH\Database\MySQLi\Connection.php(327): mysqli->query('SELECT CONCAT(b.fullname, \' : \', a.message)message, `a`.`id`, `a`.`sender_id`, `b`.`user_id`
FROM `chat_messages` `a`
LEFT JOIN `users` `b` ON `b`.`user_id`=`a`.`sender_id`
ORDER BY `a`.`id` ASC', 0)
 2 SYSTEMPATH\Database\BaseConnection.php(738): CodeIgniter\Database\MySQLi\Connection->execute('SELECT CONCAT(b.fullname, \' : \', a.message)message, `a`.`id`, `a`.`sender_id`, `b`.`user_id`
FROM `chat_messages` `a`
LEFT JOIN `users` `b` ON `b`.`user_id`=`a`.`sender_id`
ORDER BY `a`.`id` ASC')
 3 SYSTEMPATH\Database\BaseConnection.php(652): CodeIgniter\Database\BaseConnection->simpleQuery('SELECT CONCAT(b.fullname, \' : \', a.message)message, `a`.`id`, `a`.`sender_id`, `b`.`user_id`
FROM `chat_messages` `a`
LEFT JOIN `users` `b` ON `b`.`user_id`=`a`.`sender_id`
ORDER BY `a`.`id` ASC')
 4 SYSTEMPATH\Database\BaseBuilder.php(1649): CodeIgniter\Database\BaseConnection->query('SELECT CONCAT(b.fullname, \' : \', a.message)message, `a`.`id`, `a`.`sender_id`, `b`.`user_id`
FROM `chat_messages` `a`
LEFT JOIN `users` `b` ON `b`.`user_id`=`a`.`sender_id`
ORDER BY `a`.`id` ASC', [], false)
 5 APPPATH\Controllers\ChatController.php(21): CodeIgniter\Database\BaseBuilder->get()
 6 SYSTEMPATH\CodeIgniter.php(933): App\Controllers\ChatController->getMessages()
 7 SYSTEMPATH\CodeIgniter.php(507): CodeIgniter\CodeIgniter->runController(Object(App\Controllers\ChatController))
 8 SYSTEMPATH\CodeIgniter.php(354): CodeIgniter\CodeIgniter->handleRequest(null, Object(Config\Cache), false)
 9 SYSTEMPATH\Boot.php(334): CodeIgniter\CodeIgniter->run()
10 SYSTEMPATH\Boot.php(67): CodeIgniter\Boot::runCodeIgniter(Object(CodeIgniter\CodeIgniter))
11 FCPATH\index.php(56): CodeIgniter\Boot::bootWeb(Object(Config\Paths))
12 SYSTEMPATH\rewrite.php(44): require_once('C:\\Users\\Warvin B Mogate\\DigitalSportsHub\\public\\index.php')
ERROR - 2025-05-19 01:37:24 --> mysqli_sql_exception: Table 'db_hub.chat_messages' doesn't exist in C:\Users\Warvin B Mogate\DigitalSportsHub\system\Database\MySQLi\Connection.php:327
Stack trace:
#0 C:\Users\Warvin B Mogate\DigitalSportsHub\system\Database\MySQLi\Connection.php(327): mysqli->query('SELECT CONCAT(b...', 0)
#1 C:\Users\Warvin B Mogate\DigitalSportsHub\system\Database\BaseConnection.php(738): CodeIgniter\Database\MySQLi\Connection->execute('SELECT CONCAT(b...')
#2 C:\Users\Warvin B Mogate\DigitalSportsHub\system\Database\BaseConnection.php(652): CodeIgniter\Database\BaseConnection->simpleQuery('SELECT CONCAT(b...')
#3 C:\Users\Warvin B Mogate\DigitalSportsHub\system\Database\BaseBuilder.php(1649): CodeIgniter\Database\BaseConnection->query('SELECT CONCAT(b...', Array, false)
#4 C:\Users\Warvin B Mogate\DigitalSportsHub\app\Controllers\ChatController.php(21): CodeIgniter\Database\BaseBuilder->get()
#5 C:\Users\Warvin B Mogate\DigitalSportsHub\system\CodeIgniter.php(933): App\Controllers\ChatController->getMessages()
#6 C:\Users\Warvin B Mogate\DigitalSportsHub\system\CodeIgniter.php(507): CodeIgniter\CodeIgniter->runController(Object(App\Controllers\ChatController))
#7 C:\Users\Warvin B Mogate\DigitalSportsHub\system\CodeIgniter.php(354): CodeIgniter\CodeIgniter->handleRequest(NULL, Object(Config\Cache), false)
#8 C:\Users\Warvin B Mogate\DigitalSportsHub\system\Boot.php(334): CodeIgniter\CodeIgniter->run()
#9 C:\Users\Warvin B Mogate\DigitalSportsHub\system\Boot.php(67): CodeIgniter\Boot::runCodeIgniter(Object(CodeIgniter\CodeIgniter))
#10 C:\Users\Warvin B Mogate\DigitalSportsHub\public\index.php(56): CodeIgniter\Boot::bootWeb(Object(Config\Paths))
#11 C:\Users\Warvin B Mogate\DigitalSportsHub\system\rewrite.php(44): require_once('C:\\Users\\Warvin...')
#12 {main}
CRITICAL - 2025-05-19 01:37:24 --> CodeIgniter\Database\Exceptions\DatabaseException: Table 'db_hub.chat_messages' doesn't exist
[Method: GET, Route: chat/getMessages]
in SYSTEMPATH\Database\BaseConnection.php on line 692.
 1 SYSTEMPATH\Database\BaseBuilder.php(1649): CodeIgniter\Database\BaseConnection->query('SELECT CONCAT(b.fullname, \' : \', a.message)message, `a`.`id`, `a`.`sender_id`, `b`.`user_id`
FROM `chat_messages` `a`
LEFT JOIN `users` `b` ON `b`.`user_id`=`a`.`sender_id`
ORDER BY `a`.`id` ASC', [], false)
 2 APPPATH\Controllers\ChatController.php(21): CodeIgniter\Database\BaseBuilder->get()
 3 SYSTEMPATH\CodeIgniter.php(933): App\Controllers\ChatController->getMessages()
 4 SYSTEMPATH\CodeIgniter.php(507): CodeIgniter\CodeIgniter->runController(Object(App\Controllers\ChatController))
 5 SYSTEMPATH\CodeIgniter.php(354): CodeIgniter\CodeIgniter->handleRequest(null, Object(Config\Cache), false)
 6 SYSTEMPATH\Boot.php(334): CodeIgniter\CodeIgniter->run()
 7 SYSTEMPATH\Boot.php(67): CodeIgniter\Boot::runCodeIgniter(Object(CodeIgniter\CodeIgniter))
 8 FCPATH\index.php(56): CodeIgniter\Boot::bootWeb(Object(Config\Paths))
 9 SYSTEMPATH\rewrite.php(44): require_once('C:\\Users\\Warvin B Mogate\\DigitalSportsHub\\public\\index.php')
CRITICAL - 2025-05-19 01:37:24 --> [Caused by] CodeIgniter\Database\Exceptions\DatabaseException: Table 'db_hub.chat_messages' doesn't exist
in SYSTEMPATH\Database\MySQLi\Connection.php on line 332.
 1 SYSTEMPATH\Database\BaseConnection.php(738): CodeIgniter\Database\MySQLi\Connection->execute('SELECT CONCAT(b.fullname, \' : \', a.message)message, `a`.`id`, `a`.`sender_id`, `b`.`user_id`
FROM `chat_messages` `a`
LEFT JOIN `users` `b` ON `b`.`user_id`=`a`.`sender_id`
ORDER BY `a`.`id` ASC')
 2 SYSTEMPATH\Database\BaseConnection.php(652): CodeIgniter\Database\BaseConnection->simpleQuery('SELECT CONCAT(b.fullname, \' : \', a.message)message, `a`.`id`, `a`.`sender_id`, `b`.`user_id`
FROM `chat_messages` `a`
LEFT JOIN `users` `b` ON `b`.`user_id`=`a`.`sender_id`
ORDER BY `a`.`id` ASC')
 3 SYSTEMPATH\Database\BaseBuilder.php(1649): CodeIgniter\Database\BaseConnection->query('SELECT CONCAT(b.fullname, \' : \', a.message)message, `a`.`id`, `a`.`sender_id`, `b`.`user_id`
FROM `chat_messages` `a`
LEFT JOIN `users` `b` ON `b`.`user_id`=`a`.`sender_id`
ORDER BY `a`.`id` ASC', [], false)
 4 APPPATH\Controllers\ChatController.php(21): CodeIgniter\Database\BaseBuilder->get()
 5 SYSTEMPATH\CodeIgniter.php(933): App\Controllers\ChatController->getMessages()
 6 SYSTEMPATH\CodeIgniter.php(507): CodeIgniter\CodeIgniter->runController(Object(App\Controllers\ChatController))
 7 SYSTEMPATH\CodeIgniter.php(354): CodeIgniter\CodeIgniter->handleRequest(null, Object(Config\Cache), false)
 8 SYSTEMPATH\Boot.php(334): CodeIgniter\CodeIgniter->run()
 9 SYSTEMPATH\Boot.php(67): CodeIgniter\Boot::runCodeIgniter(Object(CodeIgniter\CodeIgniter))
10 FCPATH\index.php(56): CodeIgniter\Boot::bootWeb(Object(Config\Paths))
11 SYSTEMPATH\rewrite.php(44): require_once('C:\\Users\\Warvin B Mogate\\DigitalSportsHub\\public\\index.php')
CRITICAL - 2025-05-19 01:37:24 --> [Caused by] mysqli_sql_exception: Table 'db_hub.chat_messages' doesn't exist
in SYSTEMPATH\Database\MySQLi\Connection.php on line 327.
 1 SYSTEMPATH\Database\MySQLi\Connection.php(327): mysqli->query('SELECT CONCAT(b.fullname, \' : \', a.message)message, `a`.`id`, `a`.`sender_id`, `b`.`user_id`
FROM `chat_messages` `a`
LEFT JOIN `users` `b` ON `b`.`user_id`=`a`.`sender_id`
ORDER BY `a`.`id` ASC', 0)
 2 SYSTEMPATH\Database\BaseConnection.php(738): CodeIgniter\Database\MySQLi\Connection->execute('SELECT CONCAT(b.fullname, \' : \', a.message)message, `a`.`id`, `a`.`sender_id`, `b`.`user_id`
FROM `chat_messages` `a`
LEFT JOIN `users` `b` ON `b`.`user_id`=`a`.`sender_id`
ORDER BY `a`.`id` ASC')
 3 SYSTEMPATH\Database\BaseConnection.php(652): CodeIgniter\Database\BaseConnection->simpleQuery('SELECT CONCAT(b.fullname, \' : \', a.message)message, `a`.`id`, `a`.`sender_id`, `b`.`user_id`
FROM `chat_messages` `a`
LEFT JOIN `users` `b` ON `b`.`user_id`=`a`.`sender_id`
ORDER BY `a`.`id` ASC')
 4 SYSTEMPATH\Database\BaseBuilder.php(1649): CodeIgniter\Database\BaseConnection->query('SELECT CONCAT(b.fullname, \' : \', a.message)message, `a`.`id`, `a`.`sender_id`, `b`.`user_id`
FROM `chat_messages` `a`
LEFT JOIN `users` `b` ON `b`.`user_id`=`a`.`sender_id`
ORDER BY `a`.`id` ASC', [], false)
 5 APPPATH\Controllers\ChatController.php(21): CodeIgniter\Database\BaseBuilder->get()
 6 SYSTEMPATH\CodeIgniter.php(933): App\Controllers\ChatController->getMessages()
 7 SYSTEMPATH\CodeIgniter.php(507): CodeIgniter\CodeIgniter->runController(Object(App\Controllers\ChatController))
 8 SYSTEMPATH\CodeIgniter.php(354): CodeIgniter\CodeIgniter->handleRequest(null, Object(Config\Cache), false)
 9 SYSTEMPATH\Boot.php(334): CodeIgniter\CodeIgniter->run()
10 SYSTEMPATH\Boot.php(67): CodeIgniter\Boot::runCodeIgniter(Object(CodeIgniter\CodeIgniter))
11 FCPATH\index.php(56): CodeIgniter\Boot::bootWeb(Object(Config\Paths))
12 SYSTEMPATH\rewrite.php(44): require_once('C:\\Users\\Warvin B Mogate\\DigitalSportsHub\\public\\index.php')
ERROR - 2025-05-19 01:37:27 --> mysqli_sql_exception: Table 'db_hub.chat_messages' doesn't exist in C:\Users\Warvin B Mogate\DigitalSportsHub\system\Database\MySQLi\Connection.php:327
Stack trace:
#0 C:\Users\Warvin B Mogate\DigitalSportsHub\system\Database\MySQLi\Connection.php(327): mysqli->query('SELECT CONCAT(b...', 0)
#1 C:\Users\Warvin B Mogate\DigitalSportsHub\system\Database\BaseConnection.php(738): CodeIgniter\Database\MySQLi\Connection->execute('SELECT CONCAT(b...')
#2 C:\Users\Warvin B Mogate\DigitalSportsHub\system\Database\BaseConnection.php(652): CodeIgniter\Database\BaseConnection->simpleQuery('SELECT CONCAT(b...')
#3 C:\Users\Warvin B Mogate\DigitalSportsHub\system\Database\BaseBuilder.php(1649): CodeIgniter\Database\BaseConnection->query('SELECT CONCAT(b...', Array, false)
#4 C:\Users\Warvin B Mogate\DigitalSportsHub\app\Controllers\ChatController.php(21): CodeIgniter\Database\BaseBuilder->get()
#5 C:\Users\Warvin B Mogate\DigitalSportsHub\system\CodeIgniter.php(933): App\Controllers\ChatController->getMessages()
#6 C:\Users\Warvin B Mogate\DigitalSportsHub\system\CodeIgniter.php(507): CodeIgniter\CodeIgniter->runController(Object(App\Controllers\ChatController))
#7 C:\Users\Warvin B Mogate\DigitalSportsHub\system\CodeIgniter.php(354): CodeIgniter\CodeIgniter->handleRequest(NULL, Object(Config\Cache), false)
#8 C:\Users\Warvin B Mogate\DigitalSportsHub\system\Boot.php(334): CodeIgniter\CodeIgniter->run()
#9 C:\Users\Warvin B Mogate\DigitalSportsHub\system\Boot.php(67): CodeIgniter\Boot::runCodeIgniter(Object(CodeIgniter\CodeIgniter))
#10 C:\Users\Warvin B Mogate\DigitalSportsHub\public\index.php(56): CodeIgniter\Boot::bootWeb(Object(Config\Paths))
#11 C:\Users\Warvin B Mogate\DigitalSportsHub\system\rewrite.php(44): require_once('C:\\Users\\Warvin...')
#12 {main}
CRITICAL - 2025-05-19 01:37:27 --> CodeIgniter\Database\Exceptions\DatabaseException: Table 'db_hub.chat_messages' doesn't exist
[Method: GET, Route: chat/getMessages]
in SYSTEMPATH\Database\BaseConnection.php on line 692.
 1 SYSTEMPATH\Database\BaseBuilder.php(1649): CodeIgniter\Database\BaseConnection->query('SELECT CONCAT(b.fullname, \' : \', a.message)message, `a`.`id`, `a`.`sender_id`, `b`.`user_id`
FROM `chat_messages` `a`
LEFT JOIN `users` `b` ON `b`.`user_id`=`a`.`sender_id`
ORDER BY `a`.`id` ASC', [], false)
 2 APPPATH\Controllers\ChatController.php(21): CodeIgniter\Database\BaseBuilder->get()
 3 SYSTEMPATH\CodeIgniter.php(933): App\Controllers\ChatController->getMessages()
 4 SYSTEMPATH\CodeIgniter.php(507): CodeIgniter\CodeIgniter->runController(Object(App\Controllers\ChatController))
 5 SYSTEMPATH\CodeIgniter.php(354): CodeIgniter\CodeIgniter->handleRequest(null, Object(Config\Cache), false)
 6 SYSTEMPATH\Boot.php(334): CodeIgniter\CodeIgniter->run()
 7 SYSTEMPATH\Boot.php(67): CodeIgniter\Boot::runCodeIgniter(Object(CodeIgniter\CodeIgniter))
 8 FCPATH\index.php(56): CodeIgniter\Boot::bootWeb(Object(Config\Paths))
 9 SYSTEMPATH\rewrite.php(44): require_once('C:\\Users\\Warvin B Mogate\\DigitalSportsHub\\public\\index.php')
CRITICAL - 2025-05-19 01:37:27 --> [Caused by] CodeIgniter\Database\Exceptions\DatabaseException: Table 'db_hub.chat_messages' doesn't exist
in SYSTEMPATH\Database\MySQLi\Connection.php on line 332.
 1 SYSTEMPATH\Database\BaseConnection.php(738): CodeIgniter\Database\MySQLi\Connection->execute('SELECT CONCAT(b.fullname, \' : \', a.message)message, `a`.`id`, `a`.`sender_id`, `b`.`user_id`
FROM `chat_messages` `a`
LEFT JOIN `users` `b` ON `b`.`user_id`=`a`.`sender_id`
ORDER BY `a`.`id` ASC')
 2 SYSTEMPATH\Database\BaseConnection.php(652): CodeIgniter\Database\BaseConnection->simpleQuery('SELECT CONCAT(b.fullname, \' : \', a.message)message, `a`.`id`, `a`.`sender_id`, `b`.`user_id`
FROM `chat_messages` `a`
LEFT JOIN `users` `b` ON `b`.`user_id`=`a`.`sender_id`
ORDER BY `a`.`id` ASC')
 3 SYSTEMPATH\Database\BaseBuilder.php(1649): CodeIgniter\Database\BaseConnection->query('SELECT CONCAT(b.fullname, \' : \', a.message)message, `a`.`id`, `a`.`sender_id`, `b`.`user_id`
FROM `chat_messages` `a`
LEFT JOIN `users` `b` ON `b`.`user_id`=`a`.`sender_id`
ORDER BY `a`.`id` ASC', [], false)
 4 APPPATH\Controllers\ChatController.php(21): CodeIgniter\Database\BaseBuilder->get()
 5 SYSTEMPATH\CodeIgniter.php(933): App\Controllers\ChatController->getMessages()
 6 SYSTEMPATH\CodeIgniter.php(507): CodeIgniter\CodeIgniter->runController(Object(App\Controllers\ChatController))
 7 SYSTEMPATH\CodeIgniter.php(354): CodeIgniter\CodeIgniter->handleRequest(null, Object(Config\Cache), false)
 8 SYSTEMPATH\Boot.php(334): CodeIgniter\CodeIgniter->run()
 9 SYSTEMPATH\Boot.php(67): CodeIgniter\Boot::runCodeIgniter(Object(CodeIgniter\CodeIgniter))
10 FCPATH\index.php(56): CodeIgniter\Boot::bootWeb(Object(Config\Paths))
11 SYSTEMPATH\rewrite.php(44): require_once('C:\\Users\\Warvin B Mogate\\DigitalSportsHub\\public\\index.php')
CRITICAL - 2025-05-19 01:37:27 --> [Caused by] mysqli_sql_exception: Table 'db_hub.chat_messages' doesn't exist
in SYSTEMPATH\Database\MySQLi\Connection.php on line 327.
 1 SYSTEMPATH\Database\MySQLi\Connection.php(327): mysqli->query('SELECT CONCAT(b.fullname, \' : \', a.message)message, `a`.`id`, `a`.`sender_id`, `b`.`user_id`
FROM `chat_messages` `a`
LEFT JOIN `users` `b` ON `b`.`user_id`=`a`.`sender_id`
ORDER BY `a`.`id` ASC', 0)
 2 SYSTEMPATH\Database\BaseConnection.php(738): CodeIgniter\Database\MySQLi\Connection->execute('SELECT CONCAT(b.fullname, \' : \', a.message)message, `a`.`id`, `a`.`sender_id`, `b`.`user_id`
FROM `chat_messages` `a`
LEFT JOIN `users` `b` ON `b`.`user_id`=`a`.`sender_id`
ORDER BY `a`.`id` ASC')
 3 SYSTEMPATH\Database\BaseConnection.php(652): CodeIgniter\Database\BaseConnection->simpleQuery('SELECT CONCAT(b.fullname, \' : \', a.message)message, `a`.`id`, `a`.`sender_id`, `b`.`user_id`
FROM `chat_messages` `a`
LEFT JOIN `users` `b` ON `b`.`user_id`=`a`.`sender_id`
ORDER BY `a`.`id` ASC')
 4 SYSTEMPATH\Database\BaseBuilder.php(1649): CodeIgniter\Database\BaseConnection->query('SELECT CONCAT(b.fullname, \' : \', a.message)message, `a`.`id`, `a`.`sender_id`, `b`.`user_id`
FROM `chat_messages` `a`
LEFT JOIN `users` `b` ON `b`.`user_id`=`a`.`sender_id`
ORDER BY `a`.`id` ASC', [], false)
 5 APPPATH\Controllers\ChatController.php(21): CodeIgniter\Database\BaseBuilder->get()
 6 SYSTEMPATH\CodeIgniter.php(933): App\Controllers\ChatController->getMessages()
 7 SYSTEMPATH\CodeIgniter.php(507): CodeIgniter\CodeIgniter->runController(Object(App\Controllers\ChatController))
 8 SYSTEMPATH\CodeIgniter.php(354): CodeIgniter\CodeIgniter->handleRequest(null, Object(Config\Cache), false)
 9 SYSTEMPATH\Boot.php(334): CodeIgniter\CodeIgniter->run()
10 SYSTEMPATH\Boot.php(67): CodeIgniter\Boot::runCodeIgniter(Object(CodeIgniter\CodeIgniter))
11 FCPATH\index.php(56): CodeIgniter\Boot::bootWeb(Object(Config\Paths))
12 SYSTEMPATH\rewrite.php(44): require_once('C:\\Users\\Warvin B Mogate\\DigitalSportsHub\\public\\index.php')
ERROR - 2025-05-19 01:37:30 --> mysqli_sql_exception: Table 'db_hub.chat_messages' doesn't exist in C:\Users\Warvin B Mogate\DigitalSportsHub\system\Database\MySQLi\Connection.php:327
Stack trace:
#0 C:\Users\Warvin B Mogate\DigitalSportsHub\system\Database\MySQLi\Connection.php(327): mysqli->query('SELECT CONCAT(b...', 0)
#1 C:\Users\Warvin B Mogate\DigitalSportsHub\system\Database\BaseConnection.php(738): CodeIgniter\Database\MySQLi\Connection->execute('SELECT CONCAT(b...')
#2 C:\Users\Warvin B Mogate\DigitalSportsHub\system\Database\BaseConnection.php(652): CodeIgniter\Database\BaseConnection->simpleQuery('SELECT CONCAT(b...')
#3 C:\Users\Warvin B Mogate\DigitalSportsHub\system\Database\BaseBuilder.php(1649): CodeIgniter\Database\BaseConnection->query('SELECT CONCAT(b...', Array, false)
#4 C:\Users\Warvin B Mogate\DigitalSportsHub\app\Controllers\ChatController.php(21): CodeIgniter\Database\BaseBuilder->get()
#5 C:\Users\Warvin B Mogate\DigitalSportsHub\system\CodeIgniter.php(933): App\Controllers\ChatController->getMessages()
#6 C:\Users\Warvin B Mogate\DigitalSportsHub\system\CodeIgniter.php(507): CodeIgniter\CodeIgniter->runController(Object(App\Controllers\ChatController))
#7 C:\Users\Warvin B Mogate\DigitalSportsHub\system\CodeIgniter.php(354): CodeIgniter\CodeIgniter->handleRequest(NULL, Object(Config\Cache), false)
#8 C:\Users\Warvin B Mogate\DigitalSportsHub\system\Boot.php(334): CodeIgniter\CodeIgniter->run()
#9 C:\Users\Warvin B Mogate\DigitalSportsHub\system\Boot.php(67): CodeIgniter\Boot::runCodeIgniter(Object(CodeIgniter\CodeIgniter))
#10 C:\Users\Warvin B Mogate\DigitalSportsHub\public\index.php(56): CodeIgniter\Boot::bootWeb(Object(Config\Paths))
#11 C:\Users\Warvin B Mogate\DigitalSportsHub\system\rewrite.php(44): require_once('C:\\Users\\Warvin...')
#12 {main}
CRITICAL - 2025-05-19 01:37:30 --> CodeIgniter\Database\Exceptions\DatabaseException: Table 'db_hub.chat_messages' doesn't exist
[Method: GET, Route: chat/getMessages]
in SYSTEMPATH\Database\BaseConnection.php on line 692.
 1 SYSTEMPATH\Database\BaseBuilder.php(1649): CodeIgniter\Database\BaseConnection->query('SELECT CONCAT(b.fullname, \' : \', a.message)message, `a`.`id`, `a`.`sender_id`, `b`.`user_id`
FROM `chat_messages` `a`
LEFT JOIN `users` `b` ON `b`.`user_id`=`a`.`sender_id`
ORDER BY `a`.`id` ASC', [], false)
 2 APPPATH\Controllers\ChatController.php(21): CodeIgniter\Database\BaseBuilder->get()
 3 SYSTEMPATH\CodeIgniter.php(933): App\Controllers\ChatController->getMessages()
 4 SYSTEMPATH\CodeIgniter.php(507): CodeIgniter\CodeIgniter->runController(Object(App\Controllers\ChatController))
 5 SYSTEMPATH\CodeIgniter.php(354): CodeIgniter\CodeIgniter->handleRequest(null, Object(Config\Cache), false)
 6 SYSTEMPATH\Boot.php(334): CodeIgniter\CodeIgniter->run()
 7 SYSTEMPATH\Boot.php(67): CodeIgniter\Boot::runCodeIgniter(Object(CodeIgniter\CodeIgniter))
 8 FCPATH\index.php(56): CodeIgniter\Boot::bootWeb(Object(Config\Paths))
 9 SYSTEMPATH\rewrite.php(44): require_once('C:\\Users\\Warvin B Mogate\\DigitalSportsHub\\public\\index.php')
CRITICAL - 2025-05-19 01:37:30 --> [Caused by] CodeIgniter\Database\Exceptions\DatabaseException: Table 'db_hub.chat_messages' doesn't exist
in SYSTEMPATH\Database\MySQLi\Connection.php on line 332.
 1 SYSTEMPATH\Database\BaseConnection.php(738): CodeIgniter\Database\MySQLi\Connection->execute('SELECT CONCAT(b.fullname, \' : \', a.message)message, `a`.`id`, `a`.`sender_id`, `b`.`user_id`
FROM `chat_messages` `a`
LEFT JOIN `users` `b` ON `b`.`user_id`=`a`.`sender_id`
ORDER BY `a`.`id` ASC')
 2 SYSTEMPATH\Database\BaseConnection.php(652): CodeIgniter\Database\BaseConnection->simpleQuery('SELECT CONCAT(b.fullname, \' : \', a.message)message, `a`.`id`, `a`.`sender_id`, `b`.`user_id`
FROM `chat_messages` `a`
LEFT JOIN `users` `b` ON `b`.`user_id`=`a`.`sender_id`
ORDER BY `a`.`id` ASC')
 3 SYSTEMPATH\Database\BaseBuilder.php(1649): CodeIgniter\Database\BaseConnection->query('SELECT CONCAT(b.fullname, \' : \', a.message)message, `a`.`id`, `a`.`sender_id`, `b`.`user_id`
FROM `chat_messages` `a`
LEFT JOIN `users` `b` ON `b`.`user_id`=`a`.`sender_id`
ORDER BY `a`.`id` ASC', [], false)
 4 APPPATH\Controllers\ChatController.php(21): CodeIgniter\Database\BaseBuilder->get()
 5 SYSTEMPATH\CodeIgniter.php(933): App\Controllers\ChatController->getMessages()
 6 SYSTEMPATH\CodeIgniter.php(507): CodeIgniter\CodeIgniter->runController(Object(App\Controllers\ChatController))
 7 SYSTEMPATH\CodeIgniter.php(354): CodeIgniter\CodeIgniter->handleRequest(null, Object(Config\Cache), false)
 8 SYSTEMPATH\Boot.php(334): CodeIgniter\CodeIgniter->run()
 9 SYSTEMPATH\Boot.php(67): CodeIgniter\Boot::runCodeIgniter(Object(CodeIgniter\CodeIgniter))
10 FCPATH\index.php(56): CodeIgniter\Boot::bootWeb(Object(Config\Paths))
11 SYSTEMPATH\rewrite.php(44): require_once('C:\\Users\\Warvin B Mogate\\DigitalSportsHub\\public\\index.php')
CRITICAL - 2025-05-19 01:37:30 --> [Caused by] mysqli_sql_exception: Table 'db_hub.chat_messages' doesn't exist
in SYSTEMPATH\Database\MySQLi\Connection.php on line 327.
 1 SYSTEMPATH\Database\MySQLi\Connection.php(327): mysqli->query('SELECT CONCAT(b.fullname, \' : \', a.message)message, `a`.`id`, `a`.`sender_id`, `b`.`user_id`
FROM `chat_messages` `a`
LEFT JOIN `users` `b` ON `b`.`user_id`=`a`.`sender_id`
ORDER BY `a`.`id` ASC', 0)
 2 SYSTEMPATH\Database\BaseConnection.php(738): CodeIgniter\Database\MySQLi\Connection->execute('SELECT CONCAT(b.fullname, \' : \', a.message)message, `a`.`id`, `a`.`sender_id`, `b`.`user_id`
FROM `chat_messages` `a`
LEFT JOIN `users` `b` ON `b`.`user_id`=`a`.`sender_id`
ORDER BY `a`.`id` ASC')
 3 SYSTEMPATH\Database\BaseConnection.php(652): CodeIgniter\Database\BaseConnection->simpleQuery('SELECT CONCAT(b.fullname, \' : \', a.message)message, `a`.`id`, `a`.`sender_id`, `b`.`user_id`
FROM `chat_messages` `a`
LEFT JOIN `users` `b` ON `b`.`user_id`=`a`.`sender_id`
ORDER BY `a`.`id` ASC')
 4 SYSTEMPATH\Database\BaseBuilder.php(1649): CodeIgniter\Database\BaseConnection->query('SELECT CONCAT(b.fullname, \' : \', a.message)message, `a`.`id`, `a`.`sender_id`, `b`.`user_id`
FROM `chat_messages` `a`
LEFT JOIN `users` `b` ON `b`.`user_id`=`a`.`sender_id`
ORDER BY `a`.`id` ASC', [], false)
 5 APPPATH\Controllers\ChatController.php(21): CodeIgniter\Database\BaseBuilder->get()
 6 SYSTEMPATH\CodeIgniter.php(933): App\Controllers\ChatController->getMessages()
 7 SYSTEMPATH\CodeIgniter.php(507): CodeIgniter\CodeIgniter->runController(Object(App\Controllers\ChatController))
 8 SYSTEMPATH\CodeIgniter.php(354): CodeIgniter\CodeIgniter->handleRequest(null, Object(Config\Cache), false)
 9 SYSTEMPATH\Boot.php(334): CodeIgniter\CodeIgniter->run()
10 SYSTEMPATH\Boot.php(67): CodeIgniter\Boot::runCodeIgniter(Object(CodeIgniter\CodeIgniter))
11 FCPATH\index.php(56): CodeIgniter\Boot::bootWeb(Object(Config\Paths))
12 SYSTEMPATH\rewrite.php(44): require_once('C:\\Users\\Warvin B Mogate\\DigitalSportsHub\\public\\index.php')
ERROR - 2025-05-19 01:37:33 --> mysqli_sql_exception: Table 'db_hub.chat_messages' doesn't exist in C:\Users\Warvin B Mogate\DigitalSportsHub\system\Database\MySQLi\Connection.php:327
Stack trace:
#0 C:\Users\Warvin B Mogate\DigitalSportsHub\system\Database\MySQLi\Connection.php(327): mysqli->query('SELECT CONCAT(b...', 0)
#1 C:\Users\Warvin B Mogate\DigitalSportsHub\system\Database\BaseConnection.php(738): CodeIgniter\Database\MySQLi\Connection->execute('SELECT CONCAT(b...')
#2 C:\Users\Warvin B Mogate\DigitalSportsHub\system\Database\BaseConnection.php(652): CodeIgniter\Database\BaseConnection->simpleQuery('SELECT CONCAT(b...')
#3 C:\Users\Warvin B Mogate\DigitalSportsHub\system\Database\BaseBuilder.php(1649): CodeIgniter\Database\BaseConnection->query('SELECT CONCAT(b...', Array, false)
#4 C:\Users\Warvin B Mogate\DigitalSportsHub\app\Controllers\ChatController.php(21): CodeIgniter\Database\BaseBuilder->get()
#5 C:\Users\Warvin B Mogate\DigitalSportsHub\system\CodeIgniter.php(933): App\Controllers\ChatController->getMessages()
#6 C:\Users\Warvin B Mogate\DigitalSportsHub\system\CodeIgniter.php(507): CodeIgniter\CodeIgniter->runController(Object(App\Controllers\ChatController))
#7 C:\Users\Warvin B Mogate\DigitalSportsHub\system\CodeIgniter.php(354): CodeIgniter\CodeIgniter->handleRequest(NULL, Object(Config\Cache), false)
#8 C:\Users\Warvin B Mogate\DigitalSportsHub\system\Boot.php(334): CodeIgniter\CodeIgniter->run()
#9 C:\Users\Warvin B Mogate\DigitalSportsHub\system\Boot.php(67): CodeIgniter\Boot::runCodeIgniter(Object(CodeIgniter\CodeIgniter))
#10 C:\Users\Warvin B Mogate\DigitalSportsHub\public\index.php(56): CodeIgniter\Boot::bootWeb(Object(Config\Paths))
#11 C:\Users\Warvin B Mogate\DigitalSportsHub\system\rewrite.php(44): require_once('C:\\Users\\Warvin...')
#12 {main}
CRITICAL - 2025-05-19 01:37:33 --> CodeIgniter\Database\Exceptions\DatabaseException: Table 'db_hub.chat_messages' doesn't exist
[Method: GET, Route: chat/getMessages]
in SYSTEMPATH\Database\BaseConnection.php on line 692.
 1 SYSTEMPATH\Database\BaseBuilder.php(1649): CodeIgniter\Database\BaseConnection->query('SELECT CONCAT(b.fullname, \' : \', a.message)message, `a`.`id`, `a`.`sender_id`, `b`.`user_id`
FROM `chat_messages` `a`
LEFT JOIN `users` `b` ON `b`.`user_id`=`a`.`sender_id`
ORDER BY `a`.`id` ASC', [], false)
 2 APPPATH\Controllers\ChatController.php(21): CodeIgniter\Database\BaseBuilder->get()
 3 SYSTEMPATH\CodeIgniter.php(933): App\Controllers\ChatController->getMessages()
 4 SYSTEMPATH\CodeIgniter.php(507): CodeIgniter\CodeIgniter->runController(Object(App\Controllers\ChatController))
 5 SYSTEMPATH\CodeIgniter.php(354): CodeIgniter\CodeIgniter->handleRequest(null, Object(Config\Cache), false)
 6 SYSTEMPATH\Boot.php(334): CodeIgniter\CodeIgniter->run()
 7 SYSTEMPATH\Boot.php(67): CodeIgniter\Boot::runCodeIgniter(Object(CodeIgniter\CodeIgniter))
 8 FCPATH\index.php(56): CodeIgniter\Boot::bootWeb(Object(Config\Paths))
 9 SYSTEMPATH\rewrite.php(44): require_once('C:\\Users\\Warvin B Mogate\\DigitalSportsHub\\public\\index.php')
CRITICAL - 2025-05-19 01:37:33 --> [Caused by] CodeIgniter\Database\Exceptions\DatabaseException: Table 'db_hub.chat_messages' doesn't exist
in SYSTEMPATH\Database\MySQLi\Connection.php on line 332.
 1 SYSTEMPATH\Database\BaseConnection.php(738): CodeIgniter\Database\MySQLi\Connection->execute('SELECT CONCAT(b.fullname, \' : \', a.message)message, `a`.`id`, `a`.`sender_id`, `b`.`user_id`
FROM `chat_messages` `a`
LEFT JOIN `users` `b` ON `b`.`user_id`=`a`.`sender_id`
ORDER BY `a`.`id` ASC')
 2 SYSTEMPATH\Database\BaseConnection.php(652): CodeIgniter\Database\BaseConnection->simpleQuery('SELECT CONCAT(b.fullname, \' : \', a.message)message, `a`.`id`, `a`.`sender_id`, `b`.`user_id`
FROM `chat_messages` `a`
LEFT JOIN `users` `b` ON `b`.`user_id`=`a`.`sender_id`
ORDER BY `a`.`id` ASC')
 3 SYSTEMPATH\Database\BaseBuilder.php(1649): CodeIgniter\Database\BaseConnection->query('SELECT CONCAT(b.fullname, \' : \', a.message)message, `a`.`id`, `a`.`sender_id`, `b`.`user_id`
FROM `chat_messages` `a`
LEFT JOIN `users` `b` ON `b`.`user_id`=`a`.`sender_id`
ORDER BY `a`.`id` ASC', [], false)
 4 APPPATH\Controllers\ChatController.php(21): CodeIgniter\Database\BaseBuilder->get()
 5 SYSTEMPATH\CodeIgniter.php(933): App\Controllers\ChatController->getMessages()
 6 SYSTEMPATH\CodeIgniter.php(507): CodeIgniter\CodeIgniter->runController(Object(App\Controllers\ChatController))
 7 SYSTEMPATH\CodeIgniter.php(354): CodeIgniter\CodeIgniter->handleRequest(null, Object(Config\Cache), false)
 8 SYSTEMPATH\Boot.php(334): CodeIgniter\CodeIgniter->run()
 9 SYSTEMPATH\Boot.php(67): CodeIgniter\Boot::runCodeIgniter(Object(CodeIgniter\CodeIgniter))
10 FCPATH\index.php(56): CodeIgniter\Boot::bootWeb(Object(Config\Paths))
11 SYSTEMPATH\rewrite.php(44): require_once('C:\\Users\\Warvin B Mogate\\DigitalSportsHub\\public\\index.php')
CRITICAL - 2025-05-19 01:37:33 --> [Caused by] mysqli_sql_exception: Table 'db_hub.chat_messages' doesn't exist
in SYSTEMPATH\Database\MySQLi\Connection.php on line 327.
 1 SYSTEMPATH\Database\MySQLi\Connection.php(327): mysqli->query('SELECT CONCAT(b.fullname, \' : \', a.message)message, `a`.`id`, `a`.`sender_id`, `b`.`user_id`
FROM `chat_messages` `a`
LEFT JOIN `users` `b` ON `b`.`user_id`=`a`.`sender_id`
ORDER BY `a`.`id` ASC', 0)
 2 SYSTEMPATH\Database\BaseConnection.php(738): CodeIgniter\Database\MySQLi\Connection->execute('SELECT CONCAT(b.fullname, \' : \', a.message)message, `a`.`id`, `a`.`sender_id`, `b`.`user_id`
FROM `chat_messages` `a`
LEFT JOIN `users` `b` ON `b`.`user_id`=`a`.`sender_id`
ORDER BY `a`.`id` ASC')
 3 SYSTEMPATH\Database\BaseConnection.php(652): CodeIgniter\Database\BaseConnection->simpleQuery('SELECT CONCAT(b.fullname, \' : \', a.message)message, `a`.`id`, `a`.`sender_id`, `b`.`user_id`
FROM `chat_messages` `a`
LEFT JOIN `users` `b` ON `b`.`user_id`=`a`.`sender_id`
ORDER BY `a`.`id` ASC')
 4 SYSTEMPATH\Database\BaseBuilder.php(1649): CodeIgniter\Database\BaseConnection->query('SELECT CONCAT(b.fullname, \' : \', a.message)message, `a`.`id`, `a`.`sender_id`, `b`.`user_id`
FROM `chat_messages` `a`
LEFT JOIN `users` `b` ON `b`.`user_id`=`a`.`sender_id`
ORDER BY `a`.`id` ASC', [], false)
 5 APPPATH\Controllers\ChatController.php(21): CodeIgniter\Database\BaseBuilder->get()
 6 SYSTEMPATH\CodeIgniter.php(933): App\Controllers\ChatController->getMessages()
 7 SYSTEMPATH\CodeIgniter.php(507): CodeIgniter\CodeIgniter->runController(Object(App\Controllers\ChatController))
 8 SYSTEMPATH\CodeIgniter.php(354): CodeIgniter\CodeIgniter->handleRequest(null, Object(Config\Cache), false)
 9 SYSTEMPATH\Boot.php(334): CodeIgniter\CodeIgniter->run()
10 SYSTEMPATH\Boot.php(67): CodeIgniter\Boot::runCodeIgniter(Object(CodeIgniter\CodeIgniter))
11 FCPATH\index.php(56): CodeIgniter\Boot::bootWeb(Object(Config\Paths))
12 SYSTEMPATH\rewrite.php(44): require_once('C:\\Users\\Warvin B Mogate\\DigitalSportsHub\\public\\index.php')
ERROR - 2025-05-19 01:37:36 --> mysqli_sql_exception: Table 'db_hub.chat_messages' doesn't exist in C:\Users\Warvin B Mogate\DigitalSportsHub\system\Database\MySQLi\Connection.php:327
Stack trace:
#0 C:\Users\Warvin B Mogate\DigitalSportsHub\system\Database\MySQLi\Connection.php(327): mysqli->query('SELECT CONCAT(b...', 0)
#1 C:\Users\Warvin B Mogate\DigitalSportsHub\system\Database\BaseConnection.php(738): CodeIgniter\Database\MySQLi\Connection->execute('SELECT CONCAT(b...')
#2 C:\Users\Warvin B Mogate\DigitalSportsHub\system\Database\BaseConnection.php(652): CodeIgniter\Database\BaseConnection->simpleQuery('SELECT CONCAT(b...')
#3 C:\Users\Warvin B Mogate\DigitalSportsHub\system\Database\BaseBuilder.php(1649): CodeIgniter\Database\BaseConnection->query('SELECT CONCAT(b...', Array, false)
#4 C:\Users\Warvin B Mogate\DigitalSportsHub\app\Controllers\ChatController.php(21): CodeIgniter\Database\BaseBuilder->get()
#5 C:\Users\Warvin B Mogate\DigitalSportsHub\system\CodeIgniter.php(933): App\Controllers\ChatController->getMessages()
#6 C:\Users\Warvin B Mogate\DigitalSportsHub\system\CodeIgniter.php(507): CodeIgniter\CodeIgniter->runController(Object(App\Controllers\ChatController))
#7 C:\Users\Warvin B Mogate\DigitalSportsHub\system\CodeIgniter.php(354): CodeIgniter\CodeIgniter->handleRequest(NULL, Object(Config\Cache), false)
#8 C:\Users\Warvin B Mogate\DigitalSportsHub\system\Boot.php(334): CodeIgniter\CodeIgniter->run()
#9 C:\Users\Warvin B Mogate\DigitalSportsHub\system\Boot.php(67): CodeIgniter\Boot::runCodeIgniter(Object(CodeIgniter\CodeIgniter))
#10 C:\Users\Warvin B Mogate\DigitalSportsHub\public\index.php(56): CodeIgniter\Boot::bootWeb(Object(Config\Paths))
#11 C:\Users\Warvin B Mogate\DigitalSportsHub\system\rewrite.php(44): require_once('C:\\Users\\Warvin...')
#12 {main}
CRITICAL - 2025-05-19 01:37:36 --> CodeIgniter\Database\Exceptions\DatabaseException: Table 'db_hub.chat_messages' doesn't exist
[Method: GET, Route: chat/getMessages]
in SYSTEMPATH\Database\BaseConnection.php on line 692.
 1 SYSTEMPATH\Database\BaseBuilder.php(1649): CodeIgniter\Database\BaseConnection->query('SELECT CONCAT(b.fullname, \' : \', a.message)message, `a`.`id`, `a`.`sender_id`, `b`.`user_id`
FROM `chat_messages` `a`
LEFT JOIN `users` `b` ON `b`.`user_id`=`a`.`sender_id`
ORDER BY `a`.`id` ASC', [], false)
 2 APPPATH\Controllers\ChatController.php(21): CodeIgniter\Database\BaseBuilder->get()
 3 SYSTEMPATH\CodeIgniter.php(933): App\Controllers\ChatController->getMessages()
 4 SYSTEMPATH\CodeIgniter.php(507): CodeIgniter\CodeIgniter->runController(Object(App\Controllers\ChatController))
 5 SYSTEMPATH\CodeIgniter.php(354): CodeIgniter\CodeIgniter->handleRequest(null, Object(Config\Cache), false)
 6 SYSTEMPATH\Boot.php(334): CodeIgniter\CodeIgniter->run()
 7 SYSTEMPATH\Boot.php(67): CodeIgniter\Boot::runCodeIgniter(Object(CodeIgniter\CodeIgniter))
 8 FCPATH\index.php(56): CodeIgniter\Boot::bootWeb(Object(Config\Paths))
 9 SYSTEMPATH\rewrite.php(44): require_once('C:\\Users\\Warvin B Mogate\\DigitalSportsHub\\public\\index.php')
CRITICAL - 2025-05-19 01:37:36 --> [Caused by] CodeIgniter\Database\Exceptions\DatabaseException: Table 'db_hub.chat_messages' doesn't exist
in SYSTEMPATH\Database\MySQLi\Connection.php on line 332.
 1 SYSTEMPATH\Database\BaseConnection.php(738): CodeIgniter\Database\MySQLi\Connection->execute('SELECT CONCAT(b.fullname, \' : \', a.message)message, `a`.`id`, `a`.`sender_id`, `b`.`user_id`
FROM `chat_messages` `a`
LEFT JOIN `users` `b` ON `b`.`user_id`=`a`.`sender_id`
ORDER BY `a`.`id` ASC')
 2 SYSTEMPATH\Database\BaseConnection.php(652): CodeIgniter\Database\BaseConnection->simpleQuery('SELECT CONCAT(b.fullname, \' : \', a.message)message, `a`.`id`, `a`.`sender_id`, `b`.`user_id`
FROM `chat_messages` `a`
LEFT JOIN `users` `b` ON `b`.`user_id`=`a`.`sender_id`
ORDER BY `a`.`id` ASC')
 3 SYSTEMPATH\Database\BaseBuilder.php(1649): CodeIgniter\Database\BaseConnection->query('SELECT CONCAT(b.fullname, \' : \', a.message)message, `a`.`id`, `a`.`sender_id`, `b`.`user_id`
FROM `chat_messages` `a`
LEFT JOIN `users` `b` ON `b`.`user_id`=`a`.`sender_id`
ORDER BY `a`.`id` ASC', [], false)
 4 APPPATH\Controllers\ChatController.php(21): CodeIgniter\Database\BaseBuilder->get()
 5 SYSTEMPATH\CodeIgniter.php(933): App\Controllers\ChatController->getMessages()
 6 SYSTEMPATH\CodeIgniter.php(507): CodeIgniter\CodeIgniter->runController(Object(App\Controllers\ChatController))
 7 SYSTEMPATH\CodeIgniter.php(354): CodeIgniter\CodeIgniter->handleRequest(null, Object(Config\Cache), false)
 8 SYSTEMPATH\Boot.php(334): CodeIgniter\CodeIgniter->run()
 9 SYSTEMPATH\Boot.php(67): CodeIgniter\Boot::runCodeIgniter(Object(CodeIgniter\CodeIgniter))
10 FCPATH\index.php(56): CodeIgniter\Boot::bootWeb(Object(Config\Paths))
11 SYSTEMPATH\rewrite.php(44): require_once('C:\\Users\\Warvin B Mogate\\DigitalSportsHub\\public\\index.php')
CRITICAL - 2025-05-19 01:37:36 --> [Caused by] mysqli_sql_exception: Table 'db_hub.chat_messages' doesn't exist
in SYSTEMPATH\Database\MySQLi\Connection.php on line 327.
 1 SYSTEMPATH\Database\MySQLi\Connection.php(327): mysqli->query('SELECT CONCAT(b.fullname, \' : \', a.message)message, `a`.`id`, `a`.`sender_id`, `b`.`user_id`
FROM `chat_messages` `a`
LEFT JOIN `users` `b` ON `b`.`user_id`=`a`.`sender_id`
ORDER BY `a`.`id` ASC', 0)
 2 SYSTEMPATH\Database\BaseConnection.php(738): CodeIgniter\Database\MySQLi\Connection->execute('SELECT CONCAT(b.fullname, \' : \', a.message)message, `a`.`id`, `a`.`sender_id`, `b`.`user_id`
FROM `chat_messages` `a`
LEFT JOIN `users` `b` ON `b`.`user_id`=`a`.`sender_id`
ORDER BY `a`.`id` ASC')
 3 SYSTEMPATH\Database\BaseConnection.php(652): CodeIgniter\Database\BaseConnection->simpleQuery('SELECT CONCAT(b.fullname, \' : \', a.message)message, `a`.`id`, `a`.`sender_id`, `b`.`user_id`
FROM `chat_messages` `a`
LEFT JOIN `users` `b` ON `b`.`user_id`=`a`.`sender_id`
ORDER BY `a`.`id` ASC')
 4 SYSTEMPATH\Database\BaseBuilder.php(1649): CodeIgniter\Database\BaseConnection->query('SELECT CONCAT(b.fullname, \' : \', a.message)message, `a`.`id`, `a`.`sender_id`, `b`.`user_id`
FROM `chat_messages` `a`
LEFT JOIN `users` `b` ON `b`.`user_id`=`a`.`sender_id`
ORDER BY `a`.`id` ASC', [], false)
 5 APPPATH\Controllers\ChatController.php(21): CodeIgniter\Database\BaseBuilder->get()
 6 SYSTEMPATH\CodeIgniter.php(933): App\Controllers\ChatController->getMessages()
 7 SYSTEMPATH\CodeIgniter.php(507): CodeIgniter\CodeIgniter->runController(Object(App\Controllers\ChatController))
 8 SYSTEMPATH\CodeIgniter.php(354): CodeIgniter\CodeIgniter->handleRequest(null, Object(Config\Cache), false)
 9 SYSTEMPATH\Boot.php(334): CodeIgniter\CodeIgniter->run()
10 SYSTEMPATH\Boot.php(67): CodeIgniter\Boot::runCodeIgniter(Object(CodeIgniter\CodeIgniter))
11 FCPATH\index.php(56): CodeIgniter\Boot::bootWeb(Object(Config\Paths))
12 SYSTEMPATH\rewrite.php(44): require_once('C:\\Users\\Warvin B Mogate\\DigitalSportsHub\\public\\index.php')
ERROR - 2025-05-19 01:37:39 --> mysqli_sql_exception: Table 'db_hub.chat_messages' doesn't exist in C:\Users\Warvin B Mogate\DigitalSportsHub\system\Database\MySQLi\Connection.php:327
Stack trace:
#0 C:\Users\Warvin B Mogate\DigitalSportsHub\system\Database\MySQLi\Connection.php(327): mysqli->query('SELECT CONCAT(b...', 0)
#1 C:\Users\Warvin B Mogate\DigitalSportsHub\system\Database\BaseConnection.php(738): CodeIgniter\Database\MySQLi\Connection->execute('SELECT CONCAT(b...')
#2 C:\Users\Warvin B Mogate\DigitalSportsHub\system\Database\BaseConnection.php(652): CodeIgniter\Database\BaseConnection->simpleQuery('SELECT CONCAT(b...')
#3 C:\Users\Warvin B Mogate\DigitalSportsHub\system\Database\BaseBuilder.php(1649): CodeIgniter\Database\BaseConnection->query('SELECT CONCAT(b...', Array, false)
#4 C:\Users\Warvin B Mogate\DigitalSportsHub\app\Controllers\ChatController.php(21): CodeIgniter\Database\BaseBuilder->get()
#5 C:\Users\Warvin B Mogate\DigitalSportsHub\system\CodeIgniter.php(933): App\Controllers\ChatController->getMessages()
#6 C:\Users\Warvin B Mogate\DigitalSportsHub\system\CodeIgniter.php(507): CodeIgniter\CodeIgniter->runController(Object(App\Controllers\ChatController))
#7 C:\Users\Warvin B Mogate\DigitalSportsHub\system\CodeIgniter.php(354): CodeIgniter\CodeIgniter->handleRequest(NULL, Object(Config\Cache), false)
#8 C:\Users\Warvin B Mogate\DigitalSportsHub\system\Boot.php(334): CodeIgniter\CodeIgniter->run()
#9 C:\Users\Warvin B Mogate\DigitalSportsHub\system\Boot.php(67): CodeIgniter\Boot::runCodeIgniter(Object(CodeIgniter\CodeIgniter))
#10 C:\Users\Warvin B Mogate\DigitalSportsHub\public\index.php(56): CodeIgniter\Boot::bootWeb(Object(Config\Paths))
#11 C:\Users\Warvin B Mogate\DigitalSportsHub\system\rewrite.php(44): require_once('C:\\Users\\Warvin...')
#12 {main}
CRITICAL - 2025-05-19 01:37:39 --> CodeIgniter\Database\Exceptions\DatabaseException: Table 'db_hub.chat_messages' doesn't exist
[Method: GET, Route: chat/getMessages]
in SYSTEMPATH\Database\BaseConnection.php on line 692.
 1 SYSTEMPATH\Database\BaseBuilder.php(1649): CodeIgniter\Database\BaseConnection->query('SELECT CONCAT(b.fullname, \' : \', a.message)message, `a`.`id`, `a`.`sender_id`, `b`.`user_id`
FROM `chat_messages` `a`
LEFT JOIN `users` `b` ON `b`.`user_id`=`a`.`sender_id`
ORDER BY `a`.`id` ASC', [], false)
 2 APPPATH\Controllers\ChatController.php(21): CodeIgniter\Database\BaseBuilder->get()
 3 SYSTEMPATH\CodeIgniter.php(933): App\Controllers\ChatController->getMessages()
 4 SYSTEMPATH\CodeIgniter.php(507): CodeIgniter\CodeIgniter->runController(Object(App\Controllers\ChatController))
 5 SYSTEMPATH\CodeIgniter.php(354): CodeIgniter\CodeIgniter->handleRequest(null, Object(Config\Cache), false)
 6 SYSTEMPATH\Boot.php(334): CodeIgniter\CodeIgniter->run()
 7 SYSTEMPATH\Boot.php(67): CodeIgniter\Boot::runCodeIgniter(Object(CodeIgniter\CodeIgniter))
 8 FCPATH\index.php(56): CodeIgniter\Boot::bootWeb(Object(Config\Paths))
 9 SYSTEMPATH\rewrite.php(44): require_once('C:\\Users\\Warvin B Mogate\\DigitalSportsHub\\public\\index.php')
CRITICAL - 2025-05-19 01:37:39 --> [Caused by] CodeIgniter\Database\Exceptions\DatabaseException: Table 'db_hub.chat_messages' doesn't exist
in SYSTEMPATH\Database\MySQLi\Connection.php on line 332.
 1 SYSTEMPATH\Database\BaseConnection.php(738): CodeIgniter\Database\MySQLi\Connection->execute('SELECT CONCAT(b.fullname, \' : \', a.message)message, `a`.`id`, `a`.`sender_id`, `b`.`user_id`
FROM `chat_messages` `a`
LEFT JOIN `users` `b` ON `b`.`user_id`=`a`.`sender_id`
ORDER BY `a`.`id` ASC')
 2 SYSTEMPATH\Database\BaseConnection.php(652): CodeIgniter\Database\BaseConnection->simpleQuery('SELECT CONCAT(b.fullname, \' : \', a.message)message, `a`.`id`, `a`.`sender_id`, `b`.`user_id`
FROM `chat_messages` `a`
LEFT JOIN `users` `b` ON `b`.`user_id`=`a`.`sender_id`
ORDER BY `a`.`id` ASC')
 3 SYSTEMPATH\Database\BaseBuilder.php(1649): CodeIgniter\Database\BaseConnection->query('SELECT CONCAT(b.fullname, \' : \', a.message)message, `a`.`id`, `a`.`sender_id`, `b`.`user_id`
FROM `chat_messages` `a`
LEFT JOIN `users` `b` ON `b`.`user_id`=`a`.`sender_id`
ORDER BY `a`.`id` ASC', [], false)
 4 APPPATH\Controllers\ChatController.php(21): CodeIgniter\Database\BaseBuilder->get()
 5 SYSTEMPATH\CodeIgniter.php(933): App\Controllers\ChatController->getMessages()
 6 SYSTEMPATH\CodeIgniter.php(507): CodeIgniter\CodeIgniter->runController(Object(App\Controllers\ChatController))
 7 SYSTEMPATH\CodeIgniter.php(354): CodeIgniter\CodeIgniter->handleRequest(null, Object(Config\Cache), false)
 8 SYSTEMPATH\Boot.php(334): CodeIgniter\CodeIgniter->run()
 9 SYSTEMPATH\Boot.php(67): CodeIgniter\Boot::runCodeIgniter(Object(CodeIgniter\CodeIgniter))
10 FCPATH\index.php(56): CodeIgniter\Boot::bootWeb(Object(Config\Paths))
11 SYSTEMPATH\rewrite.php(44): require_once('C:\\Users\\Warvin B Mogate\\DigitalSportsHub\\public\\index.php')
CRITICAL - 2025-05-19 01:37:39 --> [Caused by] mysqli_sql_exception: Table 'db_hub.chat_messages' doesn't exist
in SYSTEMPATH\Database\MySQLi\Connection.php on line 327.
 1 SYSTEMPATH\Database\MySQLi\Connection.php(327): mysqli->query('SELECT CONCAT(b.fullname, \' : \', a.message)message, `a`.`id`, `a`.`sender_id`, `b`.`user_id`
FROM `chat_messages` `a`
LEFT JOIN `users` `b` ON `b`.`user_id`=`a`.`sender_id`
ORDER BY `a`.`id` ASC', 0)
 2 SYSTEMPATH\Database\BaseConnection.php(738): CodeIgniter\Database\MySQLi\Connection->execute('SELECT CONCAT(b.fullname, \' : \', a.message)message, `a`.`id`, `a`.`sender_id`, `b`.`user_id`
FROM `chat_messages` `a`
LEFT JOIN `users` `b` ON `b`.`user_id`=`a`.`sender_id`
ORDER BY `a`.`id` ASC')
 3 SYSTEMPATH\Database\BaseConnection.php(652): CodeIgniter\Database\BaseConnection->simpleQuery('SELECT CONCAT(b.fullname, \' : \', a.message)message, `a`.`id`, `a`.`sender_id`, `b`.`user_id`
FROM `chat_messages` `a`
LEFT JOIN `users` `b` ON `b`.`user_id`=`a`.`sender_id`
ORDER BY `a`.`id` ASC')
 4 SYSTEMPATH\Database\BaseBuilder.php(1649): CodeIgniter\Database\BaseConnection->query('SELECT CONCAT(b.fullname, \' : \', a.message)message, `a`.`id`, `a`.`sender_id`, `b`.`user_id`
FROM `chat_messages` `a`
LEFT JOIN `users` `b` ON `b`.`user_id`=`a`.`sender_id`
ORDER BY `a`.`id` ASC', [], false)
 5 APPPATH\Controllers\ChatController.php(21): CodeIgniter\Database\BaseBuilder->get()
 6 SYSTEMPATH\CodeIgniter.php(933): App\Controllers\ChatController->getMessages()
 7 SYSTEMPATH\CodeIgniter.php(507): CodeIgniter\CodeIgniter->runController(Object(App\Controllers\ChatController))
 8 SYSTEMPATH\CodeIgniter.php(354): CodeIgniter\CodeIgniter->handleRequest(null, Object(Config\Cache), false)
 9 SYSTEMPATH\Boot.php(334): CodeIgniter\CodeIgniter->run()
10 SYSTEMPATH\Boot.php(67): CodeIgniter\Boot::runCodeIgniter(Object(CodeIgniter\CodeIgniter))
11 FCPATH\index.php(56): CodeIgniter\Boot::bootWeb(Object(Config\Paths))
12 SYSTEMPATH\rewrite.php(44): require_once('C:\\Users\\Warvin B Mogate\\DigitalSportsHub\\public\\index.php')
DEBUG - 2025-05-19 01:37:40 --> Session: Class initialized using 'CodeIgniter\Session\Handlers\FileHandler' driver.
DEBUG - 2025-05-19 01:37:54 --> Session: Class initialized using 'CodeIgniter\Session\Handlers\FileHandler' driver.
DEBUG - 2025-05-19 01:37:54 --> Session: Class initialized using 'CodeIgniter\Session\Handlers\FileHandler' driver.
DEBUG - 2025-05-19 01:38:12 --> Session: Class initialized using 'CodeIgniter\Session\Handlers\FileHandler' driver.
DEBUG - 2025-05-19 09:38:26 --> Session: Class initialized using 'CodeIgniter\Session\Handlers\FileHandler' driver.
DEBUG - 2025-05-19 01:38:26 --> Session: Class initialized using 'CodeIgniter\Session\Handlers\FileHandler' driver.
