CRITICAL - 2025-03-18 12:13:11 --> CodeIgniter\Session\Exceptions\SessionException: Session: Configured save path "C:\Users\Warvin\OneDrive\Desktop\My Files\DigitalSportsHub\writable\session" is not writable by the PHP process.
[Method: GET, Route: auth]
in SYSTEMPATH\Session\Handlers\FileHandler.php on line 103.
 1 SYSTEMPATH\Session\Handlers\FileHandler.php(103): CodeIgniter\Session\Exceptions\SessionException::forWriteProtectedSavePath('C:\\Users\\Warvin\\OneDrive\\Desktop\\My Files\\DigitalSportsHub\\writable\\session')
 2 [internal function]: CodeIgniter\Session\Handlers\FileHandler->open('C:\\Users\\Warvin\\OneDrive\\Desktop\\My Files\\DigitalSportsHub\\writable\\session', 'ci_session')
 3 SYSTEMPATH\Session\Session.php(896): session_start()
 4 SYSTEMPATH\Session\Session.php(242): CodeIgniter\Session\Session->startSession()
 5 SYSTEMPATH\Config\Services.php(710): CodeIgniter\Session\Session->start()
 6 SYSTEMPATH\Config\BaseService.php(312): CodeIgniter\Config\Services::session(Object(Config\Session), false)
 7 SYSTEMPATH\Config\BaseService.php(251): CodeIgniter\Config\BaseService::__callStatic('session', [...])
 8 SYSTEMPATH\Config\Services.php(668): CodeIgniter\Config\BaseService::getSharedInstance('session', null)
 9 SYSTEMPATH\Config\BaseService.php(321): CodeIgniter\Config\Services::session()
10 SYSTEMPATH\Config\BaseService.php(202): CodeIgniter\Config\BaseService::__callStatic('session', [])
11 SYSTEMPATH\Common.php(1000): CodeIgniter\Config\BaseService::get('session')
12 SYSTEMPATH\Common.php(973): service('session')
13 APPPATH\Filters\AlreadyLoggedInFilter.php(13): session()
14 SYSTEMPATH\Filters\Filters.php(241): App\Filters\AlreadyLoggedInFilter->before(Object(CodeIgniter\HTTP\IncomingRequest), null)
15 SYSTEMPATH\Filters\Filters.php(221): CodeIgniter\Filters\Filters->runBefore([...])
16 SYSTEMPATH\CodeIgniter.php(479): CodeIgniter\Filters\Filters->run('auth', 'before')
17 SYSTEMPATH\CodeIgniter.php(354): CodeIgniter\CodeIgniter->handleRequest(null, Object(Config\Cache), false)
18 SYSTEMPATH\Boot.php(334): CodeIgniter\CodeIgniter->run()
19 SYSTEMPATH\Boot.php(67): CodeIgniter\Boot::runCodeIgniter(Object(CodeIgniter\CodeIgniter))
20 FCPATH\index.php(56): CodeIgniter\Boot::bootWeb(Object(Config\Paths))
21 SYSTEMPATH\rewrite.php(44): require_once('C:\\Users\\Warvin\\OneDrive\\Desktop\\My Files\\DigitalSportsHub\\public\\index.php')
DEBUG - 2025-03-18 12:13:51 --> Session: Class initialized using 'CodeIgniter\Session\Handlers\DatabaseHandler' driver.
ERROR - 2025-03-18 12:19:00 --> mysqli_sql_exception: Table 'db_hub.tblaccount' doesn't exist in C:\Users\Warvin\OneDrive\Desktop\My Files\DigitalSportsHub\system\Database\MySQLi\Connection.php:327
Stack trace:
#0 C:\Users\Warvin\OneDrive\Desktop\My Files\DigitalSportsHub\system\Database\MySQLi\Connection.php(327): mysqli->query('SELECT 1\nFROM `...', 0)
#1 C:\Users\Warvin\OneDrive\Desktop\My Files\DigitalSportsHub\system\Database\BaseConnection.php(738): CodeIgniter\Database\MySQLi\Connection->execute('SELECT 1\nFROM `...')
#2 C:\Users\Warvin\OneDrive\Desktop\My Files\DigitalSportsHub\system\Database\BaseConnection.php(652): CodeIgniter\Database\BaseConnection->simpleQuery('SELECT 1\nFROM `...')
#3 C:\Users\Warvin\OneDrive\Desktop\My Files\DigitalSportsHub\system\Database\BaseBuilder.php(1649): CodeIgniter\Database\BaseConnection->query('SELECT 1\nFROM `...', Array, false)
#4 C:\Users\Warvin\OneDrive\Desktop\My Files\DigitalSportsHub\system\Validation\Rules.php(175): CodeIgniter\Database\BaseBuilder->get()
#5 C:\Users\Warvin\OneDrive\Desktop\My Files\DigitalSportsHub\system\Validation\StrictRules\Rules.php(187): CodeIgniter\Validation\Rules->is_unique('vinmogate@gmail...', 'tblaccount.Emai...', Array)
#6 C:\Users\Warvin\OneDrive\Desktop\My Files\DigitalSportsHub\system\Validation\Validation.php(337): CodeIgniter\Validation\StrictRules\Rules->is_unique('vinmogate@gmail...', 'tblaccount.Emai...', Array, NULL, 'email')
#7 C:\Users\Warvin\OneDrive\Desktop\My Files\DigitalSportsHub\system\Validation\Validation.php(202): CodeIgniter\Validation\Validation->processRules('email', 'email', 'vinmogate@gmail...', Array, Array, 'email')
#8 C:\Users\Warvin\OneDrive\Desktop\My Files\DigitalSportsHub\system\Controller.php(138): CodeIgniter\Validation\Validation->run()
#9 C:\Users\Warvin\OneDrive\Desktop\My Files\DigitalSportsHub\app\Controllers\Home.php(30): CodeIgniter\Controller->validate(Array)
#10 C:\Users\Warvin\OneDrive\Desktop\My Files\DigitalSportsHub\system\CodeIgniter.php(933): App\Controllers\Home->checkAccount()
#11 C:\Users\Warvin\OneDrive\Desktop\My Files\DigitalSportsHub\system\CodeIgniter.php(507): CodeIgniter\CodeIgniter->runController(Object(App\Controllers\Home))
#12 C:\Users\Warvin\OneDrive\Desktop\My Files\DigitalSportsHub\system\CodeIgniter.php(354): CodeIgniter\CodeIgniter->handleRequest(NULL, Object(Config\Cache), false)
#13 C:\Users\Warvin\OneDrive\Desktop\My Files\DigitalSportsHub\system\Boot.php(334): CodeIgniter\CodeIgniter->run()
#14 C:\Users\Warvin\OneDrive\Desktop\My Files\DigitalSportsHub\system\Boot.php(67): CodeIgniter\Boot::runCodeIgniter(Object(CodeIgniter\CodeIgniter))
#15 C:\Users\Warvin\OneDrive\Desktop\My Files\DigitalSportsHub\public\index.php(56): CodeIgniter\Boot::bootWeb(Object(Config\Paths))
#16 C:\Users\Warvin\OneDrive\Desktop\My Files\DigitalSportsHub\system\rewrite.php(44): require_once('C:\\Users\\Warvin...')
#17 {main}
CRITICAL - 2025-03-18 12:19:01 --> CodeIgniter\Database\Exceptions\DatabaseException: Table 'db_hub.tblaccount' doesn't exist
[Method: POST, Route: check]
in SYSTEMPATH\Database\BaseConnection.php on line 692.
 1 SYSTEMPATH\Database\BaseBuilder.php(1649): CodeIgniter\Database\BaseConnection->query('SELECT 1
FROM `tblaccount`
WHERE `Email` = :Email:
 LIMIT 1', [...], false)
 2 SYSTEMPATH\Validation\Rules.php(175): CodeIgniter\Database\BaseBuilder->get()
 3 SYSTEMPATH\Validation\StrictRules\Rules.php(187): CodeIgniter\Validation\Rules->is_unique('vinmogate@gmail.com', 'tblaccount.Email', [...])
 4 SYSTEMPATH\Validation\Validation.php(337): CodeIgniter\Validation\StrictRules\Rules->is_unique('vinmogate@gmail.com', 'tblaccount.Email', [...], null, 'email')
 5 SYSTEMPATH\Validation\Validation.php(202): CodeIgniter\Validation\Validation->processRules('email', 'email', 'vinmogate@gmail.com', [...], [...], 'email')
 6 SYSTEMPATH\Controller.php(138): CodeIgniter\Validation\Validation->run()
 7 APPPATH\Controllers\Home.php(30): CodeIgniter\Controller->validate([...])
 8 SYSTEMPATH\CodeIgniter.php(933): App\Controllers\Home->checkAccount()
 9 SYSTEMPATH\CodeIgniter.php(507): CodeIgniter\CodeIgniter->runController(Object(App\Controllers\Home))
10 SYSTEMPATH\CodeIgniter.php(354): CodeIgniter\CodeIgniter->handleRequest(null, Object(Config\Cache), false)
11 SYSTEMPATH\Boot.php(334): CodeIgniter\CodeIgniter->run()
12 SYSTEMPATH\Boot.php(67): CodeIgniter\Boot::runCodeIgniter(Object(CodeIgniter\CodeIgniter))
13 FCPATH\index.php(56): CodeIgniter\Boot::bootWeb(Object(Config\Paths))
14 SYSTEMPATH\rewrite.php(44): require_once('C:\\Users\\Warvin\\OneDrive\\Desktop\\My Files\\DigitalSportsHub\\public\\index.php')
CRITICAL - 2025-03-18 12:19:01 --> [Caused by] CodeIgniter\Database\Exceptions\DatabaseException: Table 'db_hub.tblaccount' doesn't exist
in SYSTEMPATH\Database\MySQLi\Connection.php on line 332.
 1 SYSTEMPATH\Database\BaseConnection.php(738): CodeIgniter\Database\MySQLi\Connection->execute('SELECT 1
FROM `tblaccount`
WHERE `Email` = \'vinmogate@gmail.com\'
 LIMIT 1')
 2 SYSTEMPATH\Database\BaseConnection.php(652): CodeIgniter\Database\BaseConnection->simpleQuery('SELECT 1
FROM `tblaccount`
WHERE `Email` = \'vinmogate@gmail.com\'
 LIMIT 1')
 3 SYSTEMPATH\Database\BaseBuilder.php(1649): CodeIgniter\Database\BaseConnection->query('SELECT 1
FROM `tblaccount`
WHERE `Email` = :Email:
 LIMIT 1', [...], false)
 4 SYSTEMPATH\Validation\Rules.php(175): CodeIgniter\Database\BaseBuilder->get()
 5 SYSTEMPATH\Validation\StrictRules\Rules.php(187): CodeIgniter\Validation\Rules->is_unique('vinmogate@gmail.com', 'tblaccount.Email', [...])
 6 SYSTEMPATH\Validation\Validation.php(337): CodeIgniter\Validation\StrictRules\Rules->is_unique('vinmogate@gmail.com', 'tblaccount.Email', [...], null, 'email')
 7 SYSTEMPATH\Validation\Validation.php(202): CodeIgniter\Validation\Validation->processRules('email', 'email', 'vinmogate@gmail.com', [...], [...], 'email')
 8 SYSTEMPATH\Controller.php(138): CodeIgniter\Validation\Validation->run()
 9 APPPATH\Controllers\Home.php(30): CodeIgniter\Controller->validate([...])
10 SYSTEMPATH\CodeIgniter.php(933): App\Controllers\Home->checkAccount()
11 SYSTEMPATH\CodeIgniter.php(507): CodeIgniter\CodeIgniter->runController(Object(App\Controllers\Home))
12 SYSTEMPATH\CodeIgniter.php(354): CodeIgniter\CodeIgniter->handleRequest(null, Object(Config\Cache), false)
13 SYSTEMPATH\Boot.php(334): CodeIgniter\CodeIgniter->run()
14 SYSTEMPATH\Boot.php(67): CodeIgniter\Boot::runCodeIgniter(Object(CodeIgniter\CodeIgniter))
15 FCPATH\index.php(56): CodeIgniter\Boot::bootWeb(Object(Config\Paths))
16 SYSTEMPATH\rewrite.php(44): require_once('C:\\Users\\Warvin\\OneDrive\\Desktop\\My Files\\DigitalSportsHub\\public\\index.php')
CRITICAL - 2025-03-18 12:19:01 --> [Caused by] mysqli_sql_exception: Table 'db_hub.tblaccount' doesn't exist
in SYSTEMPATH\Database\MySQLi\Connection.php on line 327.
 1 SYSTEMPATH\Database\MySQLi\Connection.php(327): mysqli->query('SELECT 1
FROM `tblaccount`
WHERE `Email` = \'vinmogate@gmail.com\'
 LIMIT 1', 0)
 2 SYSTEMPATH\Database\BaseConnection.php(738): CodeIgniter\Database\MySQLi\Connection->execute('SELECT 1
FROM `tblaccount`
WHERE `Email` = \'vinmogate@gmail.com\'
 LIMIT 1')
 3 SYSTEMPATH\Database\BaseConnection.php(652): CodeIgniter\Database\BaseConnection->simpleQuery('SELECT 1
FROM `tblaccount`
WHERE `Email` = \'vinmogate@gmail.com\'
 LIMIT 1')
 4 SYSTEMPATH\Database\BaseBuilder.php(1649): CodeIgniter\Database\BaseConnection->query('SELECT 1
FROM `tblaccount`
WHERE `Email` = :Email:
 LIMIT 1', [...], false)
 5 SYSTEMPATH\Validation\Rules.php(175): CodeIgniter\Database\BaseBuilder->get()
 6 SYSTEMPATH\Validation\StrictRules\Rules.php(187): CodeIgniter\Validation\Rules->is_unique('vinmogate@gmail.com', 'tblaccount.Email', [...])
 7 SYSTEMPATH\Validation\Validation.php(337): CodeIgniter\Validation\StrictRules\Rules->is_unique('vinmogate@gmail.com', 'tblaccount.Email', [...], null, 'email')
 8 SYSTEMPATH\Validation\Validation.php(202): CodeIgniter\Validation\Validation->processRules('email', 'email', 'vinmogate@gmail.com', [...], [...], 'email')
 9 SYSTEMPATH\Controller.php(138): CodeIgniter\Validation\Validation->run()
10 APPPATH\Controllers\Home.php(30): CodeIgniter\Controller->validate([...])
11 SYSTEMPATH\CodeIgniter.php(933): App\Controllers\Home->checkAccount()
12 SYSTEMPATH\CodeIgniter.php(507): CodeIgniter\CodeIgniter->runController(Object(App\Controllers\Home))
13 SYSTEMPATH\CodeIgniter.php(354): CodeIgniter\CodeIgniter->handleRequest(null, Object(Config\Cache), false)
14 SYSTEMPATH\Boot.php(334): CodeIgniter\CodeIgniter->run()
15 SYSTEMPATH\Boot.php(67): CodeIgniter\Boot::runCodeIgniter(Object(CodeIgniter\CodeIgniter))
16 FCPATH\index.php(56): CodeIgniter\Boot::bootWeb(Object(Config\Paths))
17 SYSTEMPATH\rewrite.php(44): require_once('C:\\Users\\Warvin\\OneDrive\\Desktop\\My Files\\DigitalSportsHub\\public\\index.php')
DEBUG - 2025-03-18 12:20:13 --> Session: Class initialized using 'CodeIgniter\Session\Handlers\DatabaseHandler' driver.
CRITICAL - 2025-03-18 12:20:29 --> CodeIgniter\View\Exceptions\ViewException: Invalid file: "auth.login"
[Method: POST, Route: check]
in SYSTEMPATH\Exceptions\FrameworkException.php on line 39.
 1 SYSTEMPATH\View\View.php(212): CodeIgniter\Exceptions\FrameworkException::forInvalidFile('auth.login')
 2 SYSTEMPATH\Common.php(1173): CodeIgniter\View\View->render('auth.login', [], true)
 3 APPPATH\Controllers\Home.php(38): view('auth.login', [...])
 4 SYSTEMPATH\CodeIgniter.php(933): App\Controllers\Home->checkAccount()
 5 SYSTEMPATH\CodeIgniter.php(507): CodeIgniter\CodeIgniter->runController(Object(App\Controllers\Home))
 6 SYSTEMPATH\CodeIgniter.php(354): CodeIgniter\CodeIgniter->handleRequest(null, Object(Config\Cache), false)
 7 SYSTEMPATH\Boot.php(334): CodeIgniter\CodeIgniter->run()
 8 SYSTEMPATH\Boot.php(67): CodeIgniter\Boot::runCodeIgniter(Object(CodeIgniter\CodeIgniter))
 9 FCPATH\index.php(56): CodeIgniter\Boot::bootWeb(Object(Config\Paths))
10 SYSTEMPATH\rewrite.php(44): require_once('C:\\Users\\Warvin\\OneDrive\\Desktop\\My Files\\DigitalSportsHub\\public\\index.php')
DEBUG - 2025-03-18 12:20:59 --> Session: Class initialized using 'CodeIgniter\Session\Handlers\DatabaseHandler' driver.
DEBUG - 2025-03-18 12:21:51 --> Session: Class initialized using 'CodeIgniter\Session\Handlers\DatabaseHandler' driver.
DEBUG - 2025-03-18 12:22:33 --> Session: Class initialized using 'CodeIgniter\Session\Handlers\DatabaseHandler' driver.
DEBUG - 2025-03-18 12:22:42 --> Session: Class initialized using 'CodeIgniter\Session\Handlers\DatabaseHandler' driver.
DEBUG - 2025-03-18 12:23:03 --> Session: Class initialized using 'CodeIgniter\Session\Handlers\DatabaseHandler' driver.
DEBUG - 2025-03-18 12:23:12 --> Session: Class initialized using 'CodeIgniter\Session\Handlers\DatabaseHandler' driver.
DEBUG - 2025-03-18 12:32:40 --> Session: Class initialized using 'CodeIgniter\Session\Handlers\DatabaseHandler' driver.
DEBUG - 2025-03-18 12:33:28 --> Session: Class initialized using 'CodeIgniter\Session\Handlers\DatabaseHandler' driver.
DEBUG - 2025-03-18 12:33:55 --> Session: Class initialized using 'CodeIgniter\Session\Handlers\DatabaseHandler' driver.
DEBUG - 2025-03-18 12:33:55 --> Session: Class initialized using 'CodeIgniter\Session\Handlers\DatabaseHandler' driver.
DEBUG - 2025-03-18 12:39:07 --> Session: Class initialized using 'CodeIgniter\Session\Handlers\DatabaseHandler' driver.
DEBUG - 2025-03-18 12:39:46 --> Session: Class initialized using 'CodeIgniter\Session\Handlers\DatabaseHandler' driver.
DEBUG - 2025-03-18 12:41:10 --> Session: Class initialized using 'CodeIgniter\Session\Handlers\DatabaseHandler' driver.
DEBUG - 2025-03-18 12:41:32 --> Session: Class initialized using 'CodeIgniter\Session\Handlers\DatabaseHandler' driver.
DEBUG - 2025-03-18 12:41:54 --> Session: Class initialized using 'CodeIgniter\Session\Handlers\DatabaseHandler' driver.
DEBUG - 2025-03-18 12:42:10 --> Session: Class initialized using 'CodeIgniter\Session\Handlers\DatabaseHandler' driver.
DEBUG - 2025-03-18 12:51:09 --> Session: Class initialized using 'CodeIgniter\Session\Handlers\DatabaseHandler' driver.
DEBUG - 2025-03-18 13:55:23 --> Session: Class initialized using 'CodeIgniter\Session\Handlers\DatabaseHandler' driver.
CRITICAL - 2025-03-18 14:14:43 --> CodeIgniter\View\Exceptions\ViewException: Invalid file: "templates/sidebar.php"
[Method: GET, Route: dashboard]
in SYSTEMPATH\Exceptions\FrameworkException.php on line 39.
 1 SYSTEMPATH\View\View.php(212): CodeIgniter\Exceptions\FrameworkException::forInvalidFile('templates/sidebar.php')
 2 SYSTEMPATH\Common.php(1173): CodeIgniter\View\View->render('templates/sidebar', [], true)
 3 APPPATH\Views\main\dashboard.php(20): view('templates/sidebar')
 4 SYSTEMPATH\View\View.php(224): include('C:\\Users\\Warvin\\OneDrive\\Desktop\\My Files\\DigitalSportsHub\\app\\Views\\main\\dashboard.php')
 5 SYSTEMPATH\View\View.php(227): CodeIgniter\View\View->CodeIgniter\View\{closure}()
 6 SYSTEMPATH\Common.php(1173): CodeIgniter\View\View->render('main/dashboard', [], true)
 7 APPPATH\Controllers\Home.php(81): view('main/dashboard')
 8 SYSTEMPATH\CodeIgniter.php(933): App\Controllers\Home->dashboard()
 9 SYSTEMPATH\CodeIgniter.php(507): CodeIgniter\CodeIgniter->runController(Object(App\Controllers\Home))
10 SYSTEMPATH\CodeIgniter.php(354): CodeIgniter\CodeIgniter->handleRequest(null, Object(Config\Cache), false)
11 SYSTEMPATH\Boot.php(334): CodeIgniter\CodeIgniter->run()
12 SYSTEMPATH\Boot.php(67): CodeIgniter\Boot::runCodeIgniter(Object(CodeIgniter\CodeIgniter))
13 FCPATH\index.php(56): CodeIgniter\Boot::bootWeb(Object(Config\Paths))
14 SYSTEMPATH\rewrite.php(44): require_once('C:\\Users\\Warvin\\OneDrive\\Desktop\\My Files\\DigitalSportsHub\\public\\index.php')
CRITICAL - 2025-03-18 14:16:11 --> CodeIgniter\View\Exceptions\ViewException: Invalid file: "templates/sidebar.php"
[Method: GET, Route: dashboard]
in SYSTEMPATH\Exceptions\FrameworkException.php on line 39.
 1 SYSTEMPATH\View\View.php(212): CodeIgniter\Exceptions\FrameworkException::forInvalidFile('templates/sidebar.php')
 2 SYSTEMPATH\Common.php(1173): CodeIgniter\View\View->render('templates/sidebar', [], true)
 3 APPPATH\Views\main\dashboard.php(20): view('templates/sidebar')
 4 SYSTEMPATH\View\View.php(224): include('C:\\Users\\Warvin\\OneDrive\\Desktop\\My Files\\DigitalSportsHub\\app\\Views\\main\\dashboard.php')
 5 SYSTEMPATH\View\View.php(227): CodeIgniter\View\View->CodeIgniter\View\{closure}()
 6 SYSTEMPATH\Common.php(1173): CodeIgniter\View\View->render('main/dashboard', [], true)
 7 APPPATH\Controllers\Home.php(81): view('main/dashboard')
 8 SYSTEMPATH\CodeIgniter.php(933): App\Controllers\Home->dashboard()
 9 SYSTEMPATH\CodeIgniter.php(507): CodeIgniter\CodeIgniter->runController(Object(App\Controllers\Home))
10 SYSTEMPATH\CodeIgniter.php(354): CodeIgniter\CodeIgniter->handleRequest(null, Object(Config\Cache), false)
11 SYSTEMPATH\Boot.php(334): CodeIgniter\CodeIgniter->run()
12 SYSTEMPATH\Boot.php(67): CodeIgniter\Boot::runCodeIgniter(Object(CodeIgniter\CodeIgniter))
13 FCPATH\index.php(56): CodeIgniter\Boot::bootWeb(Object(Config\Paths))
14 SYSTEMPATH\rewrite.php(44): require_once('C:\\Users\\Warvin\\OneDrive\\Desktop\\My Files\\DigitalSportsHub\\public\\index.php')
CRITICAL - 2025-03-18 14:19:20 --> CodeIgniter\View\Exceptions\ViewException: Invalid file: "templates/sidebar.php"
[Method: GET, Route: dashboard]
in SYSTEMPATH\Exceptions\FrameworkException.php on line 39.
 1 SYSTEMPATH\View\View.php(212): CodeIgniter\Exceptions\FrameworkException::forInvalidFile('templates/sidebar.php')
 2 SYSTEMPATH\Common.php(1173): CodeIgniter\View\View->render('templates/sidebar', [], true)
 3 APPPATH\Views\main\dashboard.php(20): view('templates/sidebar')
 4 SYSTEMPATH\View\View.php(224): include('C:\\Users\\Warvin\\OneDrive\\Desktop\\My Files\\DigitalSportsHub\\app\\Views\\main\\dashboard.php')
 5 SYSTEMPATH\View\View.php(227): CodeIgniter\View\View->CodeIgniter\View\{closure}()
 6 SYSTEMPATH\Common.php(1173): CodeIgniter\View\View->render('main/dashboard', [], true)
 7 APPPATH\Controllers\Home.php(81): view('main/dashboard')
 8 SYSTEMPATH\CodeIgniter.php(933): App\Controllers\Home->dashboard()
 9 SYSTEMPATH\CodeIgniter.php(507): CodeIgniter\CodeIgniter->runController(Object(App\Controllers\Home))
10 SYSTEMPATH\CodeIgniter.php(354): CodeIgniter\CodeIgniter->handleRequest(null, Object(Config\Cache), false)
11 SYSTEMPATH\Boot.php(334): CodeIgniter\CodeIgniter->run()
12 SYSTEMPATH\Boot.php(67): CodeIgniter\Boot::runCodeIgniter(Object(CodeIgniter\CodeIgniter))
13 FCPATH\index.php(56): CodeIgniter\Boot::bootWeb(Object(Config\Paths))
14 SYSTEMPATH\rewrite.php(44): require_once('C:\\Users\\Warvin\\OneDrive\\Desktop\\My Files\\DigitalSportsHub\\public\\index.php')
CRITICAL - 2025-03-18 14:19:25 --> CodeIgniter\View\Exceptions\ViewException: Invalid file: "templates/sidebar.php"
[Method: GET, Route: dashboard]
in SYSTEMPATH\Exceptions\FrameworkException.php on line 39.
 1 SYSTEMPATH\View\View.php(212): CodeIgniter\Exceptions\FrameworkException::forInvalidFile('templates/sidebar.php')
 2 SYSTEMPATH\Common.php(1173): CodeIgniter\View\View->render('templates/sidebar', [], true)
 3 APPPATH\Views\main\dashboard.php(20): view('templates/sidebar')
 4 SYSTEMPATH\View\View.php(224): include('C:\\Users\\Warvin\\OneDrive\\Desktop\\My Files\\DigitalSportsHub\\app\\Views\\main\\dashboard.php')
 5 SYSTEMPATH\View\View.php(227): CodeIgniter\View\View->CodeIgniter\View\{closure}()
 6 SYSTEMPATH\Common.php(1173): CodeIgniter\View\View->render('main/dashboard', [], true)
 7 APPPATH\Controllers\Home.php(81): view('main/dashboard')
 8 SYSTEMPATH\CodeIgniter.php(933): App\Controllers\Home->dashboard()
 9 SYSTEMPATH\CodeIgniter.php(507): CodeIgniter\CodeIgniter->runController(Object(App\Controllers\Home))
10 SYSTEMPATH\CodeIgniter.php(354): CodeIgniter\CodeIgniter->handleRequest(null, Object(Config\Cache), false)
11 SYSTEMPATH\Boot.php(334): CodeIgniter\CodeIgniter->run()
12 SYSTEMPATH\Boot.php(67): CodeIgniter\Boot::runCodeIgniter(Object(CodeIgniter\CodeIgniter))
13 FCPATH\index.php(56): CodeIgniter\Boot::bootWeb(Object(Config\Paths))
14 SYSTEMPATH\rewrite.php(44): require_once('C:\\Users\\Warvin\\OneDrive\\Desktop\\My Files\\DigitalSportsHub\\public\\index.php')
DEBUG - 2025-03-18 14:20:58 --> Session: Class initialized using 'CodeIgniter\Session\Handlers\DatabaseHandler' driver.
