ERROR - 2025-04-08 09:27:07 --> Error connecting to the database: mysqli_sql_exception: Access denied for user 'root'@'localhost' (using password: YES) in C:\Users\Warvin B Mogate\DigitalSportsHub\system\Database\MySQLi\Connection.php:201
Stack trace:
#0 C:\Users\Warvin B Mogate\DigitalSportsHub\system\Database\MySQLi\Connection.php(201): mysqli->real_connect('localhost', 'root', Object(SensitiveParameterValue), 'db_hub', 3306, '', 0)
#1 C:\Users\Warvin B Mogate\DigitalSportsHub\system\Database\BaseConnection.php(421): CodeIgniter\Database\MySQLi\Connection->connect(false)
#2 C:\Users\Warvin B Mogate\DigitalSportsHub\system\Database\BaseConnection.php(620): CodeIgniter\Database\BaseConnection->initialize()
#3 C:\Users\Warvin B Mogate\DigitalSportsHub\system\Database\BaseBuilder.php(1649): CodeIgniter\Database\BaseConnection->query('SELECT *\nFROM `...', Array, false)
#4 C:\Users\Warvin B Mogate\DigitalSportsHub\system\Model.php(330): CodeIgniter\Database\BaseBuilder->get()
#5 C:\Users\Warvin B Mogate\DigitalSportsHub\system\BaseModel.php(713): CodeIgniter\Model->doFirst()
#6 C:\Users\Warvin B Mogate\DigitalSportsHub\app\Controllers\Home.php(21): CodeIgniter\BaseModel->first()
#7 C:\Users\Warvin B Mogate\DigitalSportsHub\system\CodeIgniter.php(933): App\Controllers\Home->index()
#8 C:\Users\Warvin B Mogate\DigitalSportsHub\system\CodeIgniter.php(507): CodeIgniter\CodeIgniter->runController(Object(App\Controllers\Home))
#9 C:\Users\Warvin B Mogate\DigitalSportsHub\system\CodeIgniter.php(354): CodeIgniter\CodeIgniter->handleRequest(NULL, Object(Config\Cache), false)
#10 C:\Users\Warvin B Mogate\DigitalSportsHub\system\Boot.php(334): CodeIgniter\CodeIgniter->run()
#11 C:\Users\Warvin B Mogate\DigitalSportsHub\system\Boot.php(67): CodeIgniter\Boot::runCodeIgniter(Object(CodeIgniter\CodeIgniter))
#12 C:\Users\Warvin B Mogate\DigitalSportsHub\public\index.php(56): CodeIgniter\Boot::bootWeb(Object(Config\Paths))
#13 C:\Users\Warvin B Mogate\DigitalSportsHub\system\rewrite.php(44): require_once('C:\\Users\\Warvin...')
#14 {main}

Next CodeIgniter\Database\Exceptions\DatabaseException: Access denied for user '****'@'localhost' (using password: YES) in C:\Users\Warvin B Mogate\DigitalSportsHub\system\Database\MySQLi\Connection.php:246
Stack trace:
#0 C:\Users\Warvin B Mogate\DigitalSportsHub\system\Database\BaseConnection.php(421): CodeIgniter\Database\MySQLi\Connection->connect(false)
#1 C:\Users\Warvin B Mogate\DigitalSportsHub\system\Database\BaseConnection.php(620): CodeIgniter\Database\BaseConnection->initialize()
#2 C:\Users\Warvin B Mogate\DigitalSportsHub\system\Database\BaseBuilder.php(1649): CodeIgniter\Database\BaseConnection->query('SELECT *\nFROM `...', Array, false)
#3 C:\Users\Warvin B Mogate\DigitalSportsHub\system\Model.php(330): CodeIgniter\Database\BaseBuilder->get()
#4 C:\Users\Warvin B Mogate\DigitalSportsHub\system\BaseModel.php(713): CodeIgniter\Model->doFirst()
#5 C:\Users\Warvin B Mogate\DigitalSportsHub\app\Controllers\Home.php(21): CodeIgniter\BaseModel->first()
#6 C:\Users\Warvin B Mogate\DigitalSportsHub\system\CodeIgniter.php(933): App\Controllers\Home->index()
#7 C:\Users\Warvin B Mogate\DigitalSportsHub\system\CodeIgniter.php(507): CodeIgniter\CodeIgniter->runController(Object(App\Controllers\Home))
#8 C:\Users\Warvin B Mogate\DigitalSportsHub\system\CodeIgniter.php(354): CodeIgniter\CodeIgniter->handleRequest(NULL, Object(Config\Cache), false)
#9 C:\Users\Warvin B Mogate\DigitalSportsHub\system\Boot.php(334): CodeIgniter\CodeIgniter->run()
#10 C:\Users\Warvin B Mogate\DigitalSportsHub\system\Boot.php(67): CodeIgniter\Boot::runCodeIgniter(Object(CodeIgniter\CodeIgniter))
#11 C:\Users\Warvin B Mogate\DigitalSportsHub\public\index.php(56): CodeIgniter\Boot::bootWeb(Object(Config\Paths))
#12 C:\Users\Warvin B Mogate\DigitalSportsHub\system\rewrite.php(44): require_once('C:\\Users\\Warvin...')
#13 {main}
CRITICAL - 2025-04-08 09:27:07 --> CodeIgniter\Database\Exceptions\DatabaseException: Unable to connect to the database.
Main connection [MySQLi]: Access denied for user '****'@'localhost' (using password: YES)
[Method: GET, Route: /]
in SYSTEMPATH\Database\BaseConnection.php on line 467.
 1 SYSTEMPATH\Database\BaseConnection.php(620): CodeIgniter\Database\BaseConnection->initialize()
 2 SYSTEMPATH\Database\BaseBuilder.php(1649): CodeIgniter\Database\BaseConnection->query('SELECT *
FROM `matches`
WHERE `date` = :date:
AND `time` <= :time:
AND `status` = :status:
 LIMIT 1', [...], false)
 3 SYSTEMPATH\Model.php(330): CodeIgniter\Database\BaseBuilder->get()
 4 SYSTEMPATH\BaseModel.php(713): CodeIgniter\Model->doFirst()
 5 APPPATH\Controllers\Home.php(21): CodeIgniter\BaseModel->first()
 6 SYSTEMPATH\CodeIgniter.php(933): App\Controllers\Home->index()
 7 SYSTEMPATH\CodeIgniter.php(507): CodeIgniter\CodeIgniter->runController(Object(App\Controllers\Home))
 8 SYSTEMPATH\CodeIgniter.php(354): CodeIgniter\CodeIgniter->handleRequest(null, Object(Config\Cache), false)
 9 SYSTEMPATH\Boot.php(334): CodeIgniter\CodeIgniter->run()
10 SYSTEMPATH\Boot.php(67): CodeIgniter\Boot::runCodeIgniter(Object(CodeIgniter\CodeIgniter))
11 FCPATH\index.php(56): CodeIgniter\Boot::bootWeb(Object(Config\Paths))
12 SYSTEMPATH\rewrite.php(44): require_once('C:\\Users\\Warvin B Mogate\\DigitalSportsHub\\public\\index.php')
ERROR - 2025-04-08 09:27:08 --> Error connecting to the database: mysqli_sql_exception: Access denied for user 'root'@'localhost' (using password: YES) in C:\Users\Warvin B Mogate\DigitalSportsHub\system\Database\MySQLi\Connection.php:201
Stack trace:
#0 C:\Users\Warvin B Mogate\DigitalSportsHub\system\Database\MySQLi\Connection.php(201): mysqli->real_connect('localhost', 'root', Object(SensitiveParameterValue), 'db_hub', 3306, '', 0)
#1 C:\Users\Warvin B Mogate\DigitalSportsHub\system\Database\BaseConnection.php(421): CodeIgniter\Database\MySQLi\Connection->connect(false)
#2 C:\Users\Warvin B Mogate\DigitalSportsHub\system\Database\BaseConnection.php(620): CodeIgniter\Database\BaseConnection->initialize()
#3 C:\Users\Warvin B Mogate\DigitalSportsHub\system\Database\BaseBuilder.php(1649): CodeIgniter\Database\BaseConnection->query('SELECT *\nFROM `...', Array, false)
#4 C:\Users\Warvin B Mogate\DigitalSportsHub\system\Model.php(330): CodeIgniter\Database\BaseBuilder->get()
#5 C:\Users\Warvin B Mogate\DigitalSportsHub\system\BaseModel.php(713): CodeIgniter\Model->doFirst()
#6 C:\Users\Warvin B Mogate\DigitalSportsHub\app\Controllers\Home.php(21): CodeIgniter\BaseModel->first()
#7 C:\Users\Warvin B Mogate\DigitalSportsHub\system\CodeIgniter.php(933): App\Controllers\Home->index()
#8 C:\Users\Warvin B Mogate\DigitalSportsHub\system\CodeIgniter.php(507): CodeIgniter\CodeIgniter->runController(Object(App\Controllers\Home))
#9 C:\Users\Warvin B Mogate\DigitalSportsHub\system\CodeIgniter.php(354): CodeIgniter\CodeIgniter->handleRequest(NULL, Object(Config\Cache), false)
#10 C:\Users\Warvin B Mogate\DigitalSportsHub\system\Boot.php(334): CodeIgniter\CodeIgniter->run()
#11 C:\Users\Warvin B Mogate\DigitalSportsHub\system\Boot.php(67): CodeIgniter\Boot::runCodeIgniter(Object(CodeIgniter\CodeIgniter))
#12 C:\Users\Warvin B Mogate\DigitalSportsHub\public\index.php(56): CodeIgniter\Boot::bootWeb(Object(Config\Paths))
#13 C:\Users\Warvin B Mogate\DigitalSportsHub\system\rewrite.php(44): require_once('C:\\Users\\Warvin...')
#14 {main}

Next CodeIgniter\Database\Exceptions\DatabaseException: Access denied for user '****'@'localhost' (using password: YES) in C:\Users\Warvin B Mogate\DigitalSportsHub\system\Database\MySQLi\Connection.php:246
Stack trace:
#0 C:\Users\Warvin B Mogate\DigitalSportsHub\system\Database\BaseConnection.php(421): CodeIgniter\Database\MySQLi\Connection->connect(false)
#1 C:\Users\Warvin B Mogate\DigitalSportsHub\system\Database\BaseConnection.php(620): CodeIgniter\Database\BaseConnection->initialize()
#2 C:\Users\Warvin B Mogate\DigitalSportsHub\system\Database\BaseBuilder.php(1649): CodeIgniter\Database\BaseConnection->query('SELECT *\nFROM `...', Array, false)
#3 C:\Users\Warvin B Mogate\DigitalSportsHub\system\Model.php(330): CodeIgniter\Database\BaseBuilder->get()
#4 C:\Users\Warvin B Mogate\DigitalSportsHub\system\BaseModel.php(713): CodeIgniter\Model->doFirst()
#5 C:\Users\Warvin B Mogate\DigitalSportsHub\app\Controllers\Home.php(21): CodeIgniter\BaseModel->first()
#6 C:\Users\Warvin B Mogate\DigitalSportsHub\system\CodeIgniter.php(933): App\Controllers\Home->index()
#7 C:\Users\Warvin B Mogate\DigitalSportsHub\system\CodeIgniter.php(507): CodeIgniter\CodeIgniter->runController(Object(App\Controllers\Home))
#8 C:\Users\Warvin B Mogate\DigitalSportsHub\system\CodeIgniter.php(354): CodeIgniter\CodeIgniter->handleRequest(NULL, Object(Config\Cache), false)
#9 C:\Users\Warvin B Mogate\DigitalSportsHub\system\Boot.php(334): CodeIgniter\CodeIgniter->run()
#10 C:\Users\Warvin B Mogate\DigitalSportsHub\system\Boot.php(67): CodeIgniter\Boot::runCodeIgniter(Object(CodeIgniter\CodeIgniter))
#11 C:\Users\Warvin B Mogate\DigitalSportsHub\public\index.php(56): CodeIgniter\Boot::bootWeb(Object(Config\Paths))
#12 C:\Users\Warvin B Mogate\DigitalSportsHub\system\rewrite.php(44): require_once('C:\\Users\\Warvin...')
#13 {main}
CRITICAL - 2025-04-08 09:27:08 --> CodeIgniter\Database\Exceptions\DatabaseException: Unable to connect to the database.
Main connection [MySQLi]: Access denied for user '****'@'localhost' (using password: YES)
[Method: GET, Route: /]
in SYSTEMPATH\Database\BaseConnection.php on line 467.
 1 SYSTEMPATH\Database\BaseConnection.php(620): CodeIgniter\Database\BaseConnection->initialize()
 2 SYSTEMPATH\Database\BaseBuilder.php(1649): CodeIgniter\Database\BaseConnection->query('SELECT *
FROM `matches`
WHERE `date` = :date:
AND `time` <= :time:
AND `status` = :status:
 LIMIT 1', [...], false)
 3 SYSTEMPATH\Model.php(330): CodeIgniter\Database\BaseBuilder->get()
 4 SYSTEMPATH\BaseModel.php(713): CodeIgniter\Model->doFirst()
 5 APPPATH\Controllers\Home.php(21): CodeIgniter\BaseModel->first()
 6 SYSTEMPATH\CodeIgniter.php(933): App\Controllers\Home->index()
 7 SYSTEMPATH\CodeIgniter.php(507): CodeIgniter\CodeIgniter->runController(Object(App\Controllers\Home))
 8 SYSTEMPATH\CodeIgniter.php(354): CodeIgniter\CodeIgniter->handleRequest(null, Object(Config\Cache), false)
 9 SYSTEMPATH\Boot.php(334): CodeIgniter\CodeIgniter->run()
10 SYSTEMPATH\Boot.php(67): CodeIgniter\Boot::runCodeIgniter(Object(CodeIgniter\CodeIgniter))
11 FCPATH\index.php(56): CodeIgniter\Boot::bootWeb(Object(Config\Paths))
12 SYSTEMPATH\rewrite.php(44): require_once('C:\\Users\\Warvin B Mogate\\DigitalSportsHub\\public\\index.php')
DEBUG - 2025-04-08 09:27:21 --> Session: Class initialized using 'CodeIgniter\Session\Handlers\FileHandler' driver.
DEBUG - 2025-04-08 09:27:36 --> Session: Class initialized using 'CodeIgniter\Session\Handlers\FileHandler' driver.
DEBUG - 2025-04-08 01:27:40 --> Session: Class initialized using 'CodeIgniter\Session\Handlers\FileHandler' driver.
DEBUG - 2025-04-08 01:27:46 --> Session: Class initialized using 'CodeIgniter\Session\Handlers\FileHandler' driver.
DEBUG - 2025-04-08 01:28:09 --> Session: Class initialized using 'CodeIgniter\Session\Handlers\FileHandler' driver.
DEBUG - 2025-04-08 01:33:13 --> Session: Class initialized using 'CodeIgniter\Session\Handlers\FileHandler' driver.
DEBUG - 2025-04-08 01:33:34 --> Session: Class initialized using 'CodeIgniter\Session\Handlers\FileHandler' driver.
DEBUG - 2025-04-08 01:33:34 --> Session: Class initialized using 'CodeIgniter\Session\Handlers\FileHandler' driver.
DEBUG - 2025-04-08 01:33:40 --> Session: Class initialized using 'CodeIgniter\Session\Handlers\FileHandler' driver.
DEBUG - 2025-04-08 01:33:54 --> Session: Class initialized using 'CodeIgniter\Session\Handlers\FileHandler' driver.
DEBUG - 2025-04-08 01:34:10 --> Session: Class initialized using 'CodeIgniter\Session\Handlers\FileHandler' driver.
DEBUG - 2025-04-08 01:35:56 --> Session: Class initialized using 'CodeIgniter\Session\Handlers\FileHandler' driver.
DEBUG - 2025-04-08 01:36:12 --> Session: Class initialized using 'CodeIgniter\Session\Handlers\FileHandler' driver.
DEBUG - 2025-04-08 01:36:21 --> Session: Class initialized using 'CodeIgniter\Session\Handlers\FileHandler' driver.
DEBUG - 2025-04-08 01:36:28 --> Session: Class initialized using 'CodeIgniter\Session\Handlers\FileHandler' driver.
DEBUG - 2025-04-08 01:36:43 --> Session: Class initialized using 'CodeIgniter\Session\Handlers\FileHandler' driver.
DEBUG - 2025-04-08 01:36:52 --> Session: Class initialized using 'CodeIgniter\Session\Handlers\FileHandler' driver.
DEBUG - 2025-04-08 01:36:56 --> Session: Class initialized using 'CodeIgniter\Session\Handlers\FileHandler' driver.
DEBUG - 2025-04-08 01:37:03 --> Session: Class initialized using 'CodeIgniter\Session\Handlers\FileHandler' driver.
DEBUG - 2025-04-08 01:39:20 --> Session: Class initialized using 'CodeIgniter\Session\Handlers\FileHandler' driver.
DEBUG - 2025-04-08 01:39:24 --> Session: Class initialized using 'CodeIgniter\Session\Handlers\FileHandler' driver.
DEBUG - 2025-04-08 01:39:29 --> Session: Class initialized using 'CodeIgniter\Session\Handlers\FileHandler' driver.
DEBUG - 2025-04-08 01:40:52 --> Session: Class initialized using 'CodeIgniter\Session\Handlers\FileHandler' driver.
DEBUG - 2025-04-08 01:41:08 --> Session: Class initialized using 'CodeIgniter\Session\Handlers\FileHandler' driver.
DEBUG - 2025-04-08 01:41:20 --> Session: Class initialized using 'CodeIgniter\Session\Handlers\FileHandler' driver.
DEBUG - 2025-04-08 01:54:06 --> Session: Class initialized using 'CodeIgniter\Session\Handlers\FileHandler' driver.
DEBUG - 2025-04-08 01:58:17 --> Session: Class initialized using 'CodeIgniter\Session\Handlers\FileHandler' driver.
DEBUG - 2025-04-08 02:00:55 --> Session: Class initialized using 'CodeIgniter\Session\Handlers\FileHandler' driver.
DEBUG - 2025-04-08 02:04:29 --> Session: Class initialized using 'CodeIgniter\Session\Handlers\FileHandler' driver.
DEBUG - 2025-04-08 02:05:17 --> Session: Class initialized using 'CodeIgniter\Session\Handlers\FileHandler' driver.
DEBUG - 2025-04-08 02:09:22 --> Session: Class initialized using 'CodeIgniter\Session\Handlers\FileHandler' driver.
DEBUG - 2025-04-08 02:09:43 --> Session: Class initialized using 'CodeIgniter\Session\Handlers\FileHandler' driver.
DEBUG - 2025-04-08 02:09:58 --> Session: Class initialized using 'CodeIgniter\Session\Handlers\FileHandler' driver.
DEBUG - 2025-04-08 02:10:45 --> Session: Class initialized using 'CodeIgniter\Session\Handlers\FileHandler' driver.
DEBUG - 2025-04-08 02:11:12 --> Session: Class initialized using 'CodeIgniter\Session\Handlers\FileHandler' driver.
DEBUG - 2025-04-08 02:18:21 --> Session: Class initialized using 'CodeIgniter\Session\Handlers\FileHandler' driver.
DEBUG - 2025-04-08 02:18:52 --> Session: Class initialized using 'CodeIgniter\Session\Handlers\FileHandler' driver.
DEBUG - 2025-04-08 02:19:36 --> Session: Class initialized using 'CodeIgniter\Session\Handlers\FileHandler' driver.
DEBUG - 2025-04-08 02:23:50 --> Session: Class initialized using 'CodeIgniter\Session\Handlers\FileHandler' driver.
DEBUG - 2025-04-08 02:24:00 --> Session: Class initialized using 'CodeIgniter\Session\Handlers\FileHandler' driver.
DEBUG - 2025-04-08 02:24:14 --> Session: Class initialized using 'CodeIgniter\Session\Handlers\FileHandler' driver.
CRITICAL - 2025-04-08 02:24:17 --> mysqli_sql_exception: Access denied for user 'root'@'localhost' (using password: YES)
[Method: GET, Route: download]
in APPPATH\Controllers\Download.php on line 16.
 1 APPPATH\Controllers\Download.php(16): mysqli_connect('localhost', 'root', Object(SensitiveParameterValue), 'db_hub')
 2 SYSTEMPATH\CodeIgniter.php(933): App\Controllers\Download->downloadFile()
 3 SYSTEMPATH\CodeIgniter.php(507): CodeIgniter\CodeIgniter->runController(Object(App\Controllers\Download))
 4 SYSTEMPATH\CodeIgniter.php(354): CodeIgniter\CodeIgniter->handleRequest(null, Object(Config\Cache), false)
 5 SYSTEMPATH\Boot.php(334): CodeIgniter\CodeIgniter->run()
 6 SYSTEMPATH\Boot.php(67): CodeIgniter\Boot::runCodeIgniter(Object(CodeIgniter\CodeIgniter))
 7 FCPATH\index.php(56): CodeIgniter\Boot::bootWeb(Object(Config\Paths))
 8 SYSTEMPATH\rewrite.php(44): require_once('C:\\Users\\Warvin B Mogate\\DigitalSportsHub\\public\\index.php')
DEBUG - 2025-04-08 02:30:03 --> Session: Class initialized using 'CodeIgniter\Session\Handlers\FileHandler' driver.
CRITICAL - 2025-04-08 02:30:05 --> mysqli_sql_exception: Access denied for user 'root'@'localhost' (using password: NO)
[Method: GET, Route: download]
in APPPATH\Controllers\Download.php on line 16.
 1 APPPATH\Controllers\Download.php(16): mysqli_connect('localhost', 'root', Object(SensitiveParameterValue), 'db_hub')
 2 SYSTEMPATH\CodeIgniter.php(933): App\Controllers\Download->downloadFile()
 3 SYSTEMPATH\CodeIgniter.php(507): CodeIgniter\CodeIgniter->runController(Object(App\Controllers\Download))
 4 SYSTEMPATH\CodeIgniter.php(354): CodeIgniter\CodeIgniter->handleRequest(null, Object(Config\Cache), false)
 5 SYSTEMPATH\Boot.php(334): CodeIgniter\CodeIgniter->run()
 6 SYSTEMPATH\Boot.php(67): CodeIgniter\Boot::runCodeIgniter(Object(CodeIgniter\CodeIgniter))
 7 FCPATH\index.php(56): CodeIgniter\Boot::bootWeb(Object(Config\Paths))
 8 SYSTEMPATH\rewrite.php(44): require_once('C:\\Users\\Warvin B Mogate\\DigitalSportsHub\\public\\index.php')
DEBUG - 2025-04-08 02:35:52 --> Session: Class initialized using 'CodeIgniter\Session\Handlers\FileHandler' driver.
DEBUG - 2025-04-08 02:35:54 --> Session: Class initialized using 'CodeIgniter\Session\Handlers\FileHandler' driver.
DEBUG - 2025-04-08 02:39:36 --> Session: Class initialized using 'CodeIgniter\Session\Handlers\FileHandler' driver.
DEBUG - 2025-04-08 02:53:30 --> Session: Class initialized using 'CodeIgniter\Session\Handlers\FileHandler' driver.
DEBUG - 2025-04-08 02:53:36 --> Session: Class initialized using 'CodeIgniter\Session\Handlers\FileHandler' driver.
DEBUG - 2025-04-08 02:59:19 --> Session: Class initialized using 'CodeIgniter\Session\Handlers\FileHandler' driver.
CRITICAL - 2025-04-08 02:59:21 --> Error: Call to a member function query() on bool
[Method: GET, Route: download]
in APPPATH\Controllers\Download.php on line 26.
 1 SYSTEMPATH\CodeIgniter.php(933): App\Controllers\Download->downloadFile()
 2 SYSTEMPATH\CodeIgniter.php(507): CodeIgniter\CodeIgniter->runController(Object(App\Controllers\Download))
 3 SYSTEMPATH\CodeIgniter.php(354): CodeIgniter\CodeIgniter->handleRequest(null, Object(Config\Cache), false)
 4 SYSTEMPATH\Boot.php(334): CodeIgniter\CodeIgniter->run()
 5 SYSTEMPATH\Boot.php(67): CodeIgniter\Boot::runCodeIgniter(Object(CodeIgniter\CodeIgniter))
 6 FCPATH\index.php(56): CodeIgniter\Boot::bootWeb(Object(Config\Paths))
 7 SYSTEMPATH\rewrite.php(44): require_once('C:\\Users\\Warvin B Mogate\\DigitalSportsHub\\public\\index.php')
CRITICAL - 2025-04-08 03:00:03 --> Error: Call to a member function query() on bool
[Method: GET, Route: download]
in APPPATH\Controllers\Download.php on line 33.
 1 SYSTEMPATH\CodeIgniter.php(933): App\Controllers\Download->downloadFile()
 2 SYSTEMPATH\CodeIgniter.php(507): CodeIgniter\CodeIgniter->runController(Object(App\Controllers\Download))
 3 SYSTEMPATH\CodeIgniter.php(354): CodeIgniter\CodeIgniter->handleRequest(null, Object(Config\Cache), false)
 4 SYSTEMPATH\Boot.php(334): CodeIgniter\CodeIgniter->run()
 5 SYSTEMPATH\Boot.php(67): CodeIgniter\Boot::runCodeIgniter(Object(CodeIgniter\CodeIgniter))
 6 FCPATH\index.php(56): CodeIgniter\Boot::bootWeb(Object(Config\Paths))
 7 SYSTEMPATH\rewrite.php(44): require_once('C:\\Users\\Warvin B Mogate\\DigitalSportsHub\\public\\index.php')
CRITICAL - 2025-04-08 03:00:22 --> Error: Call to a member function query() on bool
[Method: GET, Route: download]
in APPPATH\Controllers\Download.php on line 41.
 1 SYSTEMPATH\CodeIgniter.php(933): App\Controllers\Download->downloadFile()
 2 SYSTEMPATH\CodeIgniter.php(507): CodeIgniter\CodeIgniter->runController(Object(App\Controllers\Download))
 3 SYSTEMPATH\CodeIgniter.php(354): CodeIgniter\CodeIgniter->handleRequest(null, Object(Config\Cache), false)
 4 SYSTEMPATH\Boot.php(334): CodeIgniter\CodeIgniter->run()
 5 SYSTEMPATH\Boot.php(67): CodeIgniter\Boot::runCodeIgniter(Object(CodeIgniter\CodeIgniter))
 6 FCPATH\index.php(56): CodeIgniter\Boot::bootWeb(Object(Config\Paths))
 7 SYSTEMPATH\rewrite.php(44): require_once('C:\\Users\\Warvin B Mogate\\DigitalSportsHub\\public\\index.php')
WARNING - 2025-04-08 03:00:37 --> [DEPRECATED] addslashes(): Passing null to parameter #1 ($string) of type string is deprecated in APPPATH\Controllers\Download.php on line 45.
 1 APPPATH\Controllers\Download.php(45): addslashes(null)
 2 [internal function]: App\Controllers\Download->App\Controllers\{closure}(null)
 3 APPPATH\Controllers\Download.php(44): array_map(Object(Closure), [...])
 4 SYSTEMPATH\CodeIgniter.php(933): App\Controllers\Download->downloadFile()
 5 SYSTEMPATH\CodeIgniter.php(507): CodeIgniter\CodeIgniter->runController(Object(App\Controllers\Download))
 6 SYSTEMPATH\CodeIgniter.php(354): CodeIgniter\CodeIgniter->handleRequest(null, Object(Config\Cache), false)
 7 SYSTEMPATH\Boot.php(334): CodeIgniter\CodeIgniter->run()
 8 SYSTEMPATH\Boot.php(67): CodeIgniter\Boot::runCodeIgniter(Object(CodeIgniter\CodeIgniter))
 9 FCPATH\index.php(56): CodeIgniter\Boot::bootWeb(Object(Config\Paths))
10 SYSTEMPATH\rewrite.php(44): require_once('C:\\Users\\Warvin B Mogate\\DigitalSportsHub\\public\\index.php')
WARNING - 2025-04-08 03:00:37 --> [DEPRECATED] addslashes(): Passing null to parameter #1 ($string) of type string is deprecated in APPPATH\Controllers\Download.php on line 45.
 1 APPPATH\Controllers\Download.php(45): addslashes(null)
 2 [internal function]: App\Controllers\Download->App\Controllers\{closure}(null)
 3 APPPATH\Controllers\Download.php(44): array_map(Object(Closure), [...])
 4 SYSTEMPATH\CodeIgniter.php(933): App\Controllers\Download->downloadFile()
 5 SYSTEMPATH\CodeIgniter.php(507): CodeIgniter\CodeIgniter->runController(Object(App\Controllers\Download))
 6 SYSTEMPATH\CodeIgniter.php(354): CodeIgniter\CodeIgniter->handleRequest(null, Object(Config\Cache), false)
 7 SYSTEMPATH\Boot.php(334): CodeIgniter\CodeIgniter->run()
 8 SYSTEMPATH\Boot.php(67): CodeIgniter\Boot::runCodeIgniter(Object(CodeIgniter\CodeIgniter))
 9 FCPATH\index.php(56): CodeIgniter\Boot::bootWeb(Object(Config\Paths))
10 SYSTEMPATH\rewrite.php(44): require_once('C:\\Users\\Warvin B Mogate\\DigitalSportsHub\\public\\index.php')
WARNING - 2025-04-08 03:00:37 --> [DEPRECATED] addslashes(): Passing null to parameter #1 ($string) of type string is deprecated in APPPATH\Controllers\Download.php on line 45.
 1 APPPATH\Controllers\Download.php(45): addslashes(null)
 2 [internal function]: App\Controllers\Download->App\Controllers\{closure}(null)
 3 APPPATH\Controllers\Download.php(44): array_map(Object(Closure), [...])
 4 SYSTEMPATH\CodeIgniter.php(933): App\Controllers\Download->downloadFile()
 5 SYSTEMPATH\CodeIgniter.php(507): CodeIgniter\CodeIgniter->runController(Object(App\Controllers\Download))
 6 SYSTEMPATH\CodeIgniter.php(354): CodeIgniter\CodeIgniter->handleRequest(null, Object(Config\Cache), false)
 7 SYSTEMPATH\Boot.php(334): CodeIgniter\CodeIgniter->run()
 8 SYSTEMPATH\Boot.php(67): CodeIgniter\Boot::runCodeIgniter(Object(CodeIgniter\CodeIgniter))
 9 FCPATH\index.php(56): CodeIgniter\Boot::bootWeb(Object(Config\Paths))
10 SYSTEMPATH\rewrite.php(44): require_once('C:\\Users\\Warvin B Mogate\\DigitalSportsHub\\public\\index.php')
WARNING - 2025-04-08 03:00:37 --> [DEPRECATED] addslashes(): Passing null to parameter #1 ($string) of type string is deprecated in APPPATH\Controllers\Download.php on line 45.
 1 APPPATH\Controllers\Download.php(45): addslashes(null)
 2 [internal function]: App\Controllers\Download->App\Controllers\{closure}(null)
 3 APPPATH\Controllers\Download.php(44): array_map(Object(Closure), [...])
 4 SYSTEMPATH\CodeIgniter.php(933): App\Controllers\Download->downloadFile()
 5 SYSTEMPATH\CodeIgniter.php(507): CodeIgniter\CodeIgniter->runController(Object(App\Controllers\Download))
 6 SYSTEMPATH\CodeIgniter.php(354): CodeIgniter\CodeIgniter->handleRequest(null, Object(Config\Cache), false)
 7 SYSTEMPATH\Boot.php(334): CodeIgniter\CodeIgniter->run()
 8 SYSTEMPATH\Boot.php(67): CodeIgniter\Boot::runCodeIgniter(Object(CodeIgniter\CodeIgniter))
 9 FCPATH\index.php(56): CodeIgniter\Boot::bootWeb(Object(Config\Paths))
10 SYSTEMPATH\rewrite.php(44): require_once('C:\\Users\\Warvin B Mogate\\DigitalSportsHub\\public\\index.php')
DEBUG - 2025-04-08 03:00:45 --> Session: Class initialized using 'CodeIgniter\Session\Handlers\FileHandler' driver.
DEBUG - 2025-04-08 03:08:52 --> Session: Class initialized using 'CodeIgniter\Session\Handlers\FileHandler' driver.
CRITICAL - 2025-04-08 03:08:55 --> ErrorException: fopen(admin/upload/2025-04-08 03:08:55.sql): Failed to open stream: No such file or directory
[Method: GET, Route: download]
in APPPATH\Controllers\Download.php on line 17.
 1 [internal function]: CodeIgniter\Debug\Exceptions->errorHandler(2, 'fopen(admin/upload/2025-04-08 03:08:55.sql): Failed to open stream: No such file or directory', 'C:\\Users\\Warvin B Mogate\\DigitalSportsHub\\app\\Controllers\\Download.php', 17)
 2 APPPATH\Controllers\Download.php(17): fopen('admin/upload/2025-04-08 03:08:55.sql', 'w')
 3 SYSTEMPATH\CodeIgniter.php(933): App\Controllers\Download->downloadFile()
 4 SYSTEMPATH\CodeIgniter.php(507): CodeIgniter\CodeIgniter->runController(Object(App\Controllers\Download))
 5 SYSTEMPATH\CodeIgniter.php(354): CodeIgniter\CodeIgniter->handleRequest(null, Object(Config\Cache), false)
 6 SYSTEMPATH\Boot.php(334): CodeIgniter\CodeIgniter->run()
 7 SYSTEMPATH\Boot.php(67): CodeIgniter\Boot::runCodeIgniter(Object(CodeIgniter\CodeIgniter))
 8 FCPATH\index.php(56): CodeIgniter\Boot::bootWeb(Object(Config\Paths))
 9 SYSTEMPATH\rewrite.php(44): require_once('C:\\Users\\Warvin B Mogate\\DigitalSportsHub\\public\\index.php')
DEBUG - 2025-04-08 03:09:40 --> Session: Class initialized using 'CodeIgniter\Session\Handlers\FileHandler' driver.
CRITICAL - 2025-04-08 03:09:42 --> ErrorException: fopen(/admin/upload/2025-04-08 03:09:42.sql): Failed to open stream: No such file or directory
[Method: GET, Route: download]
in APPPATH\Controllers\Download.php on line 17.
 1 [internal function]: CodeIgniter\Debug\Exceptions->errorHandler(2, 'fopen(/admin/upload/2025-04-08 03:09:42.sql): Failed to open stream: No such file or directory', 'C:\\Users\\Warvin B Mogate\\DigitalSportsHub\\app\\Controllers\\Download.php', 17)
 2 APPPATH\Controllers\Download.php(17): fopen('/admin/upload/2025-04-08 03:09:42.sql', 'w')
 3 SYSTEMPATH\CodeIgniter.php(933): App\Controllers\Download->downloadFile()
 4 SYSTEMPATH\CodeIgniter.php(507): CodeIgniter\CodeIgniter->runController(Object(App\Controllers\Download))
 5 SYSTEMPATH\CodeIgniter.php(354): CodeIgniter\CodeIgniter->handleRequest(null, Object(Config\Cache), false)
 6 SYSTEMPATH\Boot.php(334): CodeIgniter\CodeIgniter->run()
 7 SYSTEMPATH\Boot.php(67): CodeIgniter\Boot::runCodeIgniter(Object(CodeIgniter\CodeIgniter))
 8 FCPATH\index.php(56): CodeIgniter\Boot::bootWeb(Object(Config\Paths))
 9 SYSTEMPATH\rewrite.php(44): require_once('C:\\Users\\Warvin B Mogate\\DigitalSportsHub\\public\\index.php')
CRITICAL - 2025-04-08 03:10:19 --> ErrorException: fopen(Upload/2025-04-08 03:10:19.sql): Failed to open stream: No such file or directory
[Method: GET, Route: download]
in APPPATH\Controllers\Download.php on line 17.
 1 [internal function]: CodeIgniter\Debug\Exceptions->errorHandler(2, 'fopen(Upload/2025-04-08 03:10:19.sql): Failed to open stream: No such file or directory', 'C:\\Users\\Warvin B Mogate\\DigitalSportsHub\\app\\Controllers\\Download.php', 17)
 2 APPPATH\Controllers\Download.php(17): fopen('Upload/2025-04-08 03:10:19.sql', 'w')
 3 SYSTEMPATH\CodeIgniter.php(933): App\Controllers\Download->downloadFile()
 4 SYSTEMPATH\CodeIgniter.php(507): CodeIgniter\CodeIgniter->runController(Object(App\Controllers\Download))
 5 SYSTEMPATH\CodeIgniter.php(354): CodeIgniter\CodeIgniter->handleRequest(null, Object(Config\Cache), false)
 6 SYSTEMPATH\Boot.php(334): CodeIgniter\CodeIgniter->run()
 7 SYSTEMPATH\Boot.php(67): CodeIgniter\Boot::runCodeIgniter(Object(CodeIgniter\CodeIgniter))
 8 FCPATH\index.php(56): CodeIgniter\Boot::bootWeb(Object(Config\Paths))
 9 SYSTEMPATH\rewrite.php(44): require_once('C:\\Users\\Warvin B Mogate\\DigitalSportsHub\\public\\index.php')
CRITICAL - 2025-04-08 03:12:46 --> ErrorException: fopen(Upload/2025-04-08 03:12:46.sql): Failed to open stream: No such file or directory
[Method: GET, Route: download]
in APPPATH\Controllers\Download.php on line 16.
 1 [internal function]: CodeIgniter\Debug\Exceptions->errorHandler(2, 'fopen(Upload/2025-04-08 03:12:46.sql): Failed to open stream: No such file or directory', 'C:\\Users\\Warvin B Mogate\\DigitalSportsHub\\app\\Controllers\\Download.php', 16)
 2 APPPATH\Controllers\Download.php(16): fopen('Upload/2025-04-08 03:12:46.sql', 'w')
 3 SYSTEMPATH\CodeIgniter.php(933): App\Controllers\Download->downloadFile()
 4 SYSTEMPATH\CodeIgniter.php(507): CodeIgniter\CodeIgniter->runController(Object(App\Controllers\Download))
 5 SYSTEMPATH\CodeIgniter.php(354): CodeIgniter\CodeIgniter->handleRequest(null, Object(Config\Cache), false)
 6 SYSTEMPATH\Boot.php(334): CodeIgniter\CodeIgniter->run()
 7 SYSTEMPATH\Boot.php(67): CodeIgniter\Boot::runCodeIgniter(Object(CodeIgniter\CodeIgniter))
 8 FCPATH\index.php(56): CodeIgniter\Boot::bootWeb(Object(Config\Paths))
 9 SYSTEMPATH\rewrite.php(44): require_once('C:\\Users\\Warvin B Mogate\\DigitalSportsHub\\public\\index.php')
DEBUG - 2025-04-08 03:14:29 --> Session: Class initialized using 'CodeIgniter\Session\Handlers\FileHandler' driver.
CRITICAL - 2025-04-08 03:14:30 --> ErrorException: fopen(Upload/2025-04-08 03:14:30.sql): Failed to open stream: No such file or directory
[Method: GET, Route: download]
in APPPATH\Controllers\Download.php on line 18.
 1 [internal function]: CodeIgniter\Debug\Exceptions->errorHandler(2, 'fopen(Upload/2025-04-08 03:14:30.sql): Failed to open stream: No such file or directory', 'C:\\Users\\Warvin B Mogate\\DigitalSportsHub\\app\\Controllers\\Download.php', 18)
 2 APPPATH\Controllers\Download.php(18): fopen('Upload/2025-04-08 03:14:30.sql', 'w')
 3 SYSTEMPATH\CodeIgniter.php(933): App\Controllers\Download->downloadFile()
 4 SYSTEMPATH\CodeIgniter.php(507): CodeIgniter\CodeIgniter->runController(Object(App\Controllers\Download))
 5 SYSTEMPATH\CodeIgniter.php(354): CodeIgniter\CodeIgniter->handleRequest(null, Object(Config\Cache), false)
 6 SYSTEMPATH\Boot.php(334): CodeIgniter\CodeIgniter->run()
 7 SYSTEMPATH\Boot.php(67): CodeIgniter\Boot::runCodeIgniter(Object(CodeIgniter\CodeIgniter))
 8 FCPATH\index.php(56): CodeIgniter\Boot::bootWeb(Object(Config\Paths))
 9 SYSTEMPATH\rewrite.php(44): require_once('C:\\Users\\Warvin B Mogate\\DigitalSportsHub\\public\\index.php')
CRITICAL - 2025-04-08 03:18:54 --> ErrorException: fopen(C:\Users\Warvin B Mogate\DigitalSportsHub\public\Upload/2025-04-08 03:18:54.sql): Failed to open stream: No such file or directory
[Method: GET, Route: download]
in APPPATH\Controllers\Download.php on line 18.
 1 [internal function]: CodeIgniter\Debug\Exceptions->errorHandler(2, 'fopen(C:\\Users\\Warvin B Mogate\\DigitalSportsHub\\public\\Upload/2025-04-08 03:18:54.sql): Failed to open stream: No such file or directory', 'C:\\Users\\Warvin B Mogate\\DigitalSportsHub\\app\\Controllers\\Download.php', 18)
 2 APPPATH\Controllers\Download.php(18): fopen('C:\\Users\\Warvin B Mogate\\DigitalSportsHub\\public\\Upload/2025-04-08 03:18:54.sql', 'w')
 3 SYSTEMPATH\CodeIgniter.php(933): App\Controllers\Download->downloadFile()
 4 SYSTEMPATH\CodeIgniter.php(507): CodeIgniter\CodeIgniter->runController(Object(App\Controllers\Download))
 5 SYSTEMPATH\CodeIgniter.php(354): CodeIgniter\CodeIgniter->handleRequest(null, Object(Config\Cache), false)
 6 SYSTEMPATH\Boot.php(334): CodeIgniter\CodeIgniter->run()
 7 SYSTEMPATH\Boot.php(67): CodeIgniter\Boot::runCodeIgniter(Object(CodeIgniter\CodeIgniter))
 8 FCPATH\index.php(56): CodeIgniter\Boot::bootWeb(Object(Config\Paths))
 9 SYSTEMPATH\rewrite.php(44): require_once('C:\\Users\\Warvin B Mogate\\DigitalSportsHub\\public\\index.php')
DEBUG - 2025-04-08 03:19:04 --> Session: Class initialized using 'CodeIgniter\Session\Handlers\FileHandler' driver.
CRITICAL - 2025-04-08 03:19:06 --> ErrorException: fopen(C:\Users\Warvin B Mogate\DigitalSportsHub\public\Upload/2025-04-08 03:19:06.sql): Failed to open stream: No such file or directory
[Method: GET, Route: download]
in APPPATH\Controllers\Download.php on line 18.
 1 [internal function]: CodeIgniter\Debug\Exceptions->errorHandler(2, 'fopen(C:\\Users\\Warvin B Mogate\\DigitalSportsHub\\public\\Upload/2025-04-08 03:19:06.sql): Failed to open stream: No such file or directory', 'C:\\Users\\Warvin B Mogate\\DigitalSportsHub\\app\\Controllers\\Download.php', 18)
 2 APPPATH\Controllers\Download.php(18): fopen('C:\\Users\\Warvin B Mogate\\DigitalSportsHub\\public\\Upload/2025-04-08 03:19:06.sql', 'w')
 3 SYSTEMPATH\CodeIgniter.php(933): App\Controllers\Download->downloadFile()
 4 SYSTEMPATH\CodeIgniter.php(507): CodeIgniter\CodeIgniter->runController(Object(App\Controllers\Download))
 5 SYSTEMPATH\CodeIgniter.php(354): CodeIgniter\CodeIgniter->handleRequest(null, Object(Config\Cache), false)
 6 SYSTEMPATH\Boot.php(334): CodeIgniter\CodeIgniter->run()
 7 SYSTEMPATH\Boot.php(67): CodeIgniter\Boot::runCodeIgniter(Object(CodeIgniter\CodeIgniter))
 8 FCPATH\index.php(56): CodeIgniter\Boot::bootWeb(Object(Config\Paths))
 9 SYSTEMPATH\rewrite.php(44): require_once('C:\\Users\\Warvin B Mogate\\DigitalSportsHub\\public\\index.php')
CRITICAL - 2025-04-08 03:20:05 --> ErrorException: fopen(Upload/2025-04-08 03:20:05.sql): Failed to open stream: No such file or directory
[Method: GET, Route: download]
in APPPATH\Controllers\Download.php on line 17.
 1 [internal function]: CodeIgniter\Debug\Exceptions->errorHandler(2, 'fopen(Upload/2025-04-08 03:20:05.sql): Failed to open stream: No such file or directory', 'C:\\Users\\Warvin B Mogate\\DigitalSportsHub\\app\\Controllers\\Download.php', 17)
 2 APPPATH\Controllers\Download.php(17): fopen('Upload/2025-04-08 03:20:05.sql', 'w')
 3 SYSTEMPATH\CodeIgniter.php(933): App\Controllers\Download->downloadFile()
 4 SYSTEMPATH\CodeIgniter.php(507): CodeIgniter\CodeIgniter->runController(Object(App\Controllers\Download))
 5 SYSTEMPATH\CodeIgniter.php(354): CodeIgniter\CodeIgniter->handleRequest(null, Object(Config\Cache), false)
 6 SYSTEMPATH\Boot.php(334): CodeIgniter\CodeIgniter->run()
 7 SYSTEMPATH\Boot.php(67): CodeIgniter\Boot::runCodeIgniter(Object(CodeIgniter\CodeIgniter))
 8 FCPATH\index.php(56): CodeIgniter\Boot::bootWeb(Object(Config\Paths))
 9 SYSTEMPATH\rewrite.php(44): require_once('C:\\Users\\Warvin B Mogate\\DigitalSportsHub\\public\\index.php')
CRITICAL - 2025-04-08 03:23:03 --> mysqli_sql_exception: Access denied for user 'root'@'localhost' (using password: YES)
[Method: GET, Route: download]
in APPPATH\Controllers\Download.php on line 16.
 1 APPPATH\Controllers\Download.php(16): mysqli_connect('localhost', 'root', Object(SensitiveParameterValue), 'db_hub')
 2 SYSTEMPATH\CodeIgniter.php(933): App\Controllers\Download->downloadFile()
 3 SYSTEMPATH\CodeIgniter.php(507): CodeIgniter\CodeIgniter->runController(Object(App\Controllers\Download))
 4 SYSTEMPATH\CodeIgniter.php(354): CodeIgniter\CodeIgniter->handleRequest(null, Object(Config\Cache), false)
 5 SYSTEMPATH\Boot.php(334): CodeIgniter\CodeIgniter->run()
 6 SYSTEMPATH\Boot.php(67): CodeIgniter\Boot::runCodeIgniter(Object(CodeIgniter\CodeIgniter))
 7 FCPATH\index.php(56): CodeIgniter\Boot::bootWeb(Object(Config\Paths))
 8 SYSTEMPATH\rewrite.php(44): require_once('C:\\Users\\Warvin B Mogate\\DigitalSportsHub\\public\\index.php')
CRITICAL - 2025-04-08 03:23:51 --> TypeError: mysqli_query(): Argument #1 ($mysql) must be of type mysqli, CodeIgniter\Database\MySQLi\Connection given
[Method: GET, Route: download]
in APPPATH\Controllers\Download.php on line 23.
 1 APPPATH\Controllers\Download.php(23): mysqli_query(Object(CodeIgniter\Database\MySQLi\Connection), 'SHOW TABLES')
 2 SYSTEMPATH\CodeIgniter.php(933): App\Controllers\Download->downloadFile()
 3 SYSTEMPATH\CodeIgniter.php(507): CodeIgniter\CodeIgniter->runController(Object(App\Controllers\Download))
 4 SYSTEMPATH\CodeIgniter.php(354): CodeIgniter\CodeIgniter->handleRequest(null, Object(Config\Cache), false)
 5 SYSTEMPATH\Boot.php(334): CodeIgniter\CodeIgniter->run()
 6 SYSTEMPATH\Boot.php(67): CodeIgniter\Boot::runCodeIgniter(Object(CodeIgniter\CodeIgniter))
 7 FCPATH\index.php(56): CodeIgniter\Boot::bootWeb(Object(Config\Paths))
 8 SYSTEMPATH\rewrite.php(44): require_once('C:\\Users\\Warvin B Mogate\\DigitalSportsHub\\public\\index.php')
DEBUG - 2025-04-08 03:30:25 --> Session: Class initialized using 'CodeIgniter\Session\Handlers\FileHandler' driver.
CRITICAL - 2025-04-08 03:30:27 --> ErrorException: fopen(C:\Users\Warvin B Mogate\DigitalSportsHub\public\public/Upload/db_hub2025-04-08 03:30:27.sql): Failed to open stream: No such file or directory
[Method: GET, Route: download]
in APPPATH\Controllers\Download.php on line 23.
 1 [internal function]: CodeIgniter\Debug\Exceptions->errorHandler(2, 'fopen(C:\\Users\\Warvin B Mogate\\DigitalSportsHub\\public\\public/Upload/db_hub2025-04-08 03:30:27.sql): Failed to open stream: No such file or directory', 'C:\\Users\\Warvin B Mogate\\DigitalSportsHub\\app\\Controllers\\Download.php', 23)
 2 APPPATH\Controllers\Download.php(23): fopen('C:\\Users\\Warvin B Mogate\\DigitalSportsHub\\public\\public/Upload/db_hub2025-04-08 03:30:27.sql', 'w')
 3 SYSTEMPATH\CodeIgniter.php(933): App\Controllers\Download->downloadFile()
 4 SYSTEMPATH\CodeIgniter.php(507): CodeIgniter\CodeIgniter->runController(Object(App\Controllers\Download))
 5 SYSTEMPATH\CodeIgniter.php(354): CodeIgniter\CodeIgniter->handleRequest(null, Object(Config\Cache), false)
 6 SYSTEMPATH\Boot.php(334): CodeIgniter\CodeIgniter->run()
 7 SYSTEMPATH\Boot.php(67): CodeIgniter\Boot::runCodeIgniter(Object(CodeIgniter\CodeIgniter))
 8 FCPATH\index.php(56): CodeIgniter\Boot::bootWeb(Object(Config\Paths))
 9 SYSTEMPATH\rewrite.php(44): require_once('C:\\Users\\Warvin B Mogate\\DigitalSportsHub\\public\\index.php')
DEBUG - 2025-04-08 03:30:45 --> Session: Class initialized using 'CodeIgniter\Session\Handlers\FileHandler' driver.
CRITICAL - 2025-04-08 03:30:47 --> ErrorException: fopen(C:\Users\Warvin B Mogate\DigitalSportsHub\public\Uploaddb_hub2025-04-08 03:30:47.sql): Failed to open stream: No such file or directory
[Method: GET, Route: download]
in APPPATH\Controllers\Download.php on line 23.
 1 [internal function]: CodeIgniter\Debug\Exceptions->errorHandler(2, 'fopen(C:\\Users\\Warvin B Mogate\\DigitalSportsHub\\public\\Uploaddb_hub2025-04-08 03:30:47.sql): Failed to open stream: No such file or directory', 'C:\\Users\\Warvin B Mogate\\DigitalSportsHub\\app\\Controllers\\Download.php', 23)
 2 APPPATH\Controllers\Download.php(23): fopen('C:\\Users\\Warvin B Mogate\\DigitalSportsHub\\public\\Uploaddb_hub2025-04-08 03:30:47.sql', 'w')
 3 SYSTEMPATH\CodeIgniter.php(933): App\Controllers\Download->downloadFile()
 4 SYSTEMPATH\CodeIgniter.php(507): CodeIgniter\CodeIgniter->runController(Object(App\Controllers\Download))
 5 SYSTEMPATH\CodeIgniter.php(354): CodeIgniter\CodeIgniter->handleRequest(null, Object(Config\Cache), false)
 6 SYSTEMPATH\Boot.php(334): CodeIgniter\CodeIgniter->run()
 7 SYSTEMPATH\Boot.php(67): CodeIgniter\Boot::runCodeIgniter(Object(CodeIgniter\CodeIgniter))
 8 FCPATH\index.php(56): CodeIgniter\Boot::bootWeb(Object(Config\Paths))
 9 SYSTEMPATH\rewrite.php(44): require_once('C:\\Users\\Warvin B Mogate\\DigitalSportsHub\\public\\index.php')
CRITICAL - 2025-04-08 03:31:21 --> ErrorException: fopen(C:\Users\Warvin B Mogate\DigitalSportsHub\public\Upload/db_hub2025-04-08 03:31:21.sql): Failed to open stream: No such file or directory
[Method: GET, Route: download]
in APPPATH\Controllers\Download.php on line 21.
 1 [internal function]: CodeIgniter\Debug\Exceptions->errorHandler(2, 'fopen(C:\\Users\\Warvin B Mogate\\DigitalSportsHub\\public\\Upload/db_hub2025-04-08 03:31:21.sql): Failed to open stream: No such file or directory', 'C:\\Users\\Warvin B Mogate\\DigitalSportsHub\\app\\Controllers\\Download.php', 21)
 2 APPPATH\Controllers\Download.php(21): fopen('C:\\Users\\Warvin B Mogate\\DigitalSportsHub\\public\\Upload/db_hub2025-04-08 03:31:21.sql', 'w')
 3 SYSTEMPATH\CodeIgniter.php(933): App\Controllers\Download->downloadFile()
 4 SYSTEMPATH\CodeIgniter.php(507): CodeIgniter\CodeIgniter->runController(Object(App\Controllers\Download))
 5 SYSTEMPATH\CodeIgniter.php(354): CodeIgniter\CodeIgniter->handleRequest(null, Object(Config\Cache), false)
 6 SYSTEMPATH\Boot.php(334): CodeIgniter\CodeIgniter->run()
 7 SYSTEMPATH\Boot.php(67): CodeIgniter\Boot::runCodeIgniter(Object(CodeIgniter\CodeIgniter))
 8 FCPATH\index.php(56): CodeIgniter\Boot::bootWeb(Object(Config\Paths))
 9 SYSTEMPATH\rewrite.php(44): require_once('C:\\Users\\Warvin B Mogate\\DigitalSportsHub\\public\\index.php')
CRITICAL - 2025-04-08 03:31:23 --> ErrorException: fopen(C:\Users\Warvin B Mogate\DigitalSportsHub\public\Upload/db_hub2025-04-08 03:31:23.sql): Failed to open stream: No such file or directory
[Method: GET, Route: download]
in APPPATH\Controllers\Download.php on line 21.
 1 [internal function]: CodeIgniter\Debug\Exceptions->errorHandler(2, 'fopen(C:\\Users\\Warvin B Mogate\\DigitalSportsHub\\public\\Upload/db_hub2025-04-08 03:31:23.sql): Failed to open stream: No such file or directory', 'C:\\Users\\Warvin B Mogate\\DigitalSportsHub\\app\\Controllers\\Download.php', 21)
 2 APPPATH\Controllers\Download.php(21): fopen('C:\\Users\\Warvin B Mogate\\DigitalSportsHub\\public\\Upload/db_hub2025-04-08 03:31:23.sql', 'w')
 3 SYSTEMPATH\CodeIgniter.php(933): App\Controllers\Download->downloadFile()
 4 SYSTEMPATH\CodeIgniter.php(507): CodeIgniter\CodeIgniter->runController(Object(App\Controllers\Download))
 5 SYSTEMPATH\CodeIgniter.php(354): CodeIgniter\CodeIgniter->handleRequest(null, Object(Config\Cache), false)
 6 SYSTEMPATH\Boot.php(334): CodeIgniter\CodeIgniter->run()
 7 SYSTEMPATH\Boot.php(67): CodeIgniter\Boot::runCodeIgniter(Object(CodeIgniter\CodeIgniter))
 8 FCPATH\index.php(56): CodeIgniter\Boot::bootWeb(Object(Config\Paths))
 9 SYSTEMPATH\rewrite.php(44): require_once('C:\\Users\\Warvin B Mogate\\DigitalSportsHub\\public\\index.php')
DEBUG - 2025-04-08 03:32:58 --> Session: Class initialized using 'CodeIgniter\Session\Handlers\FileHandler' driver.
CRITICAL - 2025-04-08 03:32:59 --> ErrorException: fopen(C:\Users\Warvin B Mogate\DigitalSportsHub\public\Uploaddb_hub2025-04-08 03:32:59.sql): Failed to open stream: No such file or directory
[Method: GET, Route: download]
in APPPATH\Controllers\Download.php on line 27.
 1 [internal function]: CodeIgniter\Debug\Exceptions->errorHandler(2, 'fopen(C:\\Users\\Warvin B Mogate\\DigitalSportsHub\\public\\Uploaddb_hub2025-04-08 03:32:59.sql): Failed to open stream: No such file or directory', 'C:\\Users\\Warvin B Mogate\\DigitalSportsHub\\app\\Controllers\\Download.php', 27)
 2 APPPATH\Controllers\Download.php(27): fopen('C:\\Users\\Warvin B Mogate\\DigitalSportsHub\\public\\Uploaddb_hub2025-04-08 03:32:59.sql', 'w')
 3 SYSTEMPATH\CodeIgniter.php(933): App\Controllers\Download->downloadFile()
 4 SYSTEMPATH\CodeIgniter.php(507): CodeIgniter\CodeIgniter->runController(Object(App\Controllers\Download))
 5 SYSTEMPATH\CodeIgniter.php(354): CodeIgniter\CodeIgniter->handleRequest(null, Object(Config\Cache), false)
 6 SYSTEMPATH\Boot.php(334): CodeIgniter\CodeIgniter->run()
 7 SYSTEMPATH\Boot.php(67): CodeIgniter\Boot::runCodeIgniter(Object(CodeIgniter\CodeIgniter))
 8 FCPATH\index.php(56): CodeIgniter\Boot::bootWeb(Object(Config\Paths))
 9 SYSTEMPATH\rewrite.php(44): require_once('C:\\Users\\Warvin B Mogate\\DigitalSportsHub\\public\\index.php')
DEBUG - 2025-04-08 03:33:37 --> Session: Class initialized using 'CodeIgniter\Session\Handlers\FileHandler' driver.
CRITICAL - 2025-04-08 03:33:39 --> ErrorException: fopen(C:\Users\Warvin B Mogate\DigitalSportsHub\public\Upload/db_hub2025-04-08 03:33:39.sql): Failed to open stream: No such file or directory
[Method: GET, Route: download]
in APPPATH\Controllers\Download.php on line 27.
 1 [internal function]: CodeIgniter\Debug\Exceptions->errorHandler(2, 'fopen(C:\\Users\\Warvin B Mogate\\DigitalSportsHub\\public\\Upload/db_hub2025-04-08 03:33:39.sql): Failed to open stream: No such file or directory', 'C:\\Users\\Warvin B Mogate\\DigitalSportsHub\\app\\Controllers\\Download.php', 27)
 2 APPPATH\Controllers\Download.php(27): fopen('C:\\Users\\Warvin B Mogate\\DigitalSportsHub\\public\\Upload/db_hub2025-04-08 03:33:39.sql', 'w')
 3 SYSTEMPATH\CodeIgniter.php(933): App\Controllers\Download->downloadFile()
 4 SYSTEMPATH\CodeIgniter.php(507): CodeIgniter\CodeIgniter->runController(Object(App\Controllers\Download))
 5 SYSTEMPATH\CodeIgniter.php(354): CodeIgniter\CodeIgniter->handleRequest(null, Object(Config\Cache), false)
 6 SYSTEMPATH\Boot.php(334): CodeIgniter\CodeIgniter->run()
 7 SYSTEMPATH\Boot.php(67): CodeIgniter\Boot::runCodeIgniter(Object(CodeIgniter\CodeIgniter))
 8 FCPATH\index.php(56): CodeIgniter\Boot::bootWeb(Object(Config\Paths))
 9 SYSTEMPATH\rewrite.php(44): require_once('C:\\Users\\Warvin B Mogate\\DigitalSportsHub\\public\\index.php')
DEBUG - 2025-04-08 03:34:33 --> Session: Class initialized using 'CodeIgniter\Session\Handlers\FileHandler' driver.
CRITICAL - 2025-04-08 03:37:21 --> ErrorException: fopen(db_hub2025-04-08 03:37:21.sql): Failed to open stream: No such file or directory
[Method: GET, Route: download]
in APPPATH\Controllers\Download.php on line 24.
 1 [internal function]: CodeIgniter\Debug\Exceptions->errorHandler(2, 'fopen(db_hub2025-04-08 03:37:21.sql): Failed to open stream: No such file or directory', 'C:\\Users\\Warvin B Mogate\\DigitalSportsHub\\app\\Controllers\\Download.php', 24)
 2 APPPATH\Controllers\Download.php(24): fopen('db_hub2025-04-08 03:37:21.sql', 'w')
 3 SYSTEMPATH\CodeIgniter.php(933): App\Controllers\Download->downloadFile()
 4 SYSTEMPATH\CodeIgniter.php(507): CodeIgniter\CodeIgniter->runController(Object(App\Controllers\Download))
 5 SYSTEMPATH\CodeIgniter.php(354): CodeIgniter\CodeIgniter->handleRequest(null, Object(Config\Cache), false)
 6 SYSTEMPATH\Boot.php(334): CodeIgniter\CodeIgniter->run()
 7 SYSTEMPATH\Boot.php(67): CodeIgniter\Boot::runCodeIgniter(Object(CodeIgniter\CodeIgniter))
 8 FCPATH\index.php(56): CodeIgniter\Boot::bootWeb(Object(Config\Paths))
 9 SYSTEMPATH\rewrite.php(44): require_once('C:\\Users\\Warvin B Mogate\\DigitalSportsHub\\public\\index.php')
DEBUG - 2025-04-08 03:42:24 --> Session: Class initialized using 'CodeIgniter\Session\Handlers\FileHandler' driver.
CRITICAL - 2025-04-08 03:42:25 --> ErrorException: fopen(Upload/db_hub2025-04-08 03:42:25.sql): Failed to open stream: No such file or directory
[Method: GET, Route: download]
in APPPATH\Controllers\Download.php on line 24.
 1 [internal function]: CodeIgniter\Debug\Exceptions->errorHandler(2, 'fopen(Upload/db_hub2025-04-08 03:42:25.sql): Failed to open stream: No such file or directory', 'C:\\Users\\Warvin B Mogate\\DigitalSportsHub\\app\\Controllers\\Download.php', 24)
 2 APPPATH\Controllers\Download.php(24): fopen('Upload/db_hub2025-04-08 03:42:25.sql', 'w')
 3 SYSTEMPATH\CodeIgniter.php(933): App\Controllers\Download->downloadFile()
 4 SYSTEMPATH\CodeIgniter.php(507): CodeIgniter\CodeIgniter->runController(Object(App\Controllers\Download))
 5 SYSTEMPATH\CodeIgniter.php(354): CodeIgniter\CodeIgniter->handleRequest(null, Object(Config\Cache), false)
 6 SYSTEMPATH\Boot.php(334): CodeIgniter\CodeIgniter->run()
 7 SYSTEMPATH\Boot.php(67): CodeIgniter\Boot::runCodeIgniter(Object(CodeIgniter\CodeIgniter))
 8 FCPATH\index.php(56): CodeIgniter\Boot::bootWeb(Object(Config\Paths))
 9 SYSTEMPATH\rewrite.php(44): require_once('C:\\Users\\Warvin B Mogate\\DigitalSportsHub\\public\\index.php')
CRITICAL - 2025-04-08 03:43:15 --> ErrorException: fopen(C:\Users\Warvin B Mogate\DigitalSportsHub\public\Upload/db_hub2025-04-08 03:43:15.sql): Failed to open stream: No such file or directory
[Method: GET, Route: download]
in APPPATH\Controllers\Download.php on line 24.
 1 [internal function]: CodeIgniter\Debug\Exceptions->errorHandler(2, 'fopen(C:\\Users\\Warvin B Mogate\\DigitalSportsHub\\public\\Upload/db_hub2025-04-08 03:43:15.sql): Failed to open stream: No such file or directory', 'C:\\Users\\Warvin B Mogate\\DigitalSportsHub\\app\\Controllers\\Download.php', 24)
 2 APPPATH\Controllers\Download.php(24): fopen('C:\\Users\\Warvin B Mogate\\DigitalSportsHub\\public\\Upload/db_hub2025-04-08 03:43:15.sql', 'w')
 3 SYSTEMPATH\CodeIgniter.php(933): App\Controllers\Download->downloadFile()
 4 SYSTEMPATH\CodeIgniter.php(507): CodeIgniter\CodeIgniter->runController(Object(App\Controllers\Download))
 5 SYSTEMPATH\CodeIgniter.php(354): CodeIgniter\CodeIgniter->handleRequest(null, Object(Config\Cache), false)
 6 SYSTEMPATH\Boot.php(334): CodeIgniter\CodeIgniter->run()
 7 SYSTEMPATH\Boot.php(67): CodeIgniter\Boot::runCodeIgniter(Object(CodeIgniter\CodeIgniter))
 8 FCPATH\index.php(56): CodeIgniter\Boot::bootWeb(Object(Config\Paths))
 9 SYSTEMPATH\rewrite.php(44): require_once('C:\\Users\\Warvin B Mogate\\DigitalSportsHub\\public\\index.php')
DEBUG - 2025-04-08 03:44:10 --> Session: Class initialized using 'CodeIgniter\Session\Handlers\FileHandler' driver.
CRITICAL - 2025-04-08 03:44:11 --> ErrorException: fopen(C:\Users\Warvin B Mogate\DigitalSportsHub\public\Upload/db_hub2025-04-08 03:44:11.sql): Failed to open stream: No such file or directory
[Method: GET, Route: download]
in APPPATH\Controllers\Download.php on line 24.
 1 [internal function]: CodeIgniter\Debug\Exceptions->errorHandler(2, 'fopen(C:\\Users\\Warvin B Mogate\\DigitalSportsHub\\public\\Upload/db_hub2025-04-08 03:44:11.sql): Failed to open stream: No such file or directory', 'C:\\Users\\Warvin B Mogate\\DigitalSportsHub\\app\\Controllers\\Download.php', 24)
 2 APPPATH\Controllers\Download.php(24): fopen('C:\\Users\\Warvin B Mogate\\DigitalSportsHub\\public\\Upload/db_hub2025-04-08 03:44:11.sql', 'w')
 3 SYSTEMPATH\CodeIgniter.php(933): App\Controllers\Download->downloadFile()
 4 SYSTEMPATH\CodeIgniter.php(507): CodeIgniter\CodeIgniter->runController(Object(App\Controllers\Download))
 5 SYSTEMPATH\CodeIgniter.php(354): CodeIgniter\CodeIgniter->handleRequest(null, Object(Config\Cache), false)
 6 SYSTEMPATH\Boot.php(334): CodeIgniter\CodeIgniter->run()
 7 SYSTEMPATH\Boot.php(67): CodeIgniter\Boot::runCodeIgniter(Object(CodeIgniter\CodeIgniter))
 8 FCPATH\index.php(56): CodeIgniter\Boot::bootWeb(Object(Config\Paths))
 9 SYSTEMPATH\rewrite.php(44): require_once('C:\\Users\\Warvin B Mogate\\DigitalSportsHub\\public\\index.php')
CRITICAL - 2025-04-08 03:45:05 --> ErrorException: fopen(Upload/db_hub2025-04-08 03:45:05.sql): Failed to open stream: No such file or directory
[Method: GET, Route: download]
in APPPATH\Controllers\Download.php on line 18.
 1 [internal function]: CodeIgniter\Debug\Exceptions->errorHandler(2, 'fopen(Upload/db_hub2025-04-08 03:45:05.sql): Failed to open stream: No such file or directory', 'C:\\Users\\Warvin B Mogate\\DigitalSportsHub\\app\\Controllers\\Download.php', 18)
 2 APPPATH\Controllers\Download.php(18): fopen('Upload/db_hub2025-04-08 03:45:05.sql', 'w')
 3 SYSTEMPATH\CodeIgniter.php(933): App\Controllers\Download->downloadFile()
 4 SYSTEMPATH\CodeIgniter.php(507): CodeIgniter\CodeIgniter->runController(Object(App\Controllers\Download))
 5 SYSTEMPATH\CodeIgniter.php(354): CodeIgniter\CodeIgniter->handleRequest(null, Object(Config\Cache), false)
 6 SYSTEMPATH\Boot.php(334): CodeIgniter\CodeIgniter->run()
 7 SYSTEMPATH\Boot.php(67): CodeIgniter\Boot::runCodeIgniter(Object(CodeIgniter\CodeIgniter))
 8 FCPATH\index.php(56): CodeIgniter\Boot::bootWeb(Object(Config\Paths))
 9 SYSTEMPATH\rewrite.php(44): require_once('C:\\Users\\Warvin B Mogate\\DigitalSportsHub\\public\\index.php')
CRITICAL - 2025-04-08 03:45:30 --> ErrorException: filesize(): stat failed for db_hub20250408034530.sql
[Method: GET, Route: download]
in APPPATH\Controllers\Download.php on line 63.
 1 [internal function]: CodeIgniter\Debug\Exceptions->errorHandler(2, 'filesize(): stat failed for db_hub20250408034530.sql', 'C:\\Users\\Warvin B Mogate\\DigitalSportsHub\\app\\Controllers\\Download.php', 63)
 2 APPPATH\Controllers\Download.php(63): filesize('db_hub20250408034530.sql')
 3 APPPATH\Controllers\Download.php(55): App\Controllers\Download->downloadBackup('db_hub20250408034530.sql')
 4 SYSTEMPATH\CodeIgniter.php(933): App\Controllers\Download->downloadFile()
 5 SYSTEMPATH\CodeIgniter.php(507): CodeIgniter\CodeIgniter->runController(Object(App\Controllers\Download))
 6 SYSTEMPATH\CodeIgniter.php(354): CodeIgniter\CodeIgniter->handleRequest(null, Object(Config\Cache), false)
 7 SYSTEMPATH\Boot.php(334): CodeIgniter\CodeIgniter->run()
 8 SYSTEMPATH\Boot.php(67): CodeIgniter\Boot::runCodeIgniter(Object(CodeIgniter\CodeIgniter))
 9 FCPATH\index.php(56): CodeIgniter\Boot::bootWeb(Object(Config\Paths))
10 SYSTEMPATH\rewrite.php(44): require_once('C:\\Users\\Warvin B Mogate\\DigitalSportsHub\\public\\index.php')
WARNING - 2025-04-08 03:46:03 --> [DEPRECATED] addslashes(): Passing null to parameter #1 ($string) of type string is deprecated in APPPATH\Controllers\Download.php on line 43.
 1 APPPATH\Controllers\Download.php(43): addslashes(null)
 2 [internal function]: App\Controllers\Download->App\Controllers\{closure}(null)
 3 APPPATH\Controllers\Download.php(42): array_map(Object(Closure), [...])
 4 SYSTEMPATH\CodeIgniter.php(933): App\Controllers\Download->downloadFile()
 5 SYSTEMPATH\CodeIgniter.php(507): CodeIgniter\CodeIgniter->runController(Object(App\Controllers\Download))
 6 SYSTEMPATH\CodeIgniter.php(354): CodeIgniter\CodeIgniter->handleRequest(null, Object(Config\Cache), false)
 7 SYSTEMPATH\Boot.php(334): CodeIgniter\CodeIgniter->run()
 8 SYSTEMPATH\Boot.php(67): CodeIgniter\Boot::runCodeIgniter(Object(CodeIgniter\CodeIgniter))
 9 FCPATH\index.php(56): CodeIgniter\Boot::bootWeb(Object(Config\Paths))
10 SYSTEMPATH\rewrite.php(44): require_once('C:\\Users\\Warvin B Mogate\\DigitalSportsHub\\public\\index.php')
WARNING - 2025-04-08 03:46:03 --> [DEPRECATED] addslashes(): Passing null to parameter #1 ($string) of type string is deprecated in APPPATH\Controllers\Download.php on line 43.
 1 APPPATH\Controllers\Download.php(43): addslashes(null)
 2 [internal function]: App\Controllers\Download->App\Controllers\{closure}(null)
 3 APPPATH\Controllers\Download.php(42): array_map(Object(Closure), [...])
 4 SYSTEMPATH\CodeIgniter.php(933): App\Controllers\Download->downloadFile()
 5 SYSTEMPATH\CodeIgniter.php(507): CodeIgniter\CodeIgniter->runController(Object(App\Controllers\Download))
 6 SYSTEMPATH\CodeIgniter.php(354): CodeIgniter\CodeIgniter->handleRequest(null, Object(Config\Cache), false)
 7 SYSTEMPATH\Boot.php(334): CodeIgniter\CodeIgniter->run()
 8 SYSTEMPATH\Boot.php(67): CodeIgniter\Boot::runCodeIgniter(Object(CodeIgniter\CodeIgniter))
 9 FCPATH\index.php(56): CodeIgniter\Boot::bootWeb(Object(Config\Paths))
10 SYSTEMPATH\rewrite.php(44): require_once('C:\\Users\\Warvin B Mogate\\DigitalSportsHub\\public\\index.php')
WARNING - 2025-04-08 03:46:03 --> [DEPRECATED] addslashes(): Passing null to parameter #1 ($string) of type string is deprecated in APPPATH\Controllers\Download.php on line 43.
 1 APPPATH\Controllers\Download.php(43): addslashes(null)
 2 [internal function]: App\Controllers\Download->App\Controllers\{closure}(null)
 3 APPPATH\Controllers\Download.php(42): array_map(Object(Closure), [...])
 4 SYSTEMPATH\CodeIgniter.php(933): App\Controllers\Download->downloadFile()
 5 SYSTEMPATH\CodeIgniter.php(507): CodeIgniter\CodeIgniter->runController(Object(App\Controllers\Download))
 6 SYSTEMPATH\CodeIgniter.php(354): CodeIgniter\CodeIgniter->handleRequest(null, Object(Config\Cache), false)
 7 SYSTEMPATH\Boot.php(334): CodeIgniter\CodeIgniter->run()
 8 SYSTEMPATH\Boot.php(67): CodeIgniter\Boot::runCodeIgniter(Object(CodeIgniter\CodeIgniter))
 9 FCPATH\index.php(56): CodeIgniter\Boot::bootWeb(Object(Config\Paths))
10 SYSTEMPATH\rewrite.php(44): require_once('C:\\Users\\Warvin B Mogate\\DigitalSportsHub\\public\\index.php')
WARNING - 2025-04-08 03:46:03 --> [DEPRECATED] addslashes(): Passing null to parameter #1 ($string) of type string is deprecated in APPPATH\Controllers\Download.php on line 43.
 1 APPPATH\Controllers\Download.php(43): addslashes(null)
 2 [internal function]: App\Controllers\Download->App\Controllers\{closure}(null)
 3 APPPATH\Controllers\Download.php(42): array_map(Object(Closure), [...])
 4 SYSTEMPATH\CodeIgniter.php(933): App\Controllers\Download->downloadFile()
 5 SYSTEMPATH\CodeIgniter.php(507): CodeIgniter\CodeIgniter->runController(Object(App\Controllers\Download))
 6 SYSTEMPATH\CodeIgniter.php(354): CodeIgniter\CodeIgniter->handleRequest(null, Object(Config\Cache), false)
 7 SYSTEMPATH\Boot.php(334): CodeIgniter\CodeIgniter->run()
 8 SYSTEMPATH\Boot.php(67): CodeIgniter\Boot::runCodeIgniter(Object(CodeIgniter\CodeIgniter))
 9 FCPATH\index.php(56): CodeIgniter\Boot::bootWeb(Object(Config\Paths))
10 SYSTEMPATH\rewrite.php(44): require_once('C:\\Users\\Warvin B Mogate\\DigitalSportsHub\\public\\index.php')
CRITICAL - 2025-04-08 03:46:03 --> ErrorException: filesize(): stat failed for db_hub20250408034603.sql
[Method: GET, Route: download]
in APPPATH\Controllers\Download.php on line 63.
 1 [internal function]: CodeIgniter\Debug\Exceptions->errorHandler(2, 'filesize(): stat failed for db_hub20250408034603.sql', 'C:\\Users\\Warvin B Mogate\\DigitalSportsHub\\app\\Controllers\\Download.php', 63)
 2 APPPATH\Controllers\Download.php(63): filesize('db_hub20250408034603.sql')
 3 APPPATH\Controllers\Download.php(55): App\Controllers\Download->downloadBackup('db_hub20250408034603.sql')
 4 SYSTEMPATH\CodeIgniter.php(933): App\Controllers\Download->downloadFile()
 5 SYSTEMPATH\CodeIgniter.php(507): CodeIgniter\CodeIgniter->runController(Object(App\Controllers\Download))
 6 SYSTEMPATH\CodeIgniter.php(354): CodeIgniter\CodeIgniter->handleRequest(null, Object(Config\Cache), false)
 7 SYSTEMPATH\Boot.php(334): CodeIgniter\CodeIgniter->run()
 8 SYSTEMPATH\Boot.php(67): CodeIgniter\Boot::runCodeIgniter(Object(CodeIgniter\CodeIgniter))
 9 FCPATH\index.php(56): CodeIgniter\Boot::bootWeb(Object(Config\Paths))
10 SYSTEMPATH\rewrite.php(44): require_once('C:\\Users\\Warvin B Mogate\\DigitalSportsHub\\public\\index.php')
WARNING - 2025-04-08 03:46:09 --> [DEPRECATED] addslashes(): Passing null to parameter #1 ($string) of type string is deprecated in APPPATH\Controllers\Download.php on line 43.
 1 APPPATH\Controllers\Download.php(43): addslashes(null)
 2 [internal function]: App\Controllers\Download->App\Controllers\{closure}(null)
 3 APPPATH\Controllers\Download.php(42): array_map(Object(Closure), [...])
 4 SYSTEMPATH\CodeIgniter.php(933): App\Controllers\Download->downloadFile()
 5 SYSTEMPATH\CodeIgniter.php(507): CodeIgniter\CodeIgniter->runController(Object(App\Controllers\Download))
 6 SYSTEMPATH\CodeIgniter.php(354): CodeIgniter\CodeIgniter->handleRequest(null, Object(Config\Cache), false)
 7 SYSTEMPATH\Boot.php(334): CodeIgniter\CodeIgniter->run()
 8 SYSTEMPATH\Boot.php(67): CodeIgniter\Boot::runCodeIgniter(Object(CodeIgniter\CodeIgniter))
 9 FCPATH\index.php(56): CodeIgniter\Boot::bootWeb(Object(Config\Paths))
10 SYSTEMPATH\rewrite.php(44): require_once('C:\\Users\\Warvin B Mogate\\DigitalSportsHub\\public\\index.php')
WARNING - 2025-04-08 03:46:09 --> [DEPRECATED] addslashes(): Passing null to parameter #1 ($string) of type string is deprecated in APPPATH\Controllers\Download.php on line 43.
 1 APPPATH\Controllers\Download.php(43): addslashes(null)
 2 [internal function]: App\Controllers\Download->App\Controllers\{closure}(null)
 3 APPPATH\Controllers\Download.php(42): array_map(Object(Closure), [...])
 4 SYSTEMPATH\CodeIgniter.php(933): App\Controllers\Download->downloadFile()
 5 SYSTEMPATH\CodeIgniter.php(507): CodeIgniter\CodeIgniter->runController(Object(App\Controllers\Download))
 6 SYSTEMPATH\CodeIgniter.php(354): CodeIgniter\CodeIgniter->handleRequest(null, Object(Config\Cache), false)
 7 SYSTEMPATH\Boot.php(334): CodeIgniter\CodeIgniter->run()
 8 SYSTEMPATH\Boot.php(67): CodeIgniter\Boot::runCodeIgniter(Object(CodeIgniter\CodeIgniter))
 9 FCPATH\index.php(56): CodeIgniter\Boot::bootWeb(Object(Config\Paths))
10 SYSTEMPATH\rewrite.php(44): require_once('C:\\Users\\Warvin B Mogate\\DigitalSportsHub\\public\\index.php')
WARNING - 2025-04-08 03:46:09 --> [DEPRECATED] addslashes(): Passing null to parameter #1 ($string) of type string is deprecated in APPPATH\Controllers\Download.php on line 43.
 1 APPPATH\Controllers\Download.php(43): addslashes(null)
 2 [internal function]: App\Controllers\Download->App\Controllers\{closure}(null)
 3 APPPATH\Controllers\Download.php(42): array_map(Object(Closure), [...])
 4 SYSTEMPATH\CodeIgniter.php(933): App\Controllers\Download->downloadFile()
 5 SYSTEMPATH\CodeIgniter.php(507): CodeIgniter\CodeIgniter->runController(Object(App\Controllers\Download))
 6 SYSTEMPATH\CodeIgniter.php(354): CodeIgniter\CodeIgniter->handleRequest(null, Object(Config\Cache), false)
 7 SYSTEMPATH\Boot.php(334): CodeIgniter\CodeIgniter->run()
 8 SYSTEMPATH\Boot.php(67): CodeIgniter\Boot::runCodeIgniter(Object(CodeIgniter\CodeIgniter))
 9 FCPATH\index.php(56): CodeIgniter\Boot::bootWeb(Object(Config\Paths))
10 SYSTEMPATH\rewrite.php(44): require_once('C:\\Users\\Warvin B Mogate\\DigitalSportsHub\\public\\index.php')
WARNING - 2025-04-08 03:46:09 --> [DEPRECATED] addslashes(): Passing null to parameter #1 ($string) of type string is deprecated in APPPATH\Controllers\Download.php on line 43.
 1 APPPATH\Controllers\Download.php(43): addslashes(null)
 2 [internal function]: App\Controllers\Download->App\Controllers\{closure}(null)
 3 APPPATH\Controllers\Download.php(42): array_map(Object(Closure), [...])
 4 SYSTEMPATH\CodeIgniter.php(933): App\Controllers\Download->downloadFile()
 5 SYSTEMPATH\CodeIgniter.php(507): CodeIgniter\CodeIgniter->runController(Object(App\Controllers\Download))
 6 SYSTEMPATH\CodeIgniter.php(354): CodeIgniter\CodeIgniter->handleRequest(null, Object(Config\Cache), false)
 7 SYSTEMPATH\Boot.php(334): CodeIgniter\CodeIgniter->run()
 8 SYSTEMPATH\Boot.php(67): CodeIgniter\Boot::runCodeIgniter(Object(CodeIgniter\CodeIgniter))
 9 FCPATH\index.php(56): CodeIgniter\Boot::bootWeb(Object(Config\Paths))
10 SYSTEMPATH\rewrite.php(44): require_once('C:\\Users\\Warvin B Mogate\\DigitalSportsHub\\public\\index.php')
CRITICAL - 2025-04-08 03:46:09 --> ErrorException: filesize(): stat failed for db_hub20250408034609.sql
[Method: GET, Route: download]
in APPPATH\Controllers\Download.php on line 63.
 1 [internal function]: CodeIgniter\Debug\Exceptions->errorHandler(2, 'filesize(): stat failed for db_hub20250408034609.sql', 'C:\\Users\\Warvin B Mogate\\DigitalSportsHub\\app\\Controllers\\Download.php', 63)
 2 APPPATH\Controllers\Download.php(63): filesize('db_hub20250408034609.sql')
 3 APPPATH\Controllers\Download.php(55): App\Controllers\Download->downloadBackup('db_hub20250408034609.sql')
 4 SYSTEMPATH\CodeIgniter.php(933): App\Controllers\Download->downloadFile()
 5 SYSTEMPATH\CodeIgniter.php(507): CodeIgniter\CodeIgniter->runController(Object(App\Controllers\Download))
 6 SYSTEMPATH\CodeIgniter.php(354): CodeIgniter\CodeIgniter->handleRequest(null, Object(Config\Cache), false)
 7 SYSTEMPATH\Boot.php(334): CodeIgniter\CodeIgniter->run()
 8 SYSTEMPATH\Boot.php(67): CodeIgniter\Boot::runCodeIgniter(Object(CodeIgniter\CodeIgniter))
 9 FCPATH\index.php(56): CodeIgniter\Boot::bootWeb(Object(Config\Paths))
10 SYSTEMPATH\rewrite.php(44): require_once('C:\\Users\\Warvin B Mogate\\DigitalSportsHub\\public\\index.php')
DEBUG - 2025-04-08 03:49:34 --> Session: Class initialized using 'CodeIgniter\Session\Handlers\FileHandler' driver.
WARNING - 2025-04-08 03:49:36 --> [DEPRECATED] addslashes(): Passing null to parameter #1 ($string) of type string is deprecated in APPPATH\Controllers\Download.php on line 49.
 1 APPPATH\Controllers\Download.php(49): addslashes(null)
 2 [internal function]: App\Controllers\Download->App\Controllers\{closure}(null)
 3 APPPATH\Controllers\Download.php(48): array_map(Object(Closure), [...])
 4 SYSTEMPATH\CodeIgniter.php(933): App\Controllers\Download->downloadFile()
 5 SYSTEMPATH\CodeIgniter.php(507): CodeIgniter\CodeIgniter->runController(Object(App\Controllers\Download))
 6 SYSTEMPATH\CodeIgniter.php(354): CodeIgniter\CodeIgniter->handleRequest(null, Object(Config\Cache), false)
 7 SYSTEMPATH\Boot.php(334): CodeIgniter\CodeIgniter->run()
 8 SYSTEMPATH\Boot.php(67): CodeIgniter\Boot::runCodeIgniter(Object(CodeIgniter\CodeIgniter))
 9 FCPATH\index.php(56): CodeIgniter\Boot::bootWeb(Object(Config\Paths))
10 SYSTEMPATH\rewrite.php(44): require_once('C:\\Users\\Warvin B Mogate\\DigitalSportsHub\\public\\index.php')
WARNING - 2025-04-08 03:49:36 --> [DEPRECATED] addslashes(): Passing null to parameter #1 ($string) of type string is deprecated in APPPATH\Controllers\Download.php on line 49.
 1 APPPATH\Controllers\Download.php(49): addslashes(null)
 2 [internal function]: App\Controllers\Download->App\Controllers\{closure}(null)
 3 APPPATH\Controllers\Download.php(48): array_map(Object(Closure), [...])
 4 SYSTEMPATH\CodeIgniter.php(933): App\Controllers\Download->downloadFile()
 5 SYSTEMPATH\CodeIgniter.php(507): CodeIgniter\CodeIgniter->runController(Object(App\Controllers\Download))
 6 SYSTEMPATH\CodeIgniter.php(354): CodeIgniter\CodeIgniter->handleRequest(null, Object(Config\Cache), false)
 7 SYSTEMPATH\Boot.php(334): CodeIgniter\CodeIgniter->run()
 8 SYSTEMPATH\Boot.php(67): CodeIgniter\Boot::runCodeIgniter(Object(CodeIgniter\CodeIgniter))
 9 FCPATH\index.php(56): CodeIgniter\Boot::bootWeb(Object(Config\Paths))
10 SYSTEMPATH\rewrite.php(44): require_once('C:\\Users\\Warvin B Mogate\\DigitalSportsHub\\public\\index.php')
WARNING - 2025-04-08 03:49:36 --> [DEPRECATED] addslashes(): Passing null to parameter #1 ($string) of type string is deprecated in APPPATH\Controllers\Download.php on line 49.
 1 APPPATH\Controllers\Download.php(49): addslashes(null)
 2 [internal function]: App\Controllers\Download->App\Controllers\{closure}(null)
 3 APPPATH\Controllers\Download.php(48): array_map(Object(Closure), [...])
 4 SYSTEMPATH\CodeIgniter.php(933): App\Controllers\Download->downloadFile()
 5 SYSTEMPATH\CodeIgniter.php(507): CodeIgniter\CodeIgniter->runController(Object(App\Controllers\Download))
 6 SYSTEMPATH\CodeIgniter.php(354): CodeIgniter\CodeIgniter->handleRequest(null, Object(Config\Cache), false)
 7 SYSTEMPATH\Boot.php(334): CodeIgniter\CodeIgniter->run()
 8 SYSTEMPATH\Boot.php(67): CodeIgniter\Boot::runCodeIgniter(Object(CodeIgniter\CodeIgniter))
 9 FCPATH\index.php(56): CodeIgniter\Boot::bootWeb(Object(Config\Paths))
10 SYSTEMPATH\rewrite.php(44): require_once('C:\\Users\\Warvin B Mogate\\DigitalSportsHub\\public\\index.php')
WARNING - 2025-04-08 03:49:36 --> [DEPRECATED] addslashes(): Passing null to parameter #1 ($string) of type string is deprecated in APPPATH\Controllers\Download.php on line 49.
 1 APPPATH\Controllers\Download.php(49): addslashes(null)
 2 [internal function]: App\Controllers\Download->App\Controllers\{closure}(null)
 3 APPPATH\Controllers\Download.php(48): array_map(Object(Closure), [...])
 4 SYSTEMPATH\CodeIgniter.php(933): App\Controllers\Download->downloadFile()
 5 SYSTEMPATH\CodeIgniter.php(507): CodeIgniter\CodeIgniter->runController(Object(App\Controllers\Download))
 6 SYSTEMPATH\CodeIgniter.php(354): CodeIgniter\CodeIgniter->handleRequest(null, Object(Config\Cache), false)
 7 SYSTEMPATH\Boot.php(334): CodeIgniter\CodeIgniter->run()
 8 SYSTEMPATH\Boot.php(67): CodeIgniter\Boot::runCodeIgniter(Object(CodeIgniter\CodeIgniter))
 9 FCPATH\index.php(56): CodeIgniter\Boot::bootWeb(Object(Config\Paths))
10 SYSTEMPATH\rewrite.php(44): require_once('C:\\Users\\Warvin B Mogate\\DigitalSportsHub\\public\\index.php')
CRITICAL - 2025-04-08 03:49:36 --> ErrorException: filesize(): stat failed for db_hub20250408034936.sql
[Method: GET, Route: download]
in APPPATH\Controllers\Download.php on line 69.
 1 [internal function]: CodeIgniter\Debug\Exceptions->errorHandler(2, 'filesize(): stat failed for db_hub20250408034936.sql', 'C:\\Users\\Warvin B Mogate\\DigitalSportsHub\\app\\Controllers\\Download.php', 69)
 2 APPPATH\Controllers\Download.php(69): filesize('db_hub20250408034936.sql')
 3 APPPATH\Controllers\Download.php(61): App\Controllers\Download->downloadBackup('db_hub20250408034936.sql')
 4 SYSTEMPATH\CodeIgniter.php(933): App\Controllers\Download->downloadFile()
 5 SYSTEMPATH\CodeIgniter.php(507): CodeIgniter\CodeIgniter->runController(Object(App\Controllers\Download))
 6 SYSTEMPATH\CodeIgniter.php(354): CodeIgniter\CodeIgniter->handleRequest(null, Object(Config\Cache), false)
 7 SYSTEMPATH\Boot.php(334): CodeIgniter\CodeIgniter->run()
 8 SYSTEMPATH\Boot.php(67): CodeIgniter\Boot::runCodeIgniter(Object(CodeIgniter\CodeIgniter))
 9 FCPATH\index.php(56): CodeIgniter\Boot::bootWeb(Object(Config\Paths))
10 SYSTEMPATH\rewrite.php(44): require_once('C:\\Users\\Warvin B Mogate\\DigitalSportsHub\\public\\index.php')
DEBUG - 2025-04-08 03:51:40 --> Session: Class initialized using 'CodeIgniter\Session\Handlers\FileHandler' driver.
WARNING - 2025-04-08 03:51:42 --> [DEPRECATED] addslashes(): Passing null to parameter #1 ($string) of type string is deprecated in APPPATH\Controllers\Download.php on line 49.
 1 APPPATH\Controllers\Download.php(49): addslashes(null)
 2 [internal function]: App\Controllers\Download->App\Controllers\{closure}(null)
 3 APPPATH\Controllers\Download.php(48): array_map(Object(Closure), [...])
 4 SYSTEMPATH\CodeIgniter.php(933): App\Controllers\Download->downloadFile()
 5 SYSTEMPATH\CodeIgniter.php(507): CodeIgniter\CodeIgniter->runController(Object(App\Controllers\Download))
 6 SYSTEMPATH\CodeIgniter.php(354): CodeIgniter\CodeIgniter->handleRequest(null, Object(Config\Cache), false)
 7 SYSTEMPATH\Boot.php(334): CodeIgniter\CodeIgniter->run()
 8 SYSTEMPATH\Boot.php(67): CodeIgniter\Boot::runCodeIgniter(Object(CodeIgniter\CodeIgniter))
 9 FCPATH\index.php(56): CodeIgniter\Boot::bootWeb(Object(Config\Paths))
10 SYSTEMPATH\rewrite.php(44): require_once('C:\\Users\\Warvin B Mogate\\DigitalSportsHub\\public\\index.php')
WARNING - 2025-04-08 03:51:42 --> [DEPRECATED] addslashes(): Passing null to parameter #1 ($string) of type string is deprecated in APPPATH\Controllers\Download.php on line 49.
 1 APPPATH\Controllers\Download.php(49): addslashes(null)
 2 [internal function]: App\Controllers\Download->App\Controllers\{closure}(null)
 3 APPPATH\Controllers\Download.php(48): array_map(Object(Closure), [...])
 4 SYSTEMPATH\CodeIgniter.php(933): App\Controllers\Download->downloadFile()
 5 SYSTEMPATH\CodeIgniter.php(507): CodeIgniter\CodeIgniter->runController(Object(App\Controllers\Download))
 6 SYSTEMPATH\CodeIgniter.php(354): CodeIgniter\CodeIgniter->handleRequest(null, Object(Config\Cache), false)
 7 SYSTEMPATH\Boot.php(334): CodeIgniter\CodeIgniter->run()
 8 SYSTEMPATH\Boot.php(67): CodeIgniter\Boot::runCodeIgniter(Object(CodeIgniter\CodeIgniter))
 9 FCPATH\index.php(56): CodeIgniter\Boot::bootWeb(Object(Config\Paths))
10 SYSTEMPATH\rewrite.php(44): require_once('C:\\Users\\Warvin B Mogate\\DigitalSportsHub\\public\\index.php')
WARNING - 2025-04-08 03:51:42 --> [DEPRECATED] addslashes(): Passing null to parameter #1 ($string) of type string is deprecated in APPPATH\Controllers\Download.php on line 49.
 1 APPPATH\Controllers\Download.php(49): addslashes(null)
 2 [internal function]: App\Controllers\Download->App\Controllers\{closure}(null)
 3 APPPATH\Controllers\Download.php(48): array_map(Object(Closure), [...])
 4 SYSTEMPATH\CodeIgniter.php(933): App\Controllers\Download->downloadFile()
 5 SYSTEMPATH\CodeIgniter.php(507): CodeIgniter\CodeIgniter->runController(Object(App\Controllers\Download))
 6 SYSTEMPATH\CodeIgniter.php(354): CodeIgniter\CodeIgniter->handleRequest(null, Object(Config\Cache), false)
 7 SYSTEMPATH\Boot.php(334): CodeIgniter\CodeIgniter->run()
 8 SYSTEMPATH\Boot.php(67): CodeIgniter\Boot::runCodeIgniter(Object(CodeIgniter\CodeIgniter))
 9 FCPATH\index.php(56): CodeIgniter\Boot::bootWeb(Object(Config\Paths))
10 SYSTEMPATH\rewrite.php(44): require_once('C:\\Users\\Warvin B Mogate\\DigitalSportsHub\\public\\index.php')
WARNING - 2025-04-08 03:51:42 --> [DEPRECATED] addslashes(): Passing null to parameter #1 ($string) of type string is deprecated in APPPATH\Controllers\Download.php on line 49.
 1 APPPATH\Controllers\Download.php(49): addslashes(null)
 2 [internal function]: App\Controllers\Download->App\Controllers\{closure}(null)
 3 APPPATH\Controllers\Download.php(48): array_map(Object(Closure), [...])
 4 SYSTEMPATH\CodeIgniter.php(933): App\Controllers\Download->downloadFile()
 5 SYSTEMPATH\CodeIgniter.php(507): CodeIgniter\CodeIgniter->runController(Object(App\Controllers\Download))
 6 SYSTEMPATH\CodeIgniter.php(354): CodeIgniter\CodeIgniter->handleRequest(null, Object(Config\Cache), false)
 7 SYSTEMPATH\Boot.php(334): CodeIgniter\CodeIgniter->run()
 8 SYSTEMPATH\Boot.php(67): CodeIgniter\Boot::runCodeIgniter(Object(CodeIgniter\CodeIgniter))
 9 FCPATH\index.php(56): CodeIgniter\Boot::bootWeb(Object(Config\Paths))
10 SYSTEMPATH\rewrite.php(44): require_once('C:\\Users\\Warvin B Mogate\\DigitalSportsHub\\public\\index.php')
CRITICAL - 2025-04-08 03:53:20 --> mysqli_sql_exception: Access denied for user 'root'@'localhost' (using password: YES)
[Method: POST, Route: restore]
in APPPATH\Controllers\Restore.php on line 21.
 1 APPPATH\Controllers\Restore.php(21): mysqli_connect('localhost', 'root', Object(SensitiveParameterValue), 'test')
 2 APPPATH\Controllers\Restore.php(65): App\Controllers\restore('localhost', 'root', '1234', 'test', 'Upload/db_hub20250408035142.sql')
 3 SYSTEMPATH\CodeIgniter.php(933): App\Controllers\Restore->restoreFile()
 4 SYSTEMPATH\CodeIgniter.php(507): CodeIgniter\CodeIgniter->runController(Object(App\Controllers\Restore))
 5 SYSTEMPATH\CodeIgniter.php(354): CodeIgniter\CodeIgniter->handleRequest(null, Object(Config\Cache), false)
 6 SYSTEMPATH\Boot.php(334): CodeIgniter\CodeIgniter->run()
 7 SYSTEMPATH\Boot.php(67): CodeIgniter\Boot::runCodeIgniter(Object(CodeIgniter\CodeIgniter))
 8 FCPATH\index.php(56): CodeIgniter\Boot::bootWeb(Object(Config\Paths))
 9 SYSTEMPATH\rewrite.php(44): require_once('C:\\Users\\Warvin B Mogate\\DigitalSportsHub\\public\\index.php')
DEBUG - 2025-04-08 03:53:55 --> Session: Class initialized using 'CodeIgniter\Session\Handlers\FileHandler' driver.
DEBUG - 2025-04-08 03:53:59 --> Session: Class initialized using 'CodeIgniter\Session\Handlers\FileHandler' driver.
